[INFO] | 2024-03-12 12:40:31 AM | analyzer.PossiblyTransferUserDefinedAddress | Analysis started at: 2024-03-12 12:40:31 AM
[INFO] | 2024-03-12 12:40:31 AM | analyzer.PossiblyTransferUserDefinedAddress | Found version: 0.5.17
[INFO] | 2024-03-12 12:40:33 AM | analyzer.PossiblyTransferUserDefinedAddress | Callgraph generation started!
[INFO] | 2024-03-12 12:40:33 AM | analyzer.PossiblyTransferUserDefinedAddress | Callgraph generation finished!
[INFO] | 2024-03-12 12:40:33 AM | analyzer.PossiblyTransferUserDefinedAddress | Interprocedural CFG generation started!
[INFO] | 2024-03-12 12:40:33 AM | analyzer.PossiblyTransferUserDefinedAddress | Interprocedural CFG generation finished!
[INFO] | 2024-03-12 12:40:33 AM | analyzer.PossiblyTransferUserDefinedAddress | Storage dependency graph generation started!
[INFO] | 2024-03-12 12:40:33 AM | analyzer.PossiblyTransferUserDefinedAddress | Storage dependency graph generation finished!
[INFO] | 2024-03-12 12:40:33 AM | analyzer.PossiblyTransferUserDefinedAddress | Value Range Analysis started
[INFO] | 2024-03-12 12:40:33 AM | analyzer.PossiblyTransferUserDefinedAddress | Generating return summary for registerIntermediary
[INFO] | 2024-03-12 12:40:33 AM | analyzer.PossiblyTransferUserDefinedAddress | Return summary generated for registerIntermediary
[INFO] | 2024-03-12 12:40:33 AM | analyzer.PossiblyTransferUserDefinedAddress | State variable assignement do not exist
[INFO] | 2024-03-12 12:40:33 AM | analyzer.PossiblyTransferUserDefinedAddress | Processed function registerIntermediary
[INFO] | 2024-03-12 12:40:33 AM | analyzer.PossiblyTransferUserDefinedAddress | Generating return summary for constructor
[INFO] | 2024-03-12 12:40:33 AM | analyzer.PossiblyTransferUserDefinedAddress | Return summary generated for constructor
[INFO] | 2024-03-12 12:40:33 AM | analyzer.PossiblyTransferUserDefinedAddress | Range graph generated
[INFO] | 2024-03-12 12:40:33 AM | analyzer.PossiblyTransferUserDefinedAddress | Processed function constructor
[INFO] | 2024-03-12 12:40:33 AM | analyzer.PossiblyTransferUserDefinedAddress | Generating return summary for getBalance
[INFO] | 2024-03-12 12:40:33 AM | analyzer.PossiblyTransferUserDefinedAddress | Return summary generated for getBalance
[INFO] | 2024-03-12 12:40:33 AM | analyzer.PossiblyTransferUserDefinedAddress | State variable assignement do not exist
[INFO] | 2024-03-12 12:40:33 AM | analyzer.PossiblyTransferUserDefinedAddress | Processed function getBalance
[INFO] | 2024-03-12 12:40:33 AM | analyzer.PossiblyTransferUserDefinedAddress | Generating return summary for withdraw
[INFO] | 2024-03-12 12:40:33 AM | analyzer.PossiblyTransferUserDefinedAddress | Return summary generated for withdraw
[INFO] | 2024-03-12 12:40:33 AM | analyzer.PossiblyTransferUserDefinedAddress | Range graph generated
[INFO] | 2024-03-12 12:40:33 AM | analyzer.PossiblyTransferUserDefinedAddress | Processed function withdraw
[INFO] | 2024-03-12 12:40:33 AM | analyzer.PossiblyTransferUserDefinedAddress | Generating return summary for deposit
[INFO] | 2024-03-12 12:40:33 AM | analyzer.PossiblyTransferUserDefinedAddress | Return summary generated for deposit
[INFO] | 2024-03-12 12:40:33 AM | analyzer.PossiblyTransferUserDefinedAddress | Range graph generated
[INFO] | 2024-03-12 12:40:33 AM | analyzer.PossiblyTransferUserDefinedAddress | Processed function deposit
[INFO] | 2024-03-12 12:40:33 AM | analyzer.PossiblyTransferUserDefinedAddress | Value Range Analysis took 0.003581 seconds
[INFO] | 2024-03-12 12:40:33 AM | analyzer.PossiblyTransferUserDefinedAddress | Value Range Analysis finished
[INFO] | 2024-03-12 12:40:33 AM | analyzer.PossiblyTransferUserDefinedAddress | Storage dependency graph composition started!
[INFO] | 2024-03-12 12:40:33 AM | analyzer.PossiblyTransferUserDefinedAddress | Storage dependency graph composition finished!
[INFO] | 2024-03-12 12:40:33 AM | analyzer.PossiblyTransferUserDefinedAddress | Dependency detection started!
[INFO] | 2024-03-12 12:40:33 AM | analyzer.PossiblyTransferUserDefinedAddress | DAO dependency possibly detected in file PossiblyTransferUserDefinedAddress.sol in contract Bank in by composing functions withdraw and withdraw
[INFO] | 2024-03-12 12:40:33 AM | analyzer.PossiblyTransferUserDefinedAddress | Dependency detection finished!
[INFO] | 2024-03-12 12:40:33 AM | analyzer.PossiblyTransferUserDefinedAddress | Static Analysis took 2.005625 seconds
[INFO] | 2024-03-12 12:40:33 AM | analyzer.PossiblyTransferUserDefinedAddress | Dependency exists
[INFO] | 2024-03-12 12:40:33 AM | analyzer.PossiblyTransferUserDefinedAddress | Invoking symbolic executor!
[INFO] | 2024-03-12 12:40:34 AM | analyzer.PossiblyTransferUserDefinedAddress | DAO dependency detected by composing functions withdraw and withdraw
[INFO] | 2024-03-12 12:40:34 AM | analyzer.PossiblyTransferUserDefinedAddress | Symbolic execution took 1.033592 seconds
[INFO] | 2024-03-12 12:40:34 AM | analyzer.PossiblyTransferUserDefinedAddress | Symbolic execution finished!
[INFO] | 2024-03-12 12:40:34 AM | analyzer.PossiblyTransferUserDefinedAddress | Analysis finished!
[INFO] | 2024-03-12 12:40:34 AM | analyzer.PossiblyTransferUserDefinedAddress | Analysis took 3.039835 seconds
[INFO] | 2024-03-12 12:40:34 AM | analyzer.PossiblyTransferUserDefinedAddress | Analysis finished at: 2024-03-12 12:40:34 AM
[36m[#] Analysing started: PossiblyTransferUserDefinedAddress.sol[0m
[36m[#] Interprocedural CFG generation started for registerIntermediary[0m
[36m[#] Interprocedural CFG generated for registerIntermediary[0m
[36m[#] Interprocedural CFG generation started for constructor[0m
[36m[#] Interprocedural CFG generated for constructor[0m
[36m[#] Interprocedural CFG generation started for getBalance[0m
[36m[#] Interprocedural CFG generated for getBalance[0m
[36m[#] Interprocedural CFG generation started for withdraw[0m
[36m[#] Interprocedural CFG generated for withdraw[0m
[36m[#] Interprocedural CFG generation started for deposit[0m
[36m[#] Interprocedural CFG generated for deposit[0m
[36m[#] SDG generation started for registerIntermediary[0m
[36m[#] SDG generated for registerIntermediary[0m
[36m[#] SDG generation started for constructor[0m
[36m[#] SDG generated for constructor[0m
[36m[#] SDG generation started for getBalance[0m
[36m[#] SDG generated for getBalance[0m
[36m[#] SDG generation started for withdraw[0m
[36m[#] SDG generated for withdraw[0m
[36m[#] SDG generation started for deposit[0m
[36m[#] SDG generated for deposit[0m
[36m[#] Analysis took 3.039835 seconds[0m
[36m[#] Analysis completed: PossiblyTransferUserDefinedAddress.sol [0m
