[INFO] | 2024-02-20 10:54:13 AM | analyzer.ReentrantVulnerableNoEtherLossFixedAddress | Analysis started at: 2024-02-20 10:54:13 AM
[INFO] | 2024-02-20 10:54:13 AM | analyzer.ReentrantVulnerableNoEtherLossFixedAddress | Found version: 0.4.26
[INFO] | 2024-02-20 10:54:15 AM | analyzer.ReentrantVulnerableNoEtherLossFixedAddress | Callgraph generation started!
[INFO] | 2024-02-20 10:54:15 AM | analyzer.ReentrantVulnerableNoEtherLossFixedAddress | Callgraph generation finished!
[INFO] | 2024-02-20 10:54:15 AM | analyzer.ReentrantVulnerableNoEtherLossFixedAddress | Interprocedural CFG generation started!
[INFO] | 2024-02-20 10:54:15 AM | analyzer.ReentrantVulnerableNoEtherLossFixedAddress | Interprocedural CFG generation finished!
[INFO] | 2024-02-20 10:54:15 AM | analyzer.ReentrantVulnerableNoEtherLossFixedAddress | Storage dependency graph generation started!
[INFO] | 2024-02-20 10:54:15 AM | analyzer.ReentrantVulnerableNoEtherLossFixedAddress | Storage dependency graph generation finished!
[INFO] | 2024-02-20 10:54:15 AM | analyzer.ReentrantVulnerableNoEtherLossFixedAddress | Value Range Analysis started
[INFO] | 2024-02-20 10:54:15 AM | analyzer.ReentrantVulnerableNoEtherLossFixedAddress | Generating return summary for Reentrancy
[INFO] | 2024-02-20 10:54:15 AM | analyzer.ReentrantVulnerableNoEtherLossFixedAddress | Return summary generated for Reentrancy
[INFO] | 2024-02-20 10:54:15 AM | analyzer.ReentrantVulnerableNoEtherLossFixedAddress | State variable assignement do not exist
[INFO] | 2024-02-20 10:54:15 AM | analyzer.ReentrantVulnerableNoEtherLossFixedAddress | Processed function Reentrancy
[INFO] | 2024-02-20 10:54:15 AM | analyzer.ReentrantVulnerableNoEtherLossFixedAddress | Generating return summary for withdrawAll
[INFO] | 2024-02-20 10:54:15 AM | analyzer.ReentrantVulnerableNoEtherLossFixedAddress | Return summary generated for withdrawAll
[INFO] | 2024-02-20 10:54:15 AM | analyzer.ReentrantVulnerableNoEtherLossFixedAddress | Range graph generated
[INFO] | 2024-02-20 10:54:15 AM | analyzer.ReentrantVulnerableNoEtherLossFixedAddress | Processed function withdrawAll
[INFO] | 2024-02-20 10:54:15 AM | analyzer.ReentrantVulnerableNoEtherLossFixedAddress | Generating return summary for transfer
[INFO] | 2024-02-20 10:54:15 AM | analyzer.ReentrantVulnerableNoEtherLossFixedAddress | Return summary generated for transfer
[INFO] | 2024-02-20 10:54:15 AM | analyzer.ReentrantVulnerableNoEtherLossFixedAddress | Range graph generated
[INFO] | 2024-02-20 10:54:15 AM | analyzer.ReentrantVulnerableNoEtherLossFixedAddress | Processed function transfer
[INFO] | 2024-02-20 10:54:15 AM | analyzer.ReentrantVulnerableNoEtherLossFixedAddress | Generating return summary for slitherConstructorVariables
[INFO] | 2024-02-20 10:54:15 AM | analyzer.ReentrantVulnerableNoEtherLossFixedAddress | Return summary generated for slitherConstructorVariables
[INFO] | 2024-02-20 10:54:15 AM | analyzer.ReentrantVulnerableNoEtherLossFixedAddress | Range graph generated
[INFO] | 2024-02-20 10:54:15 AM | analyzer.ReentrantVulnerableNoEtherLossFixedAddress | Processed function slitherConstructorVariables
[INFO] | 2024-02-20 10:54:15 AM | analyzer.ReentrantVulnerableNoEtherLossFixedAddress | Value Range Analysis took 0.003323 seconds
[INFO] | 2024-02-20 10:54:15 AM | analyzer.ReentrantVulnerableNoEtherLossFixedAddress | Value Range Analysis finished
[INFO] | 2024-02-20 10:54:15 AM | analyzer.ReentrantVulnerableNoEtherLossFixedAddress | Storage dependency graph composition started!
[INFO] | 2024-02-20 10:54:15 AM | analyzer.ReentrantVulnerableNoEtherLossFixedAddress | Storage dependency graph composition finished!
[INFO] | 2024-02-20 10:54:15 AM | analyzer.ReentrantVulnerableNoEtherLossFixedAddress | Dependency detection started!
[INFO] | 2024-02-20 10:54:15 AM | analyzer.ReentrantVulnerableNoEtherLossFixedAddress | Dependency detection finished!
[INFO] | 2024-02-20 10:54:15 AM | analyzer.ReentrantVulnerableNoEtherLossFixedAddress | Static Analysis took 1.838021 seconds
[INFO] | 2024-02-20 10:54:15 AM | analyzer.ReentrantVulnerableNoEtherLossFixedAddress | Dependency does not exist
[INFO] | 2024-02-20 10:54:15 AM | analyzer.ReentrantVulnerableNoEtherLossFixedAddress | Symbolic execution is not needed!
[INFO] | 2024-02-20 10:54:15 AM | analyzer.ReentrantVulnerableNoEtherLossFixedAddress | Analysis finished!
[INFO] | 2024-02-20 10:54:15 AM | analyzer.ReentrantVulnerableNoEtherLossFixedAddress | Analysis took 1.838360 seconds
[INFO] | 2024-02-20 10:54:15 AM | analyzer.ReentrantVulnerableNoEtherLossFixedAddress | Analysis finished at: 2024-02-20 10:54:15 AM
[36m[#] Analysing started: ReentrantVulnerableNoEtherLossFixedAddress.sol[0m
[36m[#] Interprocedural CFG generation started for Reentrancy[0m
[36m[#] Interprocedural CFG generated for Reentrancy[0m
[36m[#] Interprocedural CFG generation started for withdrawAll[0m
[36m[#] Interprocedural CFG generated for withdrawAll[0m
[36m[#] Interprocedural CFG generation started for transfer[0m
[36m[#] Interprocedural CFG generated for transfer[0m
[36m[#] SDG generation started for Reentrancy[0m
[36m[#] SDG generated for Reentrancy[0m
[36m[#] SDG generation started for withdrawAll[0m
[36m[#] SDG generated for withdrawAll[0m
[36m[#] SDG generation started for transfer[0m
[36m[#] SDG generated for transfer[0m
[36m[#] Analysis took 1.838360 seconds[0m
[36m[#] Analysis completed: ReentrantVulnerableNoEtherLossFixedAddress.sol [0m
