[INFO] | 2024-02-20 10:47:11 AM | analyzer.ReentrantVulnerableEtherLossUserFixedAddress | Analysis started at: 2024-02-20 10:47:11 AM
[INFO] | 2024-02-20 10:47:11 AM | analyzer.ReentrantVulnerableEtherLossUserFixedAddress | Found version: 0.4.26
[INFO] | 2024-02-20 10:47:13 AM | analyzer.ReentrantVulnerableEtherLossUserFixedAddress | Callgraph generation started!
[INFO] | 2024-02-20 10:47:13 AM | analyzer.ReentrantVulnerableEtherLossUserFixedAddress | Callgraph generation finished!
[INFO] | 2024-02-20 10:47:13 AM | analyzer.ReentrantVulnerableEtherLossUserFixedAddress | Interprocedural CFG generation started!
[INFO] | 2024-02-20 10:47:13 AM | analyzer.ReentrantVulnerableEtherLossUserFixedAddress | Interprocedural CFG generation finished!
[INFO] | 2024-02-20 10:47:13 AM | analyzer.ReentrantVulnerableEtherLossUserFixedAddress | Storage dependency graph generation started!
[INFO] | 2024-02-20 10:47:13 AM | analyzer.ReentrantVulnerableEtherLossUserFixedAddress | Storage dependency graph generation finished!
[INFO] | 2024-02-20 10:47:13 AM | analyzer.ReentrantVulnerableEtherLossUserFixedAddress | Value Range Analysis started
[INFO] | 2024-02-20 10:47:13 AM | analyzer.ReentrantVulnerableEtherLossUserFixedAddress | Generating return summary for registerIntermediary
[INFO] | 2024-02-20 10:47:13 AM | analyzer.ReentrantVulnerableEtherLossUserFixedAddress | Return summary generated for registerIntermediary
[INFO] | 2024-02-20 10:47:13 AM | analyzer.ReentrantVulnerableEtherLossUserFixedAddress | State variable assignement do not exist
[INFO] | 2024-02-20 10:47:13 AM | analyzer.ReentrantVulnerableEtherLossUserFixedAddress | Processed function registerIntermediary
[INFO] | 2024-02-20 10:47:13 AM | analyzer.ReentrantVulnerableEtherLossUserFixedAddress | Generating return summary for withdraw
[INFO] | 2024-02-20 10:47:13 AM | analyzer.ReentrantVulnerableEtherLossUserFixedAddress | Return summary generated for withdraw
[INFO] | 2024-02-20 10:47:13 AM | analyzer.ReentrantVulnerableEtherLossUserFixedAddress | State variable assignement do not exist
[INFO] | 2024-02-20 10:47:13 AM | analyzer.ReentrantVulnerableEtherLossUserFixedAddress | Processed function withdraw
[INFO] | 2024-02-20 10:47:13 AM | analyzer.ReentrantVulnerableEtherLossUserFixedAddress | Generating return summary for fallback
[INFO] | 2024-02-20 10:47:13 AM | analyzer.ReentrantVulnerableEtherLossUserFixedAddress | Return summary generated for fallback
[INFO] | 2024-02-20 10:47:13 AM | analyzer.ReentrantVulnerableEtherLossUserFixedAddress | State variable assignement do not exist
[INFO] | 2024-02-20 10:47:13 AM | analyzer.ReentrantVulnerableEtherLossUserFixedAddress | Processed function fallback
[INFO] | 2024-02-20 10:47:13 AM | analyzer.ReentrantVulnerableEtherLossUserFixedAddress | Generating return summary for slitherConstructorVariables
[INFO] | 2024-02-20 10:47:13 AM | analyzer.ReentrantVulnerableEtherLossUserFixedAddress | Return summary generated for slitherConstructorVariables
[INFO] | 2024-02-20 10:47:13 AM | analyzer.ReentrantVulnerableEtherLossUserFixedAddress | Range graph generated
[INFO] | 2024-02-20 10:47:13 AM | analyzer.ReentrantVulnerableEtherLossUserFixedAddress | Processed function slitherConstructorVariables
[INFO] | 2024-02-20 10:47:13 AM | analyzer.ReentrantVulnerableEtherLossUserFixedAddress | Generating return summary for getBalance
[INFO] | 2024-02-20 10:47:13 AM | analyzer.ReentrantVulnerableEtherLossUserFixedAddress | Return summary generated for getBalance
[INFO] | 2024-02-20 10:47:13 AM | analyzer.ReentrantVulnerableEtherLossUserFixedAddress | State variable assignement do not exist
[INFO] | 2024-02-20 10:47:13 AM | analyzer.ReentrantVulnerableEtherLossUserFixedAddress | Processed function getBalance
[INFO] | 2024-02-20 10:47:13 AM | analyzer.ReentrantVulnerableEtherLossUserFixedAddress | Generating return summary for withdraw
[INFO] | 2024-02-20 10:47:13 AM | analyzer.ReentrantVulnerableEtherLossUserFixedAddress | Return summary generated for withdraw
[INFO] | 2024-02-20 10:47:13 AM | analyzer.ReentrantVulnerableEtherLossUserFixedAddress | Range graph generated
[INFO] | 2024-02-20 10:47:13 AM | analyzer.ReentrantVulnerableEtherLossUserFixedAddress | Processed function withdraw
[INFO] | 2024-02-20 10:47:13 AM | analyzer.ReentrantVulnerableEtherLossUserFixedAddress | Generating return summary for deposit
[INFO] | 2024-02-20 10:47:13 AM | analyzer.ReentrantVulnerableEtherLossUserFixedAddress | Return summary generated for deposit
[INFO] | 2024-02-20 10:47:13 AM | analyzer.ReentrantVulnerableEtherLossUserFixedAddress | Range graph generated
[INFO] | 2024-02-20 10:47:13 AM | analyzer.ReentrantVulnerableEtherLossUserFixedAddress | Processed function deposit
[INFO] | 2024-02-20 10:47:13 AM | analyzer.ReentrantVulnerableEtherLossUserFixedAddress | Generating return summary for constructor
[INFO] | 2024-02-20 10:47:13 AM | analyzer.ReentrantVulnerableEtherLossUserFixedAddress | Return summary generated for constructor
[INFO] | 2024-02-20 10:47:13 AM | analyzer.ReentrantVulnerableEtherLossUserFixedAddress | Range graph generated
[INFO] | 2024-02-20 10:47:13 AM | analyzer.ReentrantVulnerableEtherLossUserFixedAddress | Processed function constructor
[INFO] | 2024-02-20 10:47:13 AM | analyzer.ReentrantVulnerableEtherLossUserFixedAddress | Value Range Analysis took 0.003703 seconds
[INFO] | 2024-02-20 10:47:13 AM | analyzer.ReentrantVulnerableEtherLossUserFixedAddress | Value Range Analysis finished
[INFO] | 2024-02-20 10:47:13 AM | analyzer.ReentrantVulnerableEtherLossUserFixedAddress | Storage dependency graph composition started!
[INFO] | 2024-02-20 10:47:13 AM | analyzer.ReentrantVulnerableEtherLossUserFixedAddress | Storage dependency graph composition finished!
[INFO] | 2024-02-20 10:47:13 AM | analyzer.ReentrantVulnerableEtherLossUserFixedAddress | Dependency detection started!
[INFO] | 2024-02-20 10:47:13 AM | analyzer.ReentrantVulnerableEtherLossUserFixedAddress | Dependency detection finished!
[INFO] | 2024-02-20 10:47:13 AM | analyzer.ReentrantVulnerableEtherLossUserFixedAddress | Static Analysis took 1.643698 seconds
[INFO] | 2024-02-20 10:47:13 AM | analyzer.ReentrantVulnerableEtherLossUserFixedAddress | Dependency does not exist
[INFO] | 2024-02-20 10:47:13 AM | analyzer.ReentrantVulnerableEtherLossUserFixedAddress | Symbolic execution is not needed!
[INFO] | 2024-02-20 10:47:13 AM | analyzer.ReentrantVulnerableEtherLossUserFixedAddress | Analysis finished!
[INFO] | 2024-02-20 10:47:13 AM | analyzer.ReentrantVulnerableEtherLossUserFixedAddress | Analysis took 1.643971 seconds
[INFO] | 2024-02-20 10:47:13 AM | analyzer.ReentrantVulnerableEtherLossUserFixedAddress | Analysis finished at: 2024-02-20 10:47:13 AM
[36m[#] Analysing started: ReentrantVulnerableEtherLossUserFixedAddress.sol[0m
[36m[#] Interprocedural CFG generation started for registerIntermediary[0m
[36m[#] Interprocedural CFG generated for registerIntermediary[0m
[36m[#] Interprocedural CFG generation started for constructor[0m
[36m[#] Interprocedural CFG generated for constructor[0m
[36m[#] Interprocedural CFG generation started for withdraw[0m
[36m[#] Interprocedural CFG generated for withdraw[0m
[36m[#] Interprocedural CFG generation started for fallback[0m
[36m[#] Interprocedural CFG generated for fallback[0m
[36m[#] Interprocedural CFG generation started for getBalance[0m
[36m[#] Interprocedural CFG generated for getBalance[0m
[36m[#] Interprocedural CFG generation started for withdraw[0m
[36m[#] Interprocedural CFG generated for withdraw[0m
[36m[#] Interprocedural CFG generation started for deposit[0m
[36m[#] Interprocedural CFG generated for deposit[0m
[36m[#] SDG generation started for registerIntermediary[0m
[36m[#] SDG generated for registerIntermediary[0m
[36m[#] SDG generation started for constructor[0m
[36m[#] SDG generated for constructor[0m
[36m[#] SDG generation started for withdraw[0m
[36m[#] SDG generated for withdraw[0m
[36m[#] SDG generation started for fallback[0m
[36m[#] SDG generated for fallback[0m
[36m[#] SDG generation started for getBalance[0m
[36m[#] SDG generated for getBalance[0m
[36m[#] SDG generation started for withdraw[0m
[36m[#] SDG generated for withdraw[0m
[36m[#] SDG generation started for deposit[0m
[36m[#] SDG generated for deposit[0m
[36m[#] Analysis took 1.643971 seconds[0m
[36m[#] Analysis completed: ReentrantVulnerableEtherLossUserFixedAddress.sol [0m
