[INFO] | 2024-02-20 10:54:45 AM | analyzer.ReentrantCodePartsUserDefinedAddress | Analysis started at: 2024-02-20 10:54:45 AM
[INFO] | 2024-02-20 10:54:45 AM | analyzer.ReentrantCodePartsUserDefinedAddress | Found version: 0.5.17
[INFO] | 2024-02-20 10:54:47 AM | analyzer.ReentrantCodePartsUserDefinedAddress | Callgraph generation started!
[INFO] | 2024-02-20 10:54:47 AM | analyzer.ReentrantCodePartsUserDefinedAddress | Callgraph generation finished!
[INFO] | 2024-02-20 10:54:47 AM | analyzer.ReentrantCodePartsUserDefinedAddress | Interprocedural CFG generation started!
[INFO] | 2024-02-20 10:54:47 AM | analyzer.ReentrantCodePartsUserDefinedAddress | Interprocedural CFG generation finished!
[INFO] | 2024-02-20 10:54:47 AM | analyzer.ReentrantCodePartsUserDefinedAddress | Storage dependency graph generation started!
[INFO] | 2024-02-20 10:54:47 AM | analyzer.ReentrantCodePartsUserDefinedAddress | Storage dependency graph generation finished!
[INFO] | 2024-02-20 10:54:47 AM | analyzer.ReentrantCodePartsUserDefinedAddress | Value Range Analysis started
[INFO] | 2024-02-20 10:54:47 AM | analyzer.ReentrantCodePartsUserDefinedAddress | Generating return summary for constructor
[INFO] | 2024-02-20 10:54:47 AM | analyzer.ReentrantCodePartsUserDefinedAddress | Return summary generated for constructor
[INFO] | 2024-02-20 10:54:47 AM | analyzer.ReentrantCodePartsUserDefinedAddress | State variable assignement do not exist
[INFO] | 2024-02-20 10:54:47 AM | analyzer.ReentrantCodePartsUserDefinedAddress | Processed function constructor
[INFO] | 2024-02-20 10:54:47 AM | analyzer.ReentrantCodePartsUserDefinedAddress | Generating return summary for slitherConstructorVariables
[INFO] | 2024-02-20 10:54:47 AM | analyzer.ReentrantCodePartsUserDefinedAddress | Return summary generated for slitherConstructorVariables
[INFO] | 2024-02-20 10:54:47 AM | analyzer.ReentrantCodePartsUserDefinedAddress | Range graph generated
[INFO] | 2024-02-20 10:54:47 AM | analyzer.ReentrantCodePartsUserDefinedAddress | Processed function slitherConstructorVariables
[INFO] | 2024-02-20 10:54:47 AM | analyzer.ReentrantCodePartsUserDefinedAddress | Generating return summary for nonReentrant
[INFO] | 2024-02-20 10:54:47 AM | analyzer.ReentrantCodePartsUserDefinedAddress | Return summary generated for nonReentrant
[INFO] | 2024-02-20 10:54:47 AM | analyzer.ReentrantCodePartsUserDefinedAddress | Range graph generated
[INFO] | 2024-02-20 10:54:47 AM | analyzer.ReentrantCodePartsUserDefinedAddress | Processed function nonReentrant
[INFO] | 2024-02-20 10:54:47 AM | analyzer.ReentrantCodePartsUserDefinedAddress | Generating return summary for withdrawAll
[INFO] | 2024-02-20 10:54:47 AM | analyzer.ReentrantCodePartsUserDefinedAddress | Return summary generated for withdrawAll
[INFO] | 2024-02-20 10:54:47 AM | analyzer.ReentrantCodePartsUserDefinedAddress | Range graph generated
[INFO] | 2024-02-20 10:54:47 AM | analyzer.ReentrantCodePartsUserDefinedAddress | Processed function withdrawAll
[INFO] | 2024-02-20 10:54:47 AM | analyzer.ReentrantCodePartsUserDefinedAddress | Generating return summary for transfer
[INFO] | 2024-02-20 10:54:47 AM | analyzer.ReentrantCodePartsUserDefinedAddress | Return summary generated for transfer
[INFO] | 2024-02-20 10:54:47 AM | analyzer.ReentrantCodePartsUserDefinedAddress | Range graph generated
[INFO] | 2024-02-20 10:54:47 AM | analyzer.ReentrantCodePartsUserDefinedAddress | Processed function transfer
[INFO] | 2024-02-20 10:54:47 AM | analyzer.ReentrantCodePartsUserDefinedAddress | Value Range Analysis took 0.002496 seconds
[INFO] | 2024-02-20 10:54:47 AM | analyzer.ReentrantCodePartsUserDefinedAddress | Value Range Analysis finished
[INFO] | 2024-02-20 10:54:47 AM | analyzer.ReentrantCodePartsUserDefinedAddress | Storage dependency graph composition started!
[INFO] | 2024-02-20 10:54:47 AM | analyzer.ReentrantCodePartsUserDefinedAddress | Storage dependency graph composition finished!
[INFO] | 2024-02-20 10:54:47 AM | analyzer.ReentrantCodePartsUserDefinedAddress | Dependency detection started!
[INFO] | 2024-02-20 10:54:47 AM | analyzer.ReentrantCodePartsUserDefinedAddress | DAO dependency possibly detected in file ReentrantCodePartsUserDefinedAddress.sol in contract Reentrancy in by composing functions withdrawAll and withdrawAll
[INFO] | 2024-02-20 10:54:47 AM | analyzer.ReentrantCodePartsUserDefinedAddress | DAO dependency possibly detected in file ReentrantCodePartsUserDefinedAddress.sol in contract Reentrancy in by composing functions withdrawAll and transfer
[INFO] | 2024-02-20 10:54:47 AM | analyzer.ReentrantCodePartsUserDefinedAddress | Dependency detection finished!
[INFO] | 2024-02-20 10:54:47 AM | analyzer.ReentrantCodePartsUserDefinedAddress | Static Analysis took 2.434533 seconds
[INFO] | 2024-02-20 10:54:47 AM | analyzer.ReentrantCodePartsUserDefinedAddress | Dependency exists
[INFO] | 2024-02-20 10:54:47 AM | analyzer.ReentrantCodePartsUserDefinedAddress | Invoking symbolic executor!
[INFO] | 2024-02-20 10:54:48 AM | analyzer.ReentrantCodePartsUserDefinedAddress | Symbolic execution took 1.208605 seconds
[INFO] | 2024-02-20 10:54:48 AM | analyzer.ReentrantCodePartsUserDefinedAddress | Symbolic execution finished!
[INFO] | 2024-02-20 10:54:48 AM | analyzer.ReentrantCodePartsUserDefinedAddress | Analysis finished!
[INFO] | 2024-02-20 10:54:48 AM | analyzer.ReentrantCodePartsUserDefinedAddress | Analysis took 3.643544 seconds
[INFO] | 2024-02-20 10:54:48 AM | analyzer.ReentrantCodePartsUserDefinedAddress | Analysis finished at: 2024-02-20 10:54:48 AM
[36m[#] Analysing started: ReentrantCodePartsUserDefinedAddress.sol[0m
[36m[#] Interprocedural CFG generation started for modifier nonReentrant[0m
[36m[#] Interprocedural CFG generated for modifer nonReentrant[0m
[36m[#] Interprocedural CFG generation started for constructor[0m
[36m[#] Interprocedural CFG generated for constructor[0m
[36m[#] Interprocedural CFG generation started for withdrawAll[0m
[36m[#] Interprocedural CFG generated for withdrawAll[0m
[36m[#] Interprocedural CFG generation started for transfer[0m
[36m[#] Interprocedural CFG generated for transfer[0m
[36m[#] SDG generation started for constructor[0m
[36m[#] SDG generated for constructor[0m
[36m[#] SDG generation started for withdrawAll[0m
[36m[#] SDG generated for withdrawAll[0m
[36m[#] SDG generation started for transfer[0m
[36m[#] SDG generated for transfer[0m
[36m[#] SDG generation started for modifier nonReentrant[0m
[36m[#] SDG generated for modifier nonReentrant[0m
[36m[#] Analysis took 3.643544 seconds[0m
[36m[#] Analysis completed: ReentrantCodePartsUserDefinedAddress.sol [0m
