[INFO] | 2024-02-20 11:10:16 AM | analyzer.PossiblySendUserDefinedAddress | Analysis started at: 2024-02-20 11:10:16 AM
[INFO] | 2024-02-20 11:10:16 AM | analyzer.PossiblySendUserDefinedAddress | Found version: 0.4.26
[INFO] | 2024-02-20 11:10:18 AM | analyzer.PossiblySendUserDefinedAddress | Callgraph generation started!
[INFO] | 2024-02-20 11:10:18 AM | analyzer.PossiblySendUserDefinedAddress | Callgraph generation finished!
[INFO] | 2024-02-20 11:10:18 AM | analyzer.PossiblySendUserDefinedAddress | Interprocedural CFG generation started!
[INFO] | 2024-02-20 11:10:18 AM | analyzer.PossiblySendUserDefinedAddress | Interprocedural CFG generation finished!
[INFO] | 2024-02-20 11:10:18 AM | analyzer.PossiblySendUserDefinedAddress | Storage dependency graph generation started!
[INFO] | 2024-02-20 11:10:18 AM | analyzer.PossiblySendUserDefinedAddress | Storage dependency graph generation finished!
[INFO] | 2024-02-20 11:10:18 AM | analyzer.PossiblySendUserDefinedAddress | Value Range Analysis started
[INFO] | 2024-02-20 11:10:18 AM | analyzer.PossiblySendUserDefinedAddress | Generating return summary for Reentrancy
[INFO] | 2024-02-20 11:10:18 AM | analyzer.PossiblySendUserDefinedAddress | Return summary generated for Reentrancy
[INFO] | 2024-02-20 11:10:18 AM | analyzer.PossiblySendUserDefinedAddress | State variable assignement do not exist
[INFO] | 2024-02-20 11:10:18 AM | analyzer.PossiblySendUserDefinedAddress | Processed function Reentrancy
[INFO] | 2024-02-20 11:10:18 AM | analyzer.PossiblySendUserDefinedAddress | Generating return summary for withdrawBalance
[INFO] | 2024-02-20 11:10:18 AM | analyzer.PossiblySendUserDefinedAddress | Return summary generated for withdrawBalance
[INFO] | 2024-02-20 11:10:18 AM | analyzer.PossiblySendUserDefinedAddress | Range graph generated
[INFO] | 2024-02-20 11:10:18 AM | analyzer.PossiblySendUserDefinedAddress | Processed function withdrawBalance
[INFO] | 2024-02-20 11:10:18 AM | analyzer.PossiblySendUserDefinedAddress | Value Range Analysis took 0.001249 seconds
[INFO] | 2024-02-20 11:10:18 AM | analyzer.PossiblySendUserDefinedAddress | Value Range Analysis finished
[INFO] | 2024-02-20 11:10:18 AM | analyzer.PossiblySendUserDefinedAddress | Storage dependency graph composition started!
[INFO] | 2024-02-20 11:10:18 AM | analyzer.PossiblySendUserDefinedAddress | Storage dependency graph composition finished!
[INFO] | 2024-02-20 11:10:18 AM | analyzer.PossiblySendUserDefinedAddress | Dependency detection started!
[INFO] | 2024-02-20 11:10:18 AM | analyzer.PossiblySendUserDefinedAddress | Dependency detection finished!
[INFO] | 2024-02-20 11:10:18 AM | analyzer.PossiblySendUserDefinedAddress | Static Analysis took 1.462233 seconds
[INFO] | 2024-02-20 11:10:18 AM | analyzer.PossiblySendUserDefinedAddress | Dependency does not exist
[INFO] | 2024-02-20 11:10:18 AM | analyzer.PossiblySendUserDefinedAddress | Symbolic execution is not needed!
[INFO] | 2024-02-20 11:10:18 AM | analyzer.PossiblySendUserDefinedAddress | Analysis finished!
[INFO] | 2024-02-20 11:10:18 AM | analyzer.PossiblySendUserDefinedAddress | Analysis took 1.462520 seconds
[INFO] | 2024-02-20 11:10:18 AM | analyzer.PossiblySendUserDefinedAddress | Analysis finished at: 2024-02-20 11:10:18 AM
[36m[#] Analysing started: PossiblySendUserDefinedAddress.sol[0m
[36m[#] Interprocedural CFG generation started for Reentrancy[0m
[36m[#] Interprocedural CFG generated for Reentrancy[0m
[36m[#] Interprocedural CFG generation started for withdrawBalance[0m
[36m[#] Interprocedural CFG generated for withdrawBalance[0m
[36m[#] SDG generation started for Reentrancy[0m
[36m[#] SDG generated for Reentrancy[0m
[36m[#] SDG generation started for withdrawBalance[0m
[36m[#] SDG generated for withdrawBalance[0m
[36m[#] Analysis took 1.462520 seconds[0m
[36m[#] Analysis completed: PossiblySendUserDefinedAddress.sol [0m
