[INFO] | 2024-02-20 11:05:04 AM | analyzer.PossiblySendFixedAddress | Analysis started at: 2024-02-20 11:05:04 AM
[INFO] | 2024-02-20 11:05:04 AM | analyzer.PossiblySendFixedAddress | Found version: 0.6.12
[INFO] | 2024-02-20 11:05:06 AM | analyzer.PossiblySendFixedAddress | Callgraph generation started!
[INFO] | 2024-02-20 11:05:06 AM | analyzer.PossiblySendFixedAddress | Callgraph generation finished!
[INFO] | 2024-02-20 11:05:06 AM | analyzer.PossiblySendFixedAddress | Interprocedural CFG generation started!
[INFO] | 2024-02-20 11:05:06 AM | analyzer.PossiblySendFixedAddress | Interprocedural CFG generation finished!
[INFO] | 2024-02-20 11:05:06 AM | analyzer.PossiblySendFixedAddress | Storage dependency graph generation started!
[WARNING] | 2024-02-20 11:05:06 AM | analyzer.PossiblySendFixedAddress | Issues with getting the high level call destination address
[INFO] | 2024-02-20 11:05:06 AM | analyzer.PossiblySendFixedAddress | Storage dependency graph generation finished!
[INFO] | 2024-02-20 11:05:06 AM | analyzer.PossiblySendFixedAddress | Value Range Analysis started
[INFO] | 2024-02-20 11:05:06 AM | analyzer.PossiblySendFixedAddress | Generating return summary for send
[INFO] | 2024-02-20 11:05:06 AM | analyzer.PossiblySendFixedAddress | Return summary generated for send
[INFO] | 2024-02-20 11:05:06 AM | analyzer.PossiblySendFixedAddress | State variable assignement do not exist
[INFO] | 2024-02-20 11:05:06 AM | analyzer.PossiblySendFixedAddress | Processed function send
[INFO] | 2024-02-20 11:05:06 AM | analyzer.PossiblySendFixedAddress | Generating return summary for constructor
[INFO] | 2024-02-20 11:05:06 AM | analyzer.PossiblySendFixedAddress | Return summary generated for constructor
[INFO] | 2024-02-20 11:05:06 AM | analyzer.PossiblySendFixedAddress | Range graph generated
[INFO] | 2024-02-20 11:05:06 AM | analyzer.PossiblySendFixedAddress | Processed function constructor
[INFO] | 2024-02-20 11:05:06 AM | analyzer.PossiblySendFixedAddress | Generating return summary for getBalance
[INFO] | 2024-02-20 11:05:06 AM | analyzer.PossiblySendFixedAddress | Return summary generated for getBalance
[INFO] | 2024-02-20 11:05:06 AM | analyzer.PossiblySendFixedAddress | State variable assignement do not exist
[INFO] | 2024-02-20 11:05:06 AM | analyzer.PossiblySendFixedAddress | Processed function getBalance
[INFO] | 2024-02-20 11:05:06 AM | analyzer.PossiblySendFixedAddress | Generating return summary for donate
[INFO] | 2024-02-20 11:05:06 AM | analyzer.PossiblySendFixedAddress | Return summary generated for donate
[INFO] | 2024-02-20 11:05:06 AM | analyzer.PossiblySendFixedAddress | Range graph generated
[INFO] | 2024-02-20 11:05:06 AM | analyzer.PossiblySendFixedAddress | Processed function donate
[INFO] | 2024-02-20 11:05:06 AM | analyzer.PossiblySendFixedAddress | Generating return summary for _libsend
[INFO] | 2024-02-20 11:05:06 AM | analyzer.PossiblySendFixedAddress | Return summary generated for _libsend
[INFO] | 2024-02-20 11:05:06 AM | analyzer.PossiblySendFixedAddress | State variable assignement do not exist
[INFO] | 2024-02-20 11:05:06 AM | analyzer.PossiblySendFixedAddress | Processed function _libsend
[INFO] | 2024-02-20 11:05:06 AM | analyzer.PossiblySendFixedAddress | Generating return summary for slitherConstructorVariables
[INFO] | 2024-02-20 11:05:06 AM | analyzer.PossiblySendFixedAddress | Return summary generated for slitherConstructorVariables
[INFO] | 2024-02-20 11:05:06 AM | analyzer.PossiblySendFixedAddress | Range graph generated
[INFO] | 2024-02-20 11:05:06 AM | analyzer.PossiblySendFixedAddress | Processed function slitherConstructorVariables
[INFO] | 2024-02-20 11:05:06 AM | analyzer.PossiblySendFixedAddress | Generating return summary for withdraw
[INFO] | 2024-02-20 11:05:06 AM | analyzer.PossiblySendFixedAddress | Return summary generated for withdraw
[INFO] | 2024-02-20 11:05:06 AM | analyzer.PossiblySendFixedAddress | Range graph generated
[INFO] | 2024-02-20 11:05:06 AM | analyzer.PossiblySendFixedAddress | Processed function withdraw
[INFO] | 2024-02-20 11:05:06 AM | analyzer.PossiblySendFixedAddress | Value Range Analysis took 0.003931 seconds
[INFO] | 2024-02-20 11:05:06 AM | analyzer.PossiblySendFixedAddress | Value Range Analysis finished
[INFO] | 2024-02-20 11:05:06 AM | analyzer.PossiblySendFixedAddress | Storage dependency graph composition started!
[INFO] | 2024-02-20 11:05:06 AM | analyzer.PossiblySendFixedAddress | Storage dependency graph composition finished!
[INFO] | 2024-02-20 11:05:06 AM | analyzer.PossiblySendFixedAddress | Dependency detection started!
[INFO] | 2024-02-20 11:05:06 AM | analyzer.PossiblySendFixedAddress | DAO dependency possibly detected in file PossiblySendFixedAddress.sol in contract Bank in by composing functions withdraw and withdraw
[INFO] | 2024-02-20 11:05:06 AM | analyzer.PossiblySendFixedAddress | Dependency detection finished!
[INFO] | 2024-02-20 11:05:06 AM | analyzer.PossiblySendFixedAddress | Static Analysis took 2.408095 seconds
[INFO] | 2024-02-20 11:05:06 AM | analyzer.PossiblySendFixedAddress | Dependency exists
[INFO] | 2024-02-20 11:05:06 AM | analyzer.PossiblySendFixedAddress | Invoking symbolic executor!
[INFO] | 2024-02-20 11:05:07 AM | analyzer.PossiblySendFixedAddress | Symbolic execution took 0.462754 seconds
[INFO] | 2024-02-20 11:05:07 AM | analyzer.PossiblySendFixedAddress | Symbolic execution finished!
[INFO] | 2024-02-20 11:05:07 AM | analyzer.PossiblySendFixedAddress | Analysis finished!
[INFO] | 2024-02-20 11:05:07 AM | analyzer.PossiblySendFixedAddress | Analysis took 2.871257 seconds
[INFO] | 2024-02-20 11:05:07 AM | analyzer.PossiblySendFixedAddress | Analysis finished at: 2024-02-20 11:05:07 AM
[36m[#] Analysing started: PossiblySendFixedAddress.sol[0m
[36m[#] Interprocedural CFG generation started for send[0m
[36m[#] Interprocedural CFG generated for send[0m
[36m[#] Interprocedural CFG generation started for constructor[0m
[36m[#] Interprocedural CFG generated for constructor[0m
[36m[#] Interprocedural CFG generation started for getBalance[0m
[36m[#] Interprocedural CFG generated for getBalance[0m
[36m[#] Interprocedural CFG generation started for donate[0m
[36m[#] Interprocedural CFG generated for donate[0m
[36m[#] Interprocedural CFG generation started for withdraw[0m
[36m[#] Interprocedural CFG generated for withdraw[0m
[36m[#] SDG generation started for send[0m
[36m[#] SDG generated for send[0m
[36m[#] SDG generation started for constructor[0m
[36m[#] SDG generated for constructor[0m
[36m[#] SDG generation started for getBalance[0m
[36m[#] SDG generated for getBalance[0m
[36m[#] SDG generation started for donate[0m
[36m[#] SDG generated for donate[0m
[36m[#] SDG generation started for withdraw[0m
[36m[#] SDG generated for withdraw[0m
[36m[#] Analysis took 2.871257 seconds[0m
[36m[#] Analysis completed: PossiblySendFixedAddress.sol [0m
