[INFO] | 2024-02-20 11:13:30 AM | analyzer.PossiblySendFixedAddress | Analysis started at: 2024-02-20 11:13:30 AM
[INFO] | 2024-02-20 11:13:30 AM | analyzer.PossiblySendFixedAddress | Found version: 0.6.12
[INFO] | 2024-02-20 11:13:32 AM | analyzer.PossiblySendFixedAddress | Callgraph generation started!
[INFO] | 2024-02-20 11:13:32 AM | analyzer.PossiblySendFixedAddress | Callgraph generation finished!
[INFO] | 2024-02-20 11:13:32 AM | analyzer.PossiblySendFixedAddress | Interprocedural CFG generation started!
[INFO] | 2024-02-20 11:13:32 AM | analyzer.PossiblySendFixedAddress | Interprocedural CFG generation finished!
[INFO] | 2024-02-20 11:13:32 AM | analyzer.PossiblySendFixedAddress | Storage dependency graph generation started!
[INFO] | 2024-02-20 11:13:32 AM | analyzer.PossiblySendFixedAddress | Storage dependency graph generation finished!
[INFO] | 2024-02-20 11:13:32 AM | analyzer.PossiblySendFixedAddress | Value Range Analysis started
[INFO] | 2024-02-20 11:13:32 AM | analyzer.PossiblySendFixedAddress | Generating return summary for constructor
[INFO] | 2024-02-20 11:13:32 AM | analyzer.PossiblySendFixedAddress | Return summary generated for constructor
[INFO] | 2024-02-20 11:13:32 AM | analyzer.PossiblySendFixedAddress | State variable assignement do not exist
[INFO] | 2024-02-20 11:13:32 AM | analyzer.PossiblySendFixedAddress | Processed function constructor
[INFO] | 2024-02-20 11:13:32 AM | analyzer.PossiblySendFixedAddress | Generating return summary for withdrawBalance
[INFO] | 2024-02-20 11:13:32 AM | analyzer.PossiblySendFixedAddress | Return summary generated for withdrawBalance
[INFO] | 2024-02-20 11:13:32 AM | analyzer.PossiblySendFixedAddress | Range graph generated
[INFO] | 2024-02-20 11:13:32 AM | analyzer.PossiblySendFixedAddress | Processed function withdrawBalance
[INFO] | 2024-02-20 11:13:32 AM | analyzer.PossiblySendFixedAddress | Generating return summary for slitherConstructorVariables
[INFO] | 2024-02-20 11:13:32 AM | analyzer.PossiblySendFixedAddress | Return summary generated for slitherConstructorVariables
[INFO] | 2024-02-20 11:13:32 AM | analyzer.PossiblySendFixedAddress | Range graph generated
[INFO] | 2024-02-20 11:13:32 AM | analyzer.PossiblySendFixedAddress | Processed function slitherConstructorVariables
[INFO] | 2024-02-20 11:13:32 AM | analyzer.PossiblySendFixedAddress | Value Range Analysis took 0.002210 seconds
[INFO] | 2024-02-20 11:13:32 AM | analyzer.PossiblySendFixedAddress | Value Range Analysis finished
[INFO] | 2024-02-20 11:13:32 AM | analyzer.PossiblySendFixedAddress | Storage dependency graph composition started!
[INFO] | 2024-02-20 11:13:32 AM | analyzer.PossiblySendFixedAddress | Storage dependency graph composition finished!
[INFO] | 2024-02-20 11:13:32 AM | analyzer.PossiblySendFixedAddress | Dependency detection started!
[INFO] | 2024-02-20 11:13:32 AM | analyzer.PossiblySendFixedAddress | Dependency detection finished!
[INFO] | 2024-02-20 11:13:32 AM | analyzer.PossiblySendFixedAddress | Static Analysis took 2.433533 seconds
[INFO] | 2024-02-20 11:13:32 AM | analyzer.PossiblySendFixedAddress | Dependency does not exist
[INFO] | 2024-02-20 11:13:32 AM | analyzer.PossiblySendFixedAddress | Symbolic execution is not needed!
[INFO] | 2024-02-20 11:13:32 AM | analyzer.PossiblySendFixedAddress | Analysis finished!
[INFO] | 2024-02-20 11:13:32 AM | analyzer.PossiblySendFixedAddress | Analysis took 2.433827 seconds
[INFO] | 2024-02-20 11:13:32 AM | analyzer.PossiblySendFixedAddress | Analysis finished at: 2024-02-20 11:13:32 AM
[36m[#] Analysing started: PossiblySendFixedAddress.sol[0m
[36m[#] Interprocedural CFG generation started for constructor[0m
[36m[#] Interprocedural CFG generated for constructor[0m
[36m[#] Interprocedural CFG generation started for withdrawBalance[0m
[36m[#] Interprocedural CFG generated for withdrawBalance[0m
[36m[#] SDG generation started for constructor[0m
[36m[#] SDG generated for constructor[0m
[36m[#] SDG generation started for withdrawBalance[0m
[36m[#] SDG generated for withdrawBalance[0m
[36m[#] Analysis took 2.433827 seconds[0m
[36m[#] Analysis completed: PossiblySendFixedAddress.sol [0m
