WARNING:root:You are using evm version 1.13.5. The supported version is 1.7.3
INFO:CryticCompile:Compilation warnings/errors on /sb/ReentrantVulnerableEtherLossUserDefinedAddress.sol:
Warning: SPDX license identifier not provided in source file. Before publishing, consider adding a comment containing "SPDX-License-Identifier: <SPDX-License>" to each source file. Use "SPDX-License-Identifier: UNLICENSED" for non-open-source code. Please see https://spdx.org for more information.
--> /sb/ReentrantVulnerableEtherLossUserDefinedAddress.sol

Warning: This contract has a payable fallback function, but no receive ether function. Consider adding a receive ether function.
 --> /sb/ReentrantVulnerableEtherLossUserDefinedAddress.sol:8:1:
  |
8 | contract Intermediary {
  | ^ (Relevant source part starts here and spans across multiple lines).
Note: The payable fallback function is defined here.
  --> /sb/ReentrantVulnerableEtherLossUserDefinedAddress.sol:33:5:
   |
33 |     fallback() external payable {}
   |     ^^^^^^^^^^^^^^^^^^^^^^^^^^^^^^


incomplete push instruction at 256
INFO:root:contract /sb/ReentrantVulnerableEtherLossUserDefinedAddress.sol:Intermediary:
INFO:symExec:	============ Results ===========
INFO:symExec:	  EVM Code Coverage: 			 84.2%
INFO:symExec:	  Integer Underflow: 			 False
INFO:symExec:	  Integer Overflow: 			 False
INFO:symExec:	  Parity Multisig Bug 2: 		 False
INFO:symExec:	  Callstack Depth Attack Vulnerability:  False
INFO:symExec:	  Transaction-Ordering Dependence (TOD): False
INFO:symExec:	  Timestamp Dependency: 		 False
INFO:symExec:	  Re-Entrancy Vulnerability: 		 False
INFO:symExec:	====== Analysis Completed ======
INFO:root:contract /sb/ReentrantVulnerableEtherLossUserDefinedAddress.sol:Bank:
INFO:symExec:	============ Results ===========
INFO:symExec:	  EVM Code Coverage: 			 56.5%
INFO:symExec:	  Integer Underflow: 			 False
INFO:symExec:	  Integer Overflow: 			 True
INFO:symExec:	  Parity Multisig Bug 2: 		 False
INFO:symExec:	  Callstack Depth Attack Vulnerability:  False
INFO:symExec:	  Transaction-Ordering Dependence (TOD): False
INFO:symExec:	  Timestamp Dependency: 		 False
INFO:symExec:	  Re-Entrancy Vulnerability: 		 False
INFO:symExec:/sb/ReentrantVulnerableEtherLossUserDefinedAddress.sol:61:9: Warning: Integer Overflow.
        balances[msg.sender] += msg.value
Integer Overflow occurs if:
    balances[msg.sender] = 1
INFO:symExec:	====== Analysis Completed ======
