[INFO] | 2024-02-20 11:02:54 AM | analyzer.ReentrantVulnerableNoEtherLossFixedAddress | Analysis started at: 2024-02-20 11:02:54 AM
[INFO] | 2024-02-20 11:02:54 AM | analyzer.ReentrantVulnerableNoEtherLossFixedAddress | Found version: 0.4.26
[INFO] | 2024-02-20 11:02:56 AM | analyzer.ReentrantVulnerableNoEtherLossFixedAddress | Callgraph generation started!
[INFO] | 2024-02-20 11:02:56 AM | analyzer.ReentrantVulnerableNoEtherLossFixedAddress | Callgraph generation finished!
[INFO] | 2024-02-20 11:02:56 AM | analyzer.ReentrantVulnerableNoEtherLossFixedAddress | Interprocedural CFG generation started!
[INFO] | 2024-02-20 11:02:56 AM | analyzer.ReentrantVulnerableNoEtherLossFixedAddress | Interprocedural CFG generation finished!
[INFO] | 2024-02-20 11:02:56 AM | analyzer.ReentrantVulnerableNoEtherLossFixedAddress | Storage dependency graph generation started!
[WARNING] | 2024-02-20 11:02:56 AM | analyzer.ReentrantVulnerableNoEtherLossFixedAddress | Issues with getting the high level call destination address
[INFO] | 2024-02-20 11:02:56 AM | analyzer.ReentrantVulnerableNoEtherLossFixedAddress | Storage dependency graph generation finished!
[INFO] | 2024-02-20 11:02:56 AM | analyzer.ReentrantVulnerableNoEtherLossFixedAddress | Value Range Analysis started
[INFO] | 2024-02-20 11:02:56 AM | analyzer.ReentrantVulnerableNoEtherLossFixedAddress | Generating return summary for send
[INFO] | 2024-02-20 11:02:56 AM | analyzer.ReentrantVulnerableNoEtherLossFixedAddress | Return summary generated for send
[INFO] | 2024-02-20 11:02:56 AM | analyzer.ReentrantVulnerableNoEtherLossFixedAddress | State variable assignement do not exist
[INFO] | 2024-02-20 11:02:56 AM | analyzer.ReentrantVulnerableNoEtherLossFixedAddress | Processed function send
[INFO] | 2024-02-20 11:02:56 AM | analyzer.ReentrantVulnerableNoEtherLossFixedAddress | Generating return summary for Reentrancy
[INFO] | 2024-02-20 11:02:56 AM | analyzer.ReentrantVulnerableNoEtherLossFixedAddress | Return summary generated for Reentrancy
[INFO] | 2024-02-20 11:02:56 AM | analyzer.ReentrantVulnerableNoEtherLossFixedAddress | Range graph generated
[INFO] | 2024-02-20 11:02:56 AM | analyzer.ReentrantVulnerableNoEtherLossFixedAddress | Processed function Reentrancy
[INFO] | 2024-02-20 11:02:56 AM | analyzer.ReentrantVulnerableNoEtherLossFixedAddress | Generating return summary for _libsend
[INFO] | 2024-02-20 11:02:56 AM | analyzer.ReentrantVulnerableNoEtherLossFixedAddress | Return summary generated for _libsend
[INFO] | 2024-02-20 11:02:56 AM | analyzer.ReentrantVulnerableNoEtherLossFixedAddress | State variable assignement do not exist
[INFO] | 2024-02-20 11:02:56 AM | analyzer.ReentrantVulnerableNoEtherLossFixedAddress | Processed function _libsend
[INFO] | 2024-02-20 11:02:56 AM | analyzer.ReentrantVulnerableNoEtherLossFixedAddress | Generating return summary for slitherConstructorVariables
[INFO] | 2024-02-20 11:02:56 AM | analyzer.ReentrantVulnerableNoEtherLossFixedAddress | Return summary generated for slitherConstructorVariables
[INFO] | 2024-02-20 11:02:56 AM | analyzer.ReentrantVulnerableNoEtherLossFixedAddress | Range graph generated
[INFO] | 2024-02-20 11:02:56 AM | analyzer.ReentrantVulnerableNoEtherLossFixedAddress | Processed function slitherConstructorVariables
[INFO] | 2024-02-20 11:02:56 AM | analyzer.ReentrantVulnerableNoEtherLossFixedAddress | Generating return summary for request
[INFO] | 2024-02-20 11:02:56 AM | analyzer.ReentrantVulnerableNoEtherLossFixedAddress | Return summary generated for request
[INFO] | 2024-02-20 11:02:56 AM | analyzer.ReentrantVulnerableNoEtherLossFixedAddress | Range graph generated
[INFO] | 2024-02-20 11:02:56 AM | analyzer.ReentrantVulnerableNoEtherLossFixedAddress | Processed function request
[INFO] | 2024-02-20 11:02:56 AM | analyzer.ReentrantVulnerableNoEtherLossFixedAddress | Value Range Analysis took 0.002345 seconds
[INFO] | 2024-02-20 11:02:56 AM | analyzer.ReentrantVulnerableNoEtherLossFixedAddress | Value Range Analysis finished
[INFO] | 2024-02-20 11:02:56 AM | analyzer.ReentrantVulnerableNoEtherLossFixedAddress | Storage dependency graph composition started!
[INFO] | 2024-02-20 11:02:56 AM | analyzer.ReentrantVulnerableNoEtherLossFixedAddress | Storage dependency graph composition finished!
[INFO] | 2024-02-20 11:02:56 AM | analyzer.ReentrantVulnerableNoEtherLossFixedAddress | Dependency detection started!
[INFO] | 2024-02-20 11:02:56 AM | analyzer.ReentrantVulnerableNoEtherLossFixedAddress | Dependency detection finished!
[INFO] | 2024-02-20 11:02:56 AM | analyzer.ReentrantVulnerableNoEtherLossFixedAddress | Static Analysis took 1.454157 seconds
[INFO] | 2024-02-20 11:02:56 AM | analyzer.ReentrantVulnerableNoEtherLossFixedAddress | Dependency does not exist
[INFO] | 2024-02-20 11:02:56 AM | analyzer.ReentrantVulnerableNoEtherLossFixedAddress | Symbolic execution is not needed!
[INFO] | 2024-02-20 11:02:56 AM | analyzer.ReentrantVulnerableNoEtherLossFixedAddress | Analysis finished!
[INFO] | 2024-02-20 11:02:56 AM | analyzer.ReentrantVulnerableNoEtherLossFixedAddress | Analysis took 1.454464 seconds
[INFO] | 2024-02-20 11:02:56 AM | analyzer.ReentrantVulnerableNoEtherLossFixedAddress | Analysis finished at: 2024-02-20 11:02:56 AM
[36m[#] Analysing started: ReentrantVulnerableNoEtherLossFixedAddress.sol[0m
[36m[#] Interprocedural CFG generation started for send[0m
[36m[#] Interprocedural CFG generated for send[0m
[36m[#] Interprocedural CFG generation started for Reentrancy[0m
[36m[#] Interprocedural CFG generated for Reentrancy[0m
[36m[#] Interprocedural CFG generation started for request[0m
[36m[#] Interprocedural CFG generated for request[0m
[36m[#] SDG generation started for send[0m
[36m[#] SDG generated for send[0m
[36m[#] SDG generation started for Reentrancy[0m
[36m[#] SDG generated for Reentrancy[0m
[36m[#] SDG generation started for request[0m
[36m[#] SDG generated for request[0m
[36m[#] Analysis took 1.454464 seconds[0m
[36m[#] Analysis completed: ReentrantVulnerableNoEtherLossFixedAddress.sol [0m
