WARNING:root:You are using evm version 1.13.5. The supported version is 1.7.3
INFO:CryticCompile:Compilation warnings/errors on /sb/ReentrantVulnerableEtherLossFixedAddress.sol:
Warning: SPDX license identifier not provided in source file. Before publishing, consider adding a comment containing "SPDX-License-Identifier: <SPDX-License>" to each source file. Use "SPDX-License-Identifier: UNLICENSED" for non-open-source code. Please see https://spdx.org for more information.
--> /sb/ReentrantVulnerableEtherLossFixedAddress.sol

Warning: Return value of low-level calls not used.
  --> /sb/ReentrantVulnerableEtherLossFixedAddress.sol:15:9:
   |
15 |         to.call{value: amount}("");
   |         ^^^^^^^^^^^^^^^^^^^^^^^^^^

Warning: Return value of low-level calls not used.
  --> /sb/ReentrantVulnerableEtherLossFixedAddress.sol:50:9:
   |
50 |         address(safesender).delegatecall(abi.encodeWithSignature("send(address,uint256)", to, amount));
   |         ^^^^^^^^^^^^^^^^^^^^^^^^^^^^^^^^^^^^^^^^^^^^^^^^^^^^^^^^^^^^^^^^^^^^^^^^^^^^^^^^^^^^^^^^^^^^^^


INFO:root:contract /sb/ReentrantVulnerableEtherLossFixedAddress.sol:SafeSending:
INFO:symExec:	============ Results ===========
INFO:symExec:	  EVM Code Coverage: 			 83.3%
INFO:symExec:	  Integer Underflow: 			 False
INFO:symExec:	  Integer Overflow: 			 False
INFO:symExec:	  Parity Multisig Bug 2: 		 False
INFO:symExec:	  Callstack Depth Attack Vulnerability:  False
INFO:symExec:	  Transaction-Ordering Dependence (TOD): False
INFO:symExec:	  Timestamp Dependency: 		 False
INFO:symExec:	  Re-Entrancy Vulnerability: 		 True
INFO:symExec:/sb/ReentrantVulnerableEtherLossFixedAddress.sol:15:9: Warning: Re-Entrancy Vulnerability.
        to.call{value: amount}("")
INFO:symExec:	====== Analysis Completed ======
INFO:root:contract /sb/ReentrantVulnerableEtherLossFixedAddress.sol:Bank:
INFO:symExec:	============ Results ===========
INFO:symExec:	  EVM Code Coverage: 			 79.9%
INFO:symExec:	  Integer Underflow: 			 True
INFO:symExec:	  Integer Overflow: 			 True
INFO:symExec:	  Parity Multisig Bug 2: 		 False
INFO:symExec:	  Callstack Depth Attack Vulnerability:  False
INFO:symExec:	  Transaction-Ordering Dependence (TOD): False
INFO:symExec:	  Timestamp Dependency: 		 False
INFO:symExec:	  Re-Entrancy Vulnerability: 		 False
INFO:symExec:/sb/ReentrantVulnerableEtherLossFixedAddress.sol:50:9: Warning: Integer Underflow.
        address(safesender).delegatecall(abi.encodeWithSignature("send(address,uint256)", to, amount))
Integer Underflow occurs if:
    balances[receiver] = 0
    amount = 0
INFO:symExec:/sb/ReentrantVulnerableEtherLossFixedAddress.sol:50:9: Warning: Integer Overflow.
        address(safesender).delegatecall(abi.encodeWithSignature("send(address,uint256)", to, amount))
Integer Overflow occurs if:
    balances[receiver] = 0
    amount = 0
/sb/ReentrantVulnerableEtherLossFixedAddress.sol:35:9: Warning: Integer Overflow.
        balances[receiver] += msg.value
Integer Overflow occurs if:
    balances[receiver] = 1
INFO:symExec:	====== Analysis Completed ======
