[INFO] | 2024-02-20 10:46:40 AM | analyzer.ReentrantCodePartsFixedAddress | Analysis started at: 2024-02-20 10:46:40 AM
[INFO] | 2024-02-20 10:46:40 AM | analyzer.ReentrantCodePartsFixedAddress | Found version: 0.4.26
[INFO] | 2024-02-20 10:46:42 AM | analyzer.ReentrantCodePartsFixedAddress | Callgraph generation started!
[INFO] | 2024-02-20 10:46:42 AM | analyzer.ReentrantCodePartsFixedAddress | Callgraph generation finished!
[INFO] | 2024-02-20 10:46:42 AM | analyzer.ReentrantCodePartsFixedAddress | Interprocedural CFG generation started!
[INFO] | 2024-02-20 10:46:42 AM | analyzer.ReentrantCodePartsFixedAddress | Interprocedural CFG generation finished!
[INFO] | 2024-02-20 10:46:42 AM | analyzer.ReentrantCodePartsFixedAddress | Storage dependency graph generation started!
[INFO] | 2024-02-20 10:46:42 AM | analyzer.ReentrantCodePartsFixedAddress | Storage dependency graph generation finished!
[INFO] | 2024-02-20 10:46:42 AM | analyzer.ReentrantCodePartsFixedAddress | Value Range Analysis started
[INFO] | 2024-02-20 10:46:42 AM | analyzer.ReentrantCodePartsFixedAddress | Generating return summary for registerIntermediary
[INFO] | 2024-02-20 10:46:42 AM | analyzer.ReentrantCodePartsFixedAddress | Return summary generated for registerIntermediary
[INFO] | 2024-02-20 10:46:42 AM | analyzer.ReentrantCodePartsFixedAddress | State variable assignement do not exist
[INFO] | 2024-02-20 10:46:42 AM | analyzer.ReentrantCodePartsFixedAddress | Processed function registerIntermediary
[INFO] | 2024-02-20 10:46:42 AM | analyzer.ReentrantCodePartsFixedAddress | Generating return summary for withdraw
[INFO] | 2024-02-20 10:46:42 AM | analyzer.ReentrantCodePartsFixedAddress | Return summary generated for withdraw
[INFO] | 2024-02-20 10:46:42 AM | analyzer.ReentrantCodePartsFixedAddress | State variable assignement do not exist
[INFO] | 2024-02-20 10:46:42 AM | analyzer.ReentrantCodePartsFixedAddress | Processed function withdraw
[INFO] | 2024-02-20 10:46:42 AM | analyzer.ReentrantCodePartsFixedAddress | Generating return summary for fallback
[INFO] | 2024-02-20 10:46:42 AM | analyzer.ReentrantCodePartsFixedAddress | Return summary generated for fallback
[INFO] | 2024-02-20 10:46:42 AM | analyzer.ReentrantCodePartsFixedAddress | State variable assignement do not exist
[INFO] | 2024-02-20 10:46:42 AM | analyzer.ReentrantCodePartsFixedAddress | Processed function fallback
[INFO] | 2024-02-20 10:46:42 AM | analyzer.ReentrantCodePartsFixedAddress | Generating return summary for slitherConstructorVariables
[INFO] | 2024-02-20 10:46:42 AM | analyzer.ReentrantCodePartsFixedAddress | Return summary generated for slitherConstructorVariables
[INFO] | 2024-02-20 10:46:42 AM | analyzer.ReentrantCodePartsFixedAddress | Range graph generated
[INFO] | 2024-02-20 10:46:42 AM | analyzer.ReentrantCodePartsFixedAddress | Processed function slitherConstructorVariables
[INFO] | 2024-02-20 10:46:42 AM | analyzer.ReentrantCodePartsFixedAddress | Generating return summary for slitherConstructorVariables
[INFO] | 2024-02-20 10:46:42 AM | analyzer.ReentrantCodePartsFixedAddress | Return summary generated for slitherConstructorVariables
[INFO] | 2024-02-20 10:46:42 AM | analyzer.ReentrantCodePartsFixedAddress | Range graph generated
[INFO] | 2024-02-20 10:46:42 AM | analyzer.ReentrantCodePartsFixedAddress | Processed function slitherConstructorVariables
[INFO] | 2024-02-20 10:46:42 AM | analyzer.ReentrantCodePartsFixedAddress | Generating return summary for nonReentrant
[INFO] | 2024-02-20 10:46:42 AM | analyzer.ReentrantCodePartsFixedAddress | Return summary generated for nonReentrant
[INFO] | 2024-02-20 10:46:42 AM | analyzer.ReentrantCodePartsFixedAddress | Range graph generated
[INFO] | 2024-02-20 10:46:42 AM | analyzer.ReentrantCodePartsFixedAddress | Processed function nonReentrant
[INFO] | 2024-02-20 10:46:42 AM | analyzer.ReentrantCodePartsFixedAddress | Generating return summary for constructor
[INFO] | 2024-02-20 10:46:42 AM | analyzer.ReentrantCodePartsFixedAddress | Return summary generated for constructor
[INFO] | 2024-02-20 10:46:42 AM | analyzer.ReentrantCodePartsFixedAddress | Range graph generated
[INFO] | 2024-02-20 10:46:42 AM | analyzer.ReentrantCodePartsFixedAddress | Processed function constructor
[INFO] | 2024-02-20 10:46:42 AM | analyzer.ReentrantCodePartsFixedAddress | Generating return summary for withdraw
[INFO] | 2024-02-20 10:46:42 AM | analyzer.ReentrantCodePartsFixedAddress | Return summary generated for withdraw
[INFO] | 2024-02-20 10:46:42 AM | analyzer.ReentrantCodePartsFixedAddress | Range graph generated
[INFO] | 2024-02-20 10:46:42 AM | analyzer.ReentrantCodePartsFixedAddress | Processed function withdraw
[INFO] | 2024-02-20 10:46:42 AM | analyzer.ReentrantCodePartsFixedAddress | Generating return summary for deposit
[INFO] | 2024-02-20 10:46:42 AM | analyzer.ReentrantCodePartsFixedAddress | Return summary generated for deposit
[INFO] | 2024-02-20 10:46:42 AM | analyzer.ReentrantCodePartsFixedAddress | Range graph generated
[INFO] | 2024-02-20 10:46:42 AM | analyzer.ReentrantCodePartsFixedAddress | Processed function deposit
[INFO] | 2024-02-20 10:46:42 AM | analyzer.ReentrantCodePartsFixedAddress | Value Range Analysis took 0.005604 seconds
[INFO] | 2024-02-20 10:46:42 AM | analyzer.ReentrantCodePartsFixedAddress | Value Range Analysis finished
[INFO] | 2024-02-20 10:46:42 AM | analyzer.ReentrantCodePartsFixedAddress | Storage dependency graph composition started!
[INFO] | 2024-02-20 10:46:42 AM | analyzer.ReentrantCodePartsFixedAddress | Storage dependency graph composition finished!
[INFO] | 2024-02-20 10:46:42 AM | analyzer.ReentrantCodePartsFixedAddress | Dependency detection started!
[INFO] | 2024-02-20 10:46:42 AM | analyzer.ReentrantCodePartsFixedAddress | Dependency detection finished!
[INFO] | 2024-02-20 10:46:42 AM | analyzer.ReentrantCodePartsFixedAddress | Static Analysis took 1.750911 seconds
[INFO] | 2024-02-20 10:46:42 AM | analyzer.ReentrantCodePartsFixedAddress | Dependency does not exist
[INFO] | 2024-02-20 10:46:42 AM | analyzer.ReentrantCodePartsFixedAddress | Symbolic execution is not needed!
[INFO] | 2024-02-20 10:46:42 AM | analyzer.ReentrantCodePartsFixedAddress | Analysis finished!
[INFO] | 2024-02-20 10:46:42 AM | analyzer.ReentrantCodePartsFixedAddress | Analysis took 1.751247 seconds
[INFO] | 2024-02-20 10:46:42 AM | analyzer.ReentrantCodePartsFixedAddress | Analysis finished at: 2024-02-20 10:46:42 AM
[36m[#] Analysing started: ReentrantCodePartsFixedAddress.sol[0m
[36m[#] Interprocedural CFG generation started for modifier nonReentrant[0m
[36m[#] Interprocedural CFG generated for modifer nonReentrant[0m
[36m[#] Interprocedural CFG generation started for registerIntermediary[0m
[36m[#] Interprocedural CFG generated for registerIntermediary[0m
[36m[#] Interprocedural CFG generation started for constructor[0m
[36m[#] Interprocedural CFG generated for constructor[0m
[36m[#] Interprocedural CFG generation started for withdraw[0m
[36m[#] Interprocedural CFG generated for withdraw[0m
[36m[#] Interprocedural CFG generation started for fallback[0m
[36m[#] Interprocedural CFG generated for fallback[0m
[36m[#] Interprocedural CFG generation started for withdraw[0m
[36m[#] Interprocedural CFG generated for withdraw[0m
[36m[#] Interprocedural CFG generation started for deposit[0m
[36m[#] Interprocedural CFG generated for deposit[0m
[36m[#] SDG generation started for registerIntermediary[0m
[36m[#] SDG generated for registerIntermediary[0m
[36m[#] SDG generation started for constructor[0m
[36m[#] SDG generated for constructor[0m
[36m[#] SDG generation started for withdraw[0m
[36m[#] SDG generated for withdraw[0m
[36m[#] SDG generation started for fallback[0m
[36m[#] SDG generated for fallback[0m
[36m[#] SDG generation started for withdraw[0m
[36m[#] SDG generated for withdraw[0m
[36m[#] SDG generation started for deposit[0m
[36m[#] SDG generated for deposit[0m
[36m[#] SDG generation started for modifier nonReentrant[0m
[36m[#] SDG generated for modifier nonReentrant[0m
[36m[#] Analysis took 1.751247 seconds[0m
[36m[#] Analysis completed: ReentrantCodePartsFixedAddress.sol [0m
