[INFO] | 2024-02-20 10:48:32 AM | analyzer.ReentrantVulnerableEtherLossUserDefinedAddress | Analysis started at: 2024-02-20 10:48:32 AM
[INFO] | 2024-02-20 10:48:32 AM | analyzer.ReentrantVulnerableEtherLossUserDefinedAddress | Found version: 0.5.17
[INFO] | 2024-02-20 10:48:34 AM | analyzer.ReentrantVulnerableEtherLossUserDefinedAddress | Callgraph generation started!
[INFO] | 2024-02-20 10:48:34 AM | analyzer.ReentrantVulnerableEtherLossUserDefinedAddress | Callgraph generation finished!
[INFO] | 2024-02-20 10:48:34 AM | analyzer.ReentrantVulnerableEtherLossUserDefinedAddress | Interprocedural CFG generation started!
[INFO] | 2024-02-20 10:48:34 AM | analyzer.ReentrantVulnerableEtherLossUserDefinedAddress | Interprocedural CFG generation finished!
[INFO] | 2024-02-20 10:48:34 AM | analyzer.ReentrantVulnerableEtherLossUserDefinedAddress | Storage dependency graph generation started!
[INFO] | 2024-02-20 10:48:34 AM | analyzer.ReentrantVulnerableEtherLossUserDefinedAddress | Storage dependency graph generation finished!
[INFO] | 2024-02-20 10:48:34 AM | analyzer.ReentrantVulnerableEtherLossUserDefinedAddress | Value Range Analysis started
[INFO] | 2024-02-20 10:48:34 AM | analyzer.ReentrantVulnerableEtherLossUserDefinedAddress | Generating return summary for registerIntermediary
[INFO] | 2024-02-20 10:48:34 AM | analyzer.ReentrantVulnerableEtherLossUserDefinedAddress | Return summary generated for registerIntermediary
[INFO] | 2024-02-20 10:48:34 AM | analyzer.ReentrantVulnerableEtherLossUserDefinedAddress | State variable assignement do not exist
[INFO] | 2024-02-20 10:48:34 AM | analyzer.ReentrantVulnerableEtherLossUserDefinedAddress | Processed function registerIntermediary
[INFO] | 2024-02-20 10:48:34 AM | analyzer.ReentrantVulnerableEtherLossUserDefinedAddress | Generating return summary for withdraw
[INFO] | 2024-02-20 10:48:34 AM | analyzer.ReentrantVulnerableEtherLossUserDefinedAddress | Return summary generated for withdraw
[INFO] | 2024-02-20 10:48:34 AM | analyzer.ReentrantVulnerableEtherLossUserDefinedAddress | State variable assignement do not exist
[INFO] | 2024-02-20 10:48:34 AM | analyzer.ReentrantVulnerableEtherLossUserDefinedAddress | Processed function withdraw
[INFO] | 2024-02-20 10:48:34 AM | analyzer.ReentrantVulnerableEtherLossUserDefinedAddress | Generating return summary for fallback
[INFO] | 2024-02-20 10:48:34 AM | analyzer.ReentrantVulnerableEtherLossUserDefinedAddress | Return summary generated for fallback
[INFO] | 2024-02-20 10:48:34 AM | analyzer.ReentrantVulnerableEtherLossUserDefinedAddress | State variable assignement do not exist
[INFO] | 2024-02-20 10:48:34 AM | analyzer.ReentrantVulnerableEtherLossUserDefinedAddress | Processed function fallback
[INFO] | 2024-02-20 10:48:34 AM | analyzer.ReentrantVulnerableEtherLossUserDefinedAddress | Generating return summary for getBalance
[INFO] | 2024-02-20 10:48:34 AM | analyzer.ReentrantVulnerableEtherLossUserDefinedAddress | Return summary generated for getBalance
[INFO] | 2024-02-20 10:48:34 AM | analyzer.ReentrantVulnerableEtherLossUserDefinedAddress | State variable assignement do not exist
[INFO] | 2024-02-20 10:48:34 AM | analyzer.ReentrantVulnerableEtherLossUserDefinedAddress | Processed function getBalance
[INFO] | 2024-02-20 10:48:34 AM | analyzer.ReentrantVulnerableEtherLossUserDefinedAddress | Generating return summary for withdraw
[INFO] | 2024-02-20 10:48:34 AM | analyzer.ReentrantVulnerableEtherLossUserDefinedAddress | Return summary generated for withdraw
[INFO] | 2024-02-20 10:48:34 AM | analyzer.ReentrantVulnerableEtherLossUserDefinedAddress | Range graph generated
[INFO] | 2024-02-20 10:48:34 AM | analyzer.ReentrantVulnerableEtherLossUserDefinedAddress | Processed function withdraw
[INFO] | 2024-02-20 10:48:34 AM | analyzer.ReentrantVulnerableEtherLossUserDefinedAddress | Generating return summary for deposit
[INFO] | 2024-02-20 10:48:34 AM | analyzer.ReentrantVulnerableEtherLossUserDefinedAddress | Return summary generated for deposit
[INFO] | 2024-02-20 10:48:34 AM | analyzer.ReentrantVulnerableEtherLossUserDefinedAddress | Range graph generated
[INFO] | 2024-02-20 10:48:34 AM | analyzer.ReentrantVulnerableEtherLossUserDefinedAddress | Processed function deposit
[INFO] | 2024-02-20 10:48:34 AM | analyzer.ReentrantVulnerableEtherLossUserDefinedAddress | Generating return summary for constructor
[INFO] | 2024-02-20 10:48:34 AM | analyzer.ReentrantVulnerableEtherLossUserDefinedAddress | Return summary generated for constructor
[INFO] | 2024-02-20 10:48:34 AM | analyzer.ReentrantVulnerableEtherLossUserDefinedAddress | Range graph generated
[INFO] | 2024-02-20 10:48:34 AM | analyzer.ReentrantVulnerableEtherLossUserDefinedAddress | Processed function constructor
[INFO] | 2024-02-20 10:48:34 AM | analyzer.ReentrantVulnerableEtherLossUserDefinedAddress | Value Range Analysis took 0.003743 seconds
[INFO] | 2024-02-20 10:48:34 AM | analyzer.ReentrantVulnerableEtherLossUserDefinedAddress | Value Range Analysis finished
[INFO] | 2024-02-20 10:48:34 AM | analyzer.ReentrantVulnerableEtherLossUserDefinedAddress | Storage dependency graph composition started!
[INFO] | 2024-02-20 10:48:34 AM | analyzer.ReentrantVulnerableEtherLossUserDefinedAddress | Storage dependency graph composition finished!
[INFO] | 2024-02-20 10:48:34 AM | analyzer.ReentrantVulnerableEtherLossUserDefinedAddress | Dependency detection started!
[INFO] | 2024-02-20 10:48:34 AM | analyzer.ReentrantVulnerableEtherLossUserDefinedAddress | DAO dependency possibly detected in file ReentrantVulnerableEtherLossUserDefinedAddress.sol in contract Bank in by composing functions withdraw and withdraw
[INFO] | 2024-02-20 10:48:34 AM | analyzer.ReentrantVulnerableEtherLossUserDefinedAddress | Dependency detection finished!
[INFO] | 2024-02-20 10:48:34 AM | analyzer.ReentrantVulnerableEtherLossUserDefinedAddress | Static Analysis took 2.408448 seconds
[INFO] | 2024-02-20 10:48:34 AM | analyzer.ReentrantVulnerableEtherLossUserDefinedAddress | Dependency exists
[INFO] | 2024-02-20 10:48:34 AM | analyzer.ReentrantVulnerableEtherLossUserDefinedAddress | Invoking symbolic executor!
[INFO] | 2024-02-20 10:48:35 AM | analyzer.ReentrantVulnerableEtherLossUserDefinedAddress | DAO dependency detected by composing functions withdraw and withdraw
[INFO] | 2024-02-20 10:48:35 AM | analyzer.ReentrantVulnerableEtherLossUserDefinedAddress | DAO dependency detected by composing functions withdraw and withdraw
[INFO] | 2024-02-20 10:48:35 AM | analyzer.ReentrantVulnerableEtherLossUserDefinedAddress | DAO dependency detected by composing functions withdraw and withdraw
[INFO] | 2024-02-20 10:48:35 AM | analyzer.ReentrantVulnerableEtherLossUserDefinedAddress | Symbolic execution took 1.178295 seconds
[INFO] | 2024-02-20 10:48:35 AM | analyzer.ReentrantVulnerableEtherLossUserDefinedAddress | Symbolic execution finished!
[INFO] | 2024-02-20 10:48:35 AM | analyzer.ReentrantVulnerableEtherLossUserDefinedAddress | Analysis finished!
[INFO] | 2024-02-20 10:48:35 AM | analyzer.ReentrantVulnerableEtherLossUserDefinedAddress | Analysis took 3.587190 seconds
[INFO] | 2024-02-20 10:48:35 AM | analyzer.ReentrantVulnerableEtherLossUserDefinedAddress | Analysis finished at: 2024-02-20 10:48:35 AM
[36m[#] Analysing started: ReentrantVulnerableEtherLossUserDefinedAddress.sol[0m
[36m[#] Interprocedural CFG generation started for registerIntermediary[0m
[36m[#] Interprocedural CFG generated for registerIntermediary[0m
[36m[#] Interprocedural CFG generation started for constructor[0m
[36m[#] Interprocedural CFG generated for constructor[0m
[36m[#] Interprocedural CFG generation started for withdraw[0m
[36m[#] Interprocedural CFG generated for withdraw[0m
[36m[#] Interprocedural CFG generation started for fallback[0m
[36m[#] Interprocedural CFG generated for fallback[0m
[36m[#] Interprocedural CFG generation started for getBalance[0m
[36m[#] Interprocedural CFG generated for getBalance[0m
[36m[#] Interprocedural CFG generation started for withdraw[0m
[36m[#] Interprocedural CFG generated for withdraw[0m
[36m[#] Interprocedural CFG generation started for deposit[0m
[36m[#] Interprocedural CFG generated for deposit[0m
[36m[#] SDG generation started for registerIntermediary[0m
[36m[#] SDG generated for registerIntermediary[0m
[36m[#] SDG generation started for constructor[0m
[36m[#] SDG generated for constructor[0m
[36m[#] SDG generation started for withdraw[0m
[36m[#] SDG generated for withdraw[0m
[36m[#] SDG generation started for fallback[0m
[36m[#] SDG generated for fallback[0m
[36m[#] SDG generation started for getBalance[0m
[36m[#] SDG generated for getBalance[0m
[36m[#] SDG generation started for withdraw[0m
[36m[#] SDG generated for withdraw[0m
[36m[#] SDG generation started for deposit[0m
[36m[#] SDG generated for deposit[0m
[36m[#] Analysis took 3.587190 seconds[0m
[36m[#] Analysis completed: ReentrantVulnerableEtherLossUserDefinedAddress.sol [0m
