WARNING:root:You are using evm version 1.13.5. The supported version is 1.7.3
INFO:CryticCompile:Compilation warnings/errors on /sb/ReentrantVulnerableNoEtherLossFixedAddress.sol:
Warning: SPDX license identifier not provided in source file. Before publishing, consider adding a comment containing "SPDX-License-Identifier: <SPDX-License>" to each source file. Use "SPDX-License-Identifier: UNLICENSED" for non-open-source code. Please see https://spdx.org for more information.
--> /sb/ReentrantVulnerableNoEtherLossFixedAddress.sol


INFO:root:contract /sb/ReentrantVulnerableNoEtherLossFixedAddress.sol:Reentrancy:
INFO:symExec:	============ Results ===========
INFO:symExec:	  EVM Code Coverage: 			 68.4%
INFO:symExec:	  Integer Underflow: 			 True
INFO:symExec:	  Integer Overflow: 			 True
INFO:symExec:	  Parity Multisig Bug 2: 		 False
INFO:symExec:	  Callstack Depth Attack Vulnerability:  False
INFO:symExec:	  Transaction-Ordering Dependence (TOD): False
INFO:symExec:	  Timestamp Dependency: 		 False
INFO:symExec:	  Re-Entrancy Vulnerability: 		 False
INFO:symExec:/sb/ReentrantVulnerableNoEtherLossFixedAddress.sol:22:31: Warning: Integer Underflow.
            (bool success,) = receiver.call(abi.encodeWithSignature("loser()"))
Integer Underflow occurs if:
    userRequests = 0
    userCalled[msg.sender] = 0
/sb/ReentrantVulnerableNoEtherLossFixedAddress.sol:18:31: Warning: Integer Underflow.
            (bool success,) = receiver.call(abi.encodeWithSignature("winner()"))
Integer Underflow occurs if:
    userCalled[msg.sender] = 0
    userRequests = 99
INFO:symExec:/sb/ReentrantVulnerableNoEtherLossFixedAddress.sol:22:31: Warning: Integer Overflow.
            (bool success,) = receiver.call(abi.encodeWithSignature("loser()"))
Integer Overflow occurs if:
    userRequests = 0
    userCalled[msg.sender] = 0
/sb/ReentrantVulnerableNoEtherLossFixedAddress.sol:18:31: Warning: Integer Overflow.
            (bool success,) = receiver.call(abi.encodeWithSignature("winner()"))
Integer Overflow occurs if:
    userCalled[msg.sender] = 0
    userRequests = 99
INFO:symExec:	====== Analysis Completed ======
