[INFO] | 2024-02-20 10:53:49 AM | analyzer.ReentrantNonVulnerableUserDefinedAddress | Analysis started at: 2024-02-20 10:53:49 AM
[INFO] | 2024-02-20 10:53:49 AM | analyzer.ReentrantNonVulnerableUserDefinedAddress | Found version: 0.4.26
[INFO] | 2024-02-20 10:53:51 AM | analyzer.ReentrantNonVulnerableUserDefinedAddress | Callgraph generation started!
[INFO] | 2024-02-20 10:53:51 AM | analyzer.ReentrantNonVulnerableUserDefinedAddress | Callgraph generation finished!
[INFO] | 2024-02-20 10:53:51 AM | analyzer.ReentrantNonVulnerableUserDefinedAddress | Interprocedural CFG generation started!
[INFO] | 2024-02-20 10:53:51 AM | analyzer.ReentrantNonVulnerableUserDefinedAddress | Interprocedural CFG generation finished!
[INFO] | 2024-02-20 10:53:51 AM | analyzer.ReentrantNonVulnerableUserDefinedAddress | Storage dependency graph generation started!
[INFO] | 2024-02-20 10:53:51 AM | analyzer.ReentrantNonVulnerableUserDefinedAddress | Storage dependency graph generation finished!
[INFO] | 2024-02-20 10:53:51 AM | analyzer.ReentrantNonVulnerableUserDefinedAddress | Value Range Analysis started
[INFO] | 2024-02-20 10:53:51 AM | analyzer.ReentrantNonVulnerableUserDefinedAddress | Generating return summary for Reentrancy
[INFO] | 2024-02-20 10:53:51 AM | analyzer.ReentrantNonVulnerableUserDefinedAddress | Return summary generated for Reentrancy
[INFO] | 2024-02-20 10:53:51 AM | analyzer.ReentrantNonVulnerableUserDefinedAddress | State variable assignement do not exist
[INFO] | 2024-02-20 10:53:51 AM | analyzer.ReentrantNonVulnerableUserDefinedAddress | Processed function Reentrancy
[INFO] | 2024-02-20 10:53:51 AM | analyzer.ReentrantNonVulnerableUserDefinedAddress | Generating return summary for withdrawAll
[INFO] | 2024-02-20 10:53:51 AM | analyzer.ReentrantNonVulnerableUserDefinedAddress | Return summary generated for withdrawAll
[INFO] | 2024-02-20 10:53:51 AM | analyzer.ReentrantNonVulnerableUserDefinedAddress | Range graph generated
[INFO] | 2024-02-20 10:53:51 AM | analyzer.ReentrantNonVulnerableUserDefinedAddress | Processed function withdrawAll
[INFO] | 2024-02-20 10:53:51 AM | analyzer.ReentrantNonVulnerableUserDefinedAddress | Generating return summary for updateBalance
[INFO] | 2024-02-20 10:53:51 AM | analyzer.ReentrantNonVulnerableUserDefinedAddress | Return summary generated for updateBalance
[INFO] | 2024-02-20 10:53:51 AM | analyzer.ReentrantNonVulnerableUserDefinedAddress | Range graph generated
[INFO] | 2024-02-20 10:53:51 AM | analyzer.ReentrantNonVulnerableUserDefinedAddress | Processed function updateBalance
[INFO] | 2024-02-20 10:53:51 AM | analyzer.ReentrantNonVulnerableUserDefinedAddress | Value Range Analysis took 0.002497 seconds
[INFO] | 2024-02-20 10:53:51 AM | analyzer.ReentrantNonVulnerableUserDefinedAddress | Value Range Analysis finished
[INFO] | 2024-02-20 10:53:51 AM | analyzer.ReentrantNonVulnerableUserDefinedAddress | Storage dependency graph composition started!
[INFO] | 2024-02-20 10:53:51 AM | analyzer.ReentrantNonVulnerableUserDefinedAddress | Storage dependency graph composition finished!
[INFO] | 2024-02-20 10:53:51 AM | analyzer.ReentrantNonVulnerableUserDefinedAddress | Dependency detection started!
[INFO] | 2024-02-20 10:53:51 AM | analyzer.ReentrantNonVulnerableUserDefinedAddress | Dependency detection finished!
[INFO] | 2024-02-20 10:53:51 AM | analyzer.ReentrantNonVulnerableUserDefinedAddress | Static Analysis took 1.462723 seconds
[INFO] | 2024-02-20 10:53:51 AM | analyzer.ReentrantNonVulnerableUserDefinedAddress | Dependency does not exist
[INFO] | 2024-02-20 10:53:51 AM | analyzer.ReentrantNonVulnerableUserDefinedAddress | Symbolic execution is not needed!
[INFO] | 2024-02-20 10:53:51 AM | analyzer.ReentrantNonVulnerableUserDefinedAddress | Analysis finished!
[INFO] | 2024-02-20 10:53:51 AM | analyzer.ReentrantNonVulnerableUserDefinedAddress | Analysis took 1.463006 seconds
[INFO] | 2024-02-20 10:53:51 AM | analyzer.ReentrantNonVulnerableUserDefinedAddress | Analysis finished at: 2024-02-20 10:53:51 AM
[36m[#] Analysing started: ReentrantNonVulnerableUserDefinedAddress.sol[0m
[36m[#] Interprocedural CFG generation started for Reentrancy[0m
[36m[#] Interprocedural CFG generated for Reentrancy[0m
[36m[#] Interprocedural CFG generation started for withdrawAll[0m
[36m[#] Interprocedural CFG generated for withdrawAll[0m
[36m[#] Interprocedural CFG generation started for updateBalance[0m
[36m[#] Interprocedural CFG generated for updateBalance[0m
[36m[#] SDG generation started for Reentrancy[0m
[36m[#] SDG generated for Reentrancy[0m
[36m[#] SDG generation started for withdrawAll[0m
[36m[#] SDG generated for withdrawAll[0m
[36m[#] SDG generation started for updateBalance[0m
[36m[#] SDG generated for updateBalance[0m
[36m[#] Analysis took 1.463006 seconds[0m
[36m[#] Analysis completed: ReentrantNonVulnerableUserDefinedAddress.sol [0m
