[INFO] | 2024-02-20 11:12:57 AM | analyzer.ReentrantVulnerableNoEtherLossUserDefinedAddress | Analysis started at: 2024-02-20 11:12:57 AM
[INFO] | 2024-02-20 11:12:57 AM | analyzer.ReentrantVulnerableNoEtherLossUserDefinedAddress | Found version: 0.5.17
[INFO] | 2024-02-20 11:12:59 AM | analyzer.ReentrantVulnerableNoEtherLossUserDefinedAddress | Callgraph generation started!
[INFO] | 2024-02-20 11:12:59 AM | analyzer.ReentrantVulnerableNoEtherLossUserDefinedAddress | Callgraph generation finished!
[INFO] | 2024-02-20 11:12:59 AM | analyzer.ReentrantVulnerableNoEtherLossUserDefinedAddress | Interprocedural CFG generation started!
[INFO] | 2024-02-20 11:12:59 AM | analyzer.ReentrantVulnerableNoEtherLossUserDefinedAddress | Interprocedural CFG generation finished!
[INFO] | 2024-02-20 11:12:59 AM | analyzer.ReentrantVulnerableNoEtherLossUserDefinedAddress | Storage dependency graph generation started!
[INFO] | 2024-02-20 11:12:59 AM | analyzer.ReentrantVulnerableNoEtherLossUserDefinedAddress | Storage dependency graph generation finished!
[INFO] | 2024-02-20 11:12:59 AM | analyzer.ReentrantVulnerableNoEtherLossUserDefinedAddress | Value Range Analysis started
[INFO] | 2024-02-20 11:12:59 AM | analyzer.ReentrantVulnerableNoEtherLossUserDefinedAddress | Generating return summary for constructor
[INFO] | 2024-02-20 11:12:59 AM | analyzer.ReentrantVulnerableNoEtherLossUserDefinedAddress | Return summary generated for constructor
[INFO] | 2024-02-20 11:12:59 AM | analyzer.ReentrantVulnerableNoEtherLossUserDefinedAddress | State variable assignement do not exist
[INFO] | 2024-02-20 11:12:59 AM | analyzer.ReentrantVulnerableNoEtherLossUserDefinedAddress | Processed function constructor
[INFO] | 2024-02-20 11:12:59 AM | analyzer.ReentrantVulnerableNoEtherLossUserDefinedAddress | Generating return summary for request
[INFO] | 2024-02-20 11:12:59 AM | analyzer.ReentrantVulnerableNoEtherLossUserDefinedAddress | Return summary generated for request
[INFO] | 2024-02-20 11:12:59 AM | analyzer.ReentrantVulnerableNoEtherLossUserDefinedAddress | Range graph generated
[INFO] | 2024-02-20 11:12:59 AM | analyzer.ReentrantVulnerableNoEtherLossUserDefinedAddress | Processed function request
[INFO] | 2024-02-20 11:12:59 AM | analyzer.ReentrantVulnerableNoEtherLossUserDefinedAddress | Value Range Analysis took 0.001169 seconds
[INFO] | 2024-02-20 11:12:59 AM | analyzer.ReentrantVulnerableNoEtherLossUserDefinedAddress | Value Range Analysis finished
[INFO] | 2024-02-20 11:12:59 AM | analyzer.ReentrantVulnerableNoEtherLossUserDefinedAddress | Storage dependency graph composition started!
[INFO] | 2024-02-20 11:12:59 AM | analyzer.ReentrantVulnerableNoEtherLossUserDefinedAddress | Storage dependency graph composition finished!
[INFO] | 2024-02-20 11:12:59 AM | analyzer.ReentrantVulnerableNoEtherLossUserDefinedAddress | Dependency detection started!
[INFO] | 2024-02-20 11:12:59 AM | analyzer.ReentrantVulnerableNoEtherLossUserDefinedAddress | DAO dependency possibly detected in file ReentrantVulnerableNoEtherLossUserDefinedAddress.sol in contract Reentrancy in by composing functions request and request
[INFO] | 2024-02-20 11:12:59 AM | analyzer.ReentrantVulnerableNoEtherLossUserDefinedAddress | DAO dependency possibly detected in file ReentrantVulnerableNoEtherLossUserDefinedAddress.sol in contract Reentrancy in by composing functions request and request
[INFO] | 2024-02-20 11:12:59 AM | analyzer.ReentrantVulnerableNoEtherLossUserDefinedAddress | Dependency detection finished!
[INFO] | 2024-02-20 11:12:59 AM | analyzer.ReentrantVulnerableNoEtherLossUserDefinedAddress | Static Analysis took 2.187328 seconds
[INFO] | 2024-02-20 11:12:59 AM | analyzer.ReentrantVulnerableNoEtherLossUserDefinedAddress | Dependency exists
[INFO] | 2024-02-20 11:12:59 AM | analyzer.ReentrantVulnerableNoEtherLossUserDefinedAddress | Invoking symbolic executor!
[INFO] | 2024-02-20 11:13:00 AM | analyzer.ReentrantVulnerableNoEtherLossUserDefinedAddress | DAO dependency detected by composing functions request and request
[INFO] | 2024-02-20 11:13:00 AM | analyzer.ReentrantVulnerableNoEtherLossUserDefinedAddress | Symbolic execution took 1.253947 seconds
[INFO] | 2024-02-20 11:13:00 AM | analyzer.ReentrantVulnerableNoEtherLossUserDefinedAddress | Symbolic execution finished!
[INFO] | 2024-02-20 11:13:00 AM | analyzer.ReentrantVulnerableNoEtherLossUserDefinedAddress | Analysis finished!
[INFO] | 2024-02-20 11:13:00 AM | analyzer.ReentrantVulnerableNoEtherLossUserDefinedAddress | Analysis took 3.441735 seconds
[INFO] | 2024-02-20 11:13:00 AM | analyzer.ReentrantVulnerableNoEtherLossUserDefinedAddress | Analysis finished at: 2024-02-20 11:13:00 AM
[36m[#] Analysing started: ReentrantVulnerableNoEtherLossUserDefinedAddress.sol[0m
[36m[#] Interprocedural CFG generation started for constructor[0m
[36m[#] Interprocedural CFG generated for constructor[0m
[36m[#] Interprocedural CFG generation started for request[0m
[36m[#] Interprocedural CFG generated for request[0m
[36m[#] SDG generation started for constructor[0m
[36m[#] SDG generated for constructor[0m
[36m[#] SDG generation started for request[0m
[36m[#] SDG generated for request[0m
[36m[#] Analysis took 3.441735 seconds[0m
[36m[#] Analysis completed: ReentrantVulnerableNoEtherLossUserDefinedAddress.sol [0m
