[INFO] | 2024-02-20 11:12:41 AM | analyzer.ReentrantVulnerableEtherLossUserDefinedAddress | Analysis started at: 2024-02-20 11:12:41 AM
[INFO] | 2024-02-20 11:12:41 AM | analyzer.ReentrantVulnerableEtherLossUserDefinedAddress | Found version: 0.5.17
[INFO] | 2024-02-20 11:12:43 AM | analyzer.ReentrantVulnerableEtherLossUserDefinedAddress | Callgraph generation started!
[INFO] | 2024-02-20 11:12:43 AM | analyzer.ReentrantVulnerableEtherLossUserDefinedAddress | Callgraph generation finished!
[INFO] | 2024-02-20 11:12:43 AM | analyzer.ReentrantVulnerableEtherLossUserDefinedAddress | Interprocedural CFG generation started!
[INFO] | 2024-02-20 11:12:43 AM | analyzer.ReentrantVulnerableEtherLossUserDefinedAddress | Interprocedural CFG generation finished!
[INFO] | 2024-02-20 11:12:43 AM | analyzer.ReentrantVulnerableEtherLossUserDefinedAddress | Storage dependency graph generation started!
[INFO] | 2024-02-20 11:12:43 AM | analyzer.ReentrantVulnerableEtherLossUserDefinedAddress | Storage dependency graph generation finished!
[INFO] | 2024-02-20 11:12:43 AM | analyzer.ReentrantVulnerableEtherLossUserDefinedAddress | Value Range Analysis started
[INFO] | 2024-02-20 11:12:43 AM | analyzer.ReentrantVulnerableEtherLossUserDefinedAddress | Generating return summary for constructor
[INFO] | 2024-02-20 11:12:43 AM | analyzer.ReentrantVulnerableEtherLossUserDefinedAddress | Return summary generated for constructor
[INFO] | 2024-02-20 11:12:43 AM | analyzer.ReentrantVulnerableEtherLossUserDefinedAddress | State variable assignement do not exist
[INFO] | 2024-02-20 11:12:43 AM | analyzer.ReentrantVulnerableEtherLossUserDefinedAddress | Processed function constructor
[INFO] | 2024-02-20 11:12:43 AM | analyzer.ReentrantVulnerableEtherLossUserDefinedAddress | Generating return summary for withdrawBalance
[INFO] | 2024-02-20 11:12:43 AM | analyzer.ReentrantVulnerableEtherLossUserDefinedAddress | Return summary generated for withdrawBalance
Traceback (most recent call last):
  File "contractlint.py", line 94, in analyze_contracts
    generated_vrg = VRG(slither_obj, callgraph, sdg_objects, target_contracts, graph_dir, dump_graph, log)
  File "/root/sailfish/code/static_analysis/analysis/range_graph.py", line 74, in __init__
    self.setup()
  File "/root/sailfish/code/static_analysis/analysis/range_graph.py", line 160, in setup
    self.process_leaf_functions(cfg_obj)
  File "/root/sailfish/code/static_analysis/analysis/range_graph.py", line 246, in process_leaf_functions
    self.generate_range_graph(cfg_obj, parameters, return_values)
  File "/root/sailfish/code/static_analysis/analysis/range_graph.py", line 324, in generate_range_graph
    self.process_statevar_assignment(cfg_obj, parameters, return_values)
  File "/root/sailfish/code/static_analysis/analysis/range_graph.py", line 607, in process_statevar_assignment
    self.collect_conditional_pre_dominators(container_bb, cfg_obj, graph[0], graph[1], parameters)
  File "/root/sailfish/code/static_analysis/analysis/range_graph.py", line 444, in collect_conditional_pre_dominators
    range_node = RangeNode(s_lvar, parent, 'true', '==')
  File "/root/sailfish/code/static_analysis/analysis/range_node.py", line 31, in __init__
    self.setup()
  File "/root/sailfish/code/static_analysis/analysis/range_node.py", line 80, in setup
    left_expression = self.process_value_expressions(self._variable)
  File "/root/sailfish/code/static_analysis/analysis/range_node.py", line 295, in process_value_expressions
    assert real_count_or == right_count_or, "ORed count does not match, debug!"
AssertionError: ORed count does not match, debug!
[36m[#] Analysing started: ReentrantVulnerableEtherLossUserDefinedAddress.sol[0m
[36m[#] Interprocedural CFG generation started for constructor[0m
[36m[#] Interprocedural CFG generated for constructor[0m
[36m[#] Interprocedural CFG generation started for withdrawBalance[0m
[36m[#] Interprocedural CFG generated for withdrawBalance[0m
[36m[#] SDG generation started for constructor[0m
[36m[#] SDG generated for constructor[0m
[36m[#] SDG generation started for withdrawBalance[0m
[36m[#] SDG generated for withdrawBalance[0m
