[INFO] | 2024-02-20 10:55:40 AM | analyzer.ReentrantVulnerableEtherLossFixedAddress | Analysis started at: 2024-02-20 10:55:40 AM
[INFO] | 2024-02-20 10:55:40 AM | analyzer.ReentrantVulnerableEtherLossFixedAddress | Found version: 0.5.17
[INFO] | 2024-02-20 10:55:42 AM | analyzer.ReentrantVulnerableEtherLossFixedAddress | Callgraph generation started!
[INFO] | 2024-02-20 10:55:42 AM | analyzer.ReentrantVulnerableEtherLossFixedAddress | Callgraph generation finished!
[INFO] | 2024-02-20 10:55:42 AM | analyzer.ReentrantVulnerableEtherLossFixedAddress | Interprocedural CFG generation started!
[INFO] | 2024-02-20 10:55:42 AM | analyzer.ReentrantVulnerableEtherLossFixedAddress | Interprocedural CFG generation finished!
[INFO] | 2024-02-20 10:55:42 AM | analyzer.ReentrantVulnerableEtherLossFixedAddress | Storage dependency graph generation started!
[INFO] | 2024-02-20 10:55:42 AM | analyzer.ReentrantVulnerableEtherLossFixedAddress | Storage dependency graph generation finished!
[INFO] | 2024-02-20 10:55:42 AM | analyzer.ReentrantVulnerableEtherLossFixedAddress | Value Range Analysis started
[INFO] | 2024-02-20 10:55:42 AM | analyzer.ReentrantVulnerableEtherLossFixedAddress | Generating return summary for constructor
[INFO] | 2024-02-20 10:55:42 AM | analyzer.ReentrantVulnerableEtherLossFixedAddress | Return summary generated for constructor
[INFO] | 2024-02-20 10:55:42 AM | analyzer.ReentrantVulnerableEtherLossFixedAddress | State variable assignement do not exist
[INFO] | 2024-02-20 10:55:42 AM | analyzer.ReentrantVulnerableEtherLossFixedAddress | Processed function constructor
[INFO] | 2024-02-20 10:55:42 AM | analyzer.ReentrantVulnerableEtherLossFixedAddress | Generating return summary for withdrawAll
[INFO] | 2024-02-20 10:55:42 AM | analyzer.ReentrantVulnerableEtherLossFixedAddress | Return summary generated for withdrawAll
[INFO] | 2024-02-20 10:55:42 AM | analyzer.ReentrantVulnerableEtherLossFixedAddress | Range graph generated
[INFO] | 2024-02-20 10:55:42 AM | analyzer.ReentrantVulnerableEtherLossFixedAddress | Processed function withdrawAll
[INFO] | 2024-02-20 10:55:42 AM | analyzer.ReentrantVulnerableEtherLossFixedAddress | Generating return summary for transfer
[INFO] | 2024-02-20 10:55:42 AM | analyzer.ReentrantVulnerableEtherLossFixedAddress | Return summary generated for transfer
[INFO] | 2024-02-20 10:55:42 AM | analyzer.ReentrantVulnerableEtherLossFixedAddress | Range graph generated
[INFO] | 2024-02-20 10:55:42 AM | analyzer.ReentrantVulnerableEtherLossFixedAddress | Processed function transfer
[INFO] | 2024-02-20 10:55:42 AM | analyzer.ReentrantVulnerableEtherLossFixedAddress | Generating return summary for slitherConstructorVariables
[INFO] | 2024-02-20 10:55:42 AM | analyzer.ReentrantVulnerableEtherLossFixedAddress | Return summary generated for slitherConstructorVariables
[INFO] | 2024-02-20 10:55:42 AM | analyzer.ReentrantVulnerableEtherLossFixedAddress | Range graph generated
[INFO] | 2024-02-20 10:55:42 AM | analyzer.ReentrantVulnerableEtherLossFixedAddress | Processed function slitherConstructorVariables
[INFO] | 2024-02-20 10:55:42 AM | analyzer.ReentrantVulnerableEtherLossFixedAddress | Value Range Analysis took 0.002048 seconds
[INFO] | 2024-02-20 10:55:42 AM | analyzer.ReentrantVulnerableEtherLossFixedAddress | Value Range Analysis finished
[INFO] | 2024-02-20 10:55:42 AM | analyzer.ReentrantVulnerableEtherLossFixedAddress | Storage dependency graph composition started!
[INFO] | 2024-02-20 10:55:42 AM | analyzer.ReentrantVulnerableEtherLossFixedAddress | Storage dependency graph composition finished!
[INFO] | 2024-02-20 10:55:42 AM | analyzer.ReentrantVulnerableEtherLossFixedAddress | Dependency detection started!
[INFO] | 2024-02-20 10:55:42 AM | analyzer.ReentrantVulnerableEtherLossFixedAddress | Dependency detection finished!
[INFO] | 2024-02-20 10:55:42 AM | analyzer.ReentrantVulnerableEtherLossFixedAddress | Static Analysis took 2.039835 seconds
[INFO] | 2024-02-20 10:55:42 AM | analyzer.ReentrantVulnerableEtherLossFixedAddress | Dependency does not exist
[INFO] | 2024-02-20 10:55:42 AM | analyzer.ReentrantVulnerableEtherLossFixedAddress | Symbolic execution is not needed!
[INFO] | 2024-02-20 10:55:42 AM | analyzer.ReentrantVulnerableEtherLossFixedAddress | Analysis finished!
[INFO] | 2024-02-20 10:55:42 AM | analyzer.ReentrantVulnerableEtherLossFixedAddress | Analysis took 2.040080 seconds
[INFO] | 2024-02-20 10:55:42 AM | analyzer.ReentrantVulnerableEtherLossFixedAddress | Analysis finished at: 2024-02-20 10:55:42 AM
[36m[#] Analysing started: ReentrantVulnerableEtherLossFixedAddress.sol[0m
[36m[#] Interprocedural CFG generation started for constructor[0m
[36m[#] Interprocedural CFG generated for constructor[0m
[36m[#] Interprocedural CFG generation started for withdrawAll[0m
[36m[#] Interprocedural CFG generated for withdrawAll[0m
[36m[#] Interprocedural CFG generation started for transfer[0m
[36m[#] Interprocedural CFG generated for transfer[0m
[36m[#] SDG generation started for constructor[0m
[36m[#] SDG generated for constructor[0m
[36m[#] SDG generation started for withdrawAll[0m
[36m[#] SDG generated for withdrawAll[0m
[36m[#] SDG generation started for transfer[0m
[36m[#] SDG generated for transfer[0m
[36m[#] Analysis took 2.040080 seconds[0m
[36m[#] Analysis completed: ReentrantVulnerableEtherLossFixedAddress.sol [0m
