[INFO] | 2024-02-20 10:55:17 AM | analyzer.PossiblyTransferUserDefinedAddress | Analysis started at: 2024-02-20 10:55:17 AM
[INFO] | 2024-02-20 10:55:17 AM | analyzer.PossiblyTransferUserDefinedAddress | Found version: 0.5.17
[INFO] | 2024-02-20 10:55:20 AM | analyzer.PossiblyTransferUserDefinedAddress | Callgraph generation started!
[INFO] | 2024-02-20 10:55:20 AM | analyzer.PossiblyTransferUserDefinedAddress | Callgraph generation finished!
[INFO] | 2024-02-20 10:55:20 AM | analyzer.PossiblyTransferUserDefinedAddress | Interprocedural CFG generation started!
[INFO] | 2024-02-20 10:55:20 AM | analyzer.PossiblyTransferUserDefinedAddress | Interprocedural CFG generation finished!
[INFO] | 2024-02-20 10:55:20 AM | analyzer.PossiblyTransferUserDefinedAddress | Storage dependency graph generation started!
[INFO] | 2024-02-20 10:55:20 AM | analyzer.PossiblyTransferUserDefinedAddress | Storage dependency graph generation finished!
[INFO] | 2024-02-20 10:55:20 AM | analyzer.PossiblyTransferUserDefinedAddress | Value Range Analysis started
[INFO] | 2024-02-20 10:55:20 AM | analyzer.PossiblyTransferUserDefinedAddress | Generating return summary for constructor
[INFO] | 2024-02-20 10:55:20 AM | analyzer.PossiblyTransferUserDefinedAddress | Return summary generated for constructor
[INFO] | 2024-02-20 10:55:20 AM | analyzer.PossiblyTransferUserDefinedAddress | State variable assignement do not exist
[INFO] | 2024-02-20 10:55:20 AM | analyzer.PossiblyTransferUserDefinedAddress | Processed function constructor
[INFO] | 2024-02-20 10:55:20 AM | analyzer.PossiblyTransferUserDefinedAddress | Generating return summary for withdrawAll
[INFO] | 2024-02-20 10:55:20 AM | analyzer.PossiblyTransferUserDefinedAddress | Return summary generated for withdrawAll
[INFO] | 2024-02-20 10:55:20 AM | analyzer.PossiblyTransferUserDefinedAddress | Range graph generated
[INFO] | 2024-02-20 10:55:20 AM | analyzer.PossiblyTransferUserDefinedAddress | Processed function withdrawAll
[INFO] | 2024-02-20 10:55:20 AM | analyzer.PossiblyTransferUserDefinedAddress | Generating return summary for transfer
[INFO] | 2024-02-20 10:55:20 AM | analyzer.PossiblyTransferUserDefinedAddress | Return summary generated for transfer
[INFO] | 2024-02-20 10:55:20 AM | analyzer.PossiblyTransferUserDefinedAddress | Range graph generated
[INFO] | 2024-02-20 10:55:20 AM | analyzer.PossiblyTransferUserDefinedAddress | Processed function transfer
[INFO] | 2024-02-20 10:55:20 AM | analyzer.PossiblyTransferUserDefinedAddress | Value Range Analysis took 0.002534 seconds
[INFO] | 2024-02-20 10:55:20 AM | analyzer.PossiblyTransferUserDefinedAddress | Value Range Analysis finished
[INFO] | 2024-02-20 10:55:20 AM | analyzer.PossiblyTransferUserDefinedAddress | Storage dependency graph composition started!
[INFO] | 2024-02-20 10:55:20 AM | analyzer.PossiblyTransferUserDefinedAddress | Storage dependency graph composition finished!
[INFO] | 2024-02-20 10:55:20 AM | analyzer.PossiblyTransferUserDefinedAddress | Dependency detection started!
[INFO] | 2024-02-20 10:55:20 AM | analyzer.PossiblyTransferUserDefinedAddress | Dependency detection finished!
[INFO] | 2024-02-20 10:55:20 AM | analyzer.PossiblyTransferUserDefinedAddress | Static Analysis took 2.268753 seconds
[INFO] | 2024-02-20 10:55:20 AM | analyzer.PossiblyTransferUserDefinedAddress | Dependency does not exist
[INFO] | 2024-02-20 10:55:20 AM | analyzer.PossiblyTransferUserDefinedAddress | Symbolic execution is not needed!
[INFO] | 2024-02-20 10:55:20 AM | analyzer.PossiblyTransferUserDefinedAddress | Analysis finished!
[INFO] | 2024-02-20 10:55:20 AM | analyzer.PossiblyTransferUserDefinedAddress | Analysis took 2.269079 seconds
[INFO] | 2024-02-20 10:55:20 AM | analyzer.PossiblyTransferUserDefinedAddress | Analysis finished at: 2024-02-20 10:55:20 AM
[36m[#] Analysing started: PossiblyTransferUserDefinedAddress.sol[0m
[36m[#] Interprocedural CFG generation started for constructor[0m
[36m[#] Interprocedural CFG generated for constructor[0m
[36m[#] Interprocedural CFG generation started for withdrawAll[0m
[36m[#] Interprocedural CFG generated for withdrawAll[0m
[36m[#] Interprocedural CFG generation started for transfer[0m
[36m[#] Interprocedural CFG generated for transfer[0m
[36m[#] SDG generation started for constructor[0m
[36m[#] SDG generated for constructor[0m
[36m[#] SDG generation started for withdrawAll[0m
[36m[#] SDG generated for withdrawAll[0m
[36m[#] SDG generation started for transfer[0m
[36m[#] SDG generated for transfer[0m
[36m[#] Analysis took 2.269079 seconds[0m
[36m[#] Analysis completed: PossiblyTransferUserDefinedAddress.sol [0m
