[INFO] | 2024-02-20 11:12:10 AM | analyzer.PossiblyTransferUserDefinedAddress | Analysis started at: 2024-02-20 11:12:10 AM
[INFO] | 2024-02-20 11:12:10 AM | analyzer.PossiblyTransferUserDefinedAddress | Found version: 0.5.17
[INFO] | 2024-02-20 11:12:12 AM | analyzer.PossiblyTransferUserDefinedAddress | Callgraph generation started!
[INFO] | 2024-02-20 11:12:12 AM | analyzer.PossiblyTransferUserDefinedAddress | Callgraph generation finished!
[INFO] | 2024-02-20 11:12:12 AM | analyzer.PossiblyTransferUserDefinedAddress | Interprocedural CFG generation started!
[INFO] | 2024-02-20 11:12:12 AM | analyzer.PossiblyTransferUserDefinedAddress | Interprocedural CFG generation finished!
[INFO] | 2024-02-20 11:12:12 AM | analyzer.PossiblyTransferUserDefinedAddress | Storage dependency graph generation started!
[INFO] | 2024-02-20 11:12:12 AM | analyzer.PossiblyTransferUserDefinedAddress | Storage dependency graph generation finished!
[INFO] | 2024-02-20 11:12:12 AM | analyzer.PossiblyTransferUserDefinedAddress | Value Range Analysis started
[INFO] | 2024-02-20 11:12:12 AM | analyzer.PossiblyTransferUserDefinedAddress | Generating return summary for constructor
[INFO] | 2024-02-20 11:12:12 AM | analyzer.PossiblyTransferUserDefinedAddress | Return summary generated for constructor
[INFO] | 2024-02-20 11:12:12 AM | analyzer.PossiblyTransferUserDefinedAddress | State variable assignement do not exist
[INFO] | 2024-02-20 11:12:12 AM | analyzer.PossiblyTransferUserDefinedAddress | Processed function constructor
[INFO] | 2024-02-20 11:12:12 AM | analyzer.PossiblyTransferUserDefinedAddress | Generating return summary for withdrawBalance
[INFO] | 2024-02-20 11:12:12 AM | analyzer.PossiblyTransferUserDefinedAddress | Return summary generated for withdrawBalance
[INFO] | 2024-02-20 11:12:12 AM | analyzer.PossiblyTransferUserDefinedAddress | Range graph generated
[INFO] | 2024-02-20 11:12:12 AM | analyzer.PossiblyTransferUserDefinedAddress | Processed function withdrawBalance
[INFO] | 2024-02-20 11:12:12 AM | analyzer.PossiblyTransferUserDefinedAddress | Value Range Analysis took 0.001403 seconds
[INFO] | 2024-02-20 11:12:12 AM | analyzer.PossiblyTransferUserDefinedAddress | Value Range Analysis finished
[INFO] | 2024-02-20 11:12:12 AM | analyzer.PossiblyTransferUserDefinedAddress | Storage dependency graph composition started!
[INFO] | 2024-02-20 11:12:12 AM | analyzer.PossiblyTransferUserDefinedAddress | Storage dependency graph composition finished!
[INFO] | 2024-02-20 11:12:12 AM | analyzer.PossiblyTransferUserDefinedAddress | Dependency detection started!
[INFO] | 2024-02-20 11:12:12 AM | analyzer.PossiblyTransferUserDefinedAddress | Dependency detection finished!
[INFO] | 2024-02-20 11:12:12 AM | analyzer.PossiblyTransferUserDefinedAddress | Static Analysis took 1.697214 seconds
[INFO] | 2024-02-20 11:12:12 AM | analyzer.PossiblyTransferUserDefinedAddress | Dependency does not exist
[INFO] | 2024-02-20 11:12:12 AM | analyzer.PossiblyTransferUserDefinedAddress | Symbolic execution is not needed!
[INFO] | 2024-02-20 11:12:12 AM | analyzer.PossiblyTransferUserDefinedAddress | Analysis finished!
[INFO] | 2024-02-20 11:12:12 AM | analyzer.PossiblyTransferUserDefinedAddress | Analysis took 1.697517 seconds
[INFO] | 2024-02-20 11:12:12 AM | analyzer.PossiblyTransferUserDefinedAddress | Analysis finished at: 2024-02-20 11:12:12 AM
[36m[#] Analysing started: PossiblyTransferUserDefinedAddress.sol[0m
[36m[#] Interprocedural CFG generation started for constructor[0m
[36m[#] Interprocedural CFG generated for constructor[0m
[36m[#] Interprocedural CFG generation started for withdrawBalance[0m
[36m[#] Interprocedural CFG generated for withdrawBalance[0m
[36m[#] SDG generation started for constructor[0m
[36m[#] SDG generated for constructor[0m
[36m[#] SDG generation started for withdrawBalance[0m
[36m[#] SDG generated for withdrawBalance[0m
[36m[#] Analysis took 1.697517 seconds[0m
[36m[#] Analysis completed: PossiblyTransferUserDefinedAddress.sol [0m
