[INFO] | 2024-02-20 11:04:08 AM | analyzer.ReentrantNonVulnerableUserDefinedAddress | Analysis started at: 2024-02-20 11:04:08 AM
[INFO] | 2024-02-20 11:04:08 AM | analyzer.ReentrantNonVulnerableUserDefinedAddress | Found version: 0.5.17
[INFO] | 2024-02-20 11:04:10 AM | analyzer.ReentrantNonVulnerableUserDefinedAddress | Callgraph generation started!
[INFO] | 2024-02-20 11:04:10 AM | analyzer.ReentrantNonVulnerableUserDefinedAddress | Callgraph generation finished!
[INFO] | 2024-02-20 11:04:10 AM | analyzer.ReentrantNonVulnerableUserDefinedAddress | Interprocedural CFG generation started!
[INFO] | 2024-02-20 11:04:10 AM | analyzer.ReentrantNonVulnerableUserDefinedAddress | Interprocedural CFG generation finished!
[INFO] | 2024-02-20 11:04:10 AM | analyzer.ReentrantNonVulnerableUserDefinedAddress | Storage dependency graph generation started!
[WARNING] | 2024-02-20 11:04:10 AM | analyzer.ReentrantNonVulnerableUserDefinedAddress | Issues with getting the high level call destination address
[INFO] | 2024-02-20 11:04:10 AM | analyzer.ReentrantNonVulnerableUserDefinedAddress | Storage dependency graph generation finished!
[INFO] | 2024-02-20 11:04:10 AM | analyzer.ReentrantNonVulnerableUserDefinedAddress | Value Range Analysis started
[INFO] | 2024-02-20 11:04:10 AM | analyzer.ReentrantNonVulnerableUserDefinedAddress | Generating return summary for send
[INFO] | 2024-02-20 11:04:10 AM | analyzer.ReentrantNonVulnerableUserDefinedAddress | Return summary generated for send
[INFO] | 2024-02-20 11:04:10 AM | analyzer.ReentrantNonVulnerableUserDefinedAddress | State variable assignement do not exist
[INFO] | 2024-02-20 11:04:10 AM | analyzer.ReentrantNonVulnerableUserDefinedAddress | Processed function send
[INFO] | 2024-02-20 11:04:10 AM | analyzer.ReentrantNonVulnerableUserDefinedAddress | Generating return summary for constructor
[INFO] | 2024-02-20 11:04:10 AM | analyzer.ReentrantNonVulnerableUserDefinedAddress | Return summary generated for constructor
[INFO] | 2024-02-20 11:04:10 AM | analyzer.ReentrantNonVulnerableUserDefinedAddress | Range graph generated
[INFO] | 2024-02-20 11:04:10 AM | analyzer.ReentrantNonVulnerableUserDefinedAddress | Processed function constructor
[INFO] | 2024-02-20 11:04:10 AM | analyzer.ReentrantNonVulnerableUserDefinedAddress | Generating return summary for _libsend
[INFO] | 2024-02-20 11:04:10 AM | analyzer.ReentrantNonVulnerableUserDefinedAddress | Return summary generated for _libsend
[INFO] | 2024-02-20 11:04:10 AM | analyzer.ReentrantNonVulnerableUserDefinedAddress | State variable assignement do not exist
[INFO] | 2024-02-20 11:04:10 AM | analyzer.ReentrantNonVulnerableUserDefinedAddress | Processed function _libsend
[INFO] | 2024-02-20 11:04:10 AM | analyzer.ReentrantNonVulnerableUserDefinedAddress | Generating return summary for request
[INFO] | 2024-02-20 11:04:10 AM | analyzer.ReentrantNonVulnerableUserDefinedAddress | Return summary generated for request
[INFO] | 2024-02-20 11:04:10 AM | analyzer.ReentrantNonVulnerableUserDefinedAddress | Range graph generated
[INFO] | 2024-02-20 11:04:10 AM | analyzer.ReentrantNonVulnerableUserDefinedAddress | Processed function request
[INFO] | 2024-02-20 11:04:10 AM | analyzer.ReentrantNonVulnerableUserDefinedAddress | Value Range Analysis took 0.001651 seconds
[INFO] | 2024-02-20 11:04:10 AM | analyzer.ReentrantNonVulnerableUserDefinedAddress | Value Range Analysis finished
[INFO] | 2024-02-20 11:04:10 AM | analyzer.ReentrantNonVulnerableUserDefinedAddress | Storage dependency graph composition started!
[INFO] | 2024-02-20 11:04:10 AM | analyzer.ReentrantNonVulnerableUserDefinedAddress | Storage dependency graph composition finished!
[INFO] | 2024-02-20 11:04:10 AM | analyzer.ReentrantNonVulnerableUserDefinedAddress | Dependency detection started!
[INFO] | 2024-02-20 11:04:10 AM | analyzer.ReentrantNonVulnerableUserDefinedAddress | Dependency detection finished!
[INFO] | 2024-02-20 11:04:10 AM | analyzer.ReentrantNonVulnerableUserDefinedAddress | Static Analysis took 1.981673 seconds
[INFO] | 2024-02-20 11:04:10 AM | analyzer.ReentrantNonVulnerableUserDefinedAddress | Dependency does not exist
[INFO] | 2024-02-20 11:04:10 AM | analyzer.ReentrantNonVulnerableUserDefinedAddress | Symbolic execution is not needed!
[INFO] | 2024-02-20 11:04:10 AM | analyzer.ReentrantNonVulnerableUserDefinedAddress | Analysis finished!
[INFO] | 2024-02-20 11:04:10 AM | analyzer.ReentrantNonVulnerableUserDefinedAddress | Analysis took 1.982125 seconds
[INFO] | 2024-02-20 11:04:10 AM | analyzer.ReentrantNonVulnerableUserDefinedAddress | Analysis finished at: 2024-02-20 11:04:10 AM
[36m[#] Analysing started: ReentrantNonVulnerableUserDefinedAddress.sol[0m
[36m[#] Interprocedural CFG generation started for send[0m
[36m[#] Interprocedural CFG generated for send[0m
[36m[#] Interprocedural CFG generation started for constructor[0m
[36m[#] Interprocedural CFG generated for constructor[0m
[36m[#] Interprocedural CFG generation started for request[0m
[36m[#] Interprocedural CFG generated for request[0m
[36m[#] SDG generation started for send[0m
[36m[#] SDG generated for send[0m
[36m[#] SDG generation started for constructor[0m
[36m[#] SDG generated for constructor[0m
[36m[#] SDG generation started for request[0m
[36m[#] SDG generated for request[0m
[36m[#] Analysis took 1.982125 seconds[0m
[36m[#] Analysis completed: ReentrantNonVulnerableUserDefinedAddress.sol [0m
