[INFO] | 2024-03-12 12:39:36 AM | analyzer.PossiblySendFixedAddress | Analysis started at: 2024-03-12 12:39:36 AM
[INFO] | 2024-03-12 12:39:36 AM | analyzer.PossiblySendFixedAddress | Found version: 0.4.26
[INFO] | 2024-03-12 12:39:38 AM | analyzer.PossiblySendFixedAddress | Callgraph generation started!
[INFO] | 2024-03-12 12:39:38 AM | analyzer.PossiblySendFixedAddress | Callgraph generation finished!
[INFO] | 2024-03-12 12:39:38 AM | analyzer.PossiblySendFixedAddress | Interprocedural CFG generation started!
[INFO] | 2024-03-12 12:39:38 AM | analyzer.PossiblySendFixedAddress | Interprocedural CFG generation finished!
[INFO] | 2024-03-12 12:39:38 AM | analyzer.PossiblySendFixedAddress | Storage dependency graph generation started!
[INFO] | 2024-03-12 12:39:38 AM | analyzer.PossiblySendFixedAddress | Storage dependency graph generation finished!
[INFO] | 2024-03-12 12:39:38 AM | analyzer.PossiblySendFixedAddress | Value Range Analysis started
[INFO] | 2024-03-12 12:39:38 AM | analyzer.PossiblySendFixedAddress | Generating return summary for registerIntermediary
[INFO] | 2024-03-12 12:39:38 AM | analyzer.PossiblySendFixedAddress | Return summary generated for registerIntermediary
[INFO] | 2024-03-12 12:39:38 AM | analyzer.PossiblySendFixedAddress | State variable assignement do not exist
[INFO] | 2024-03-12 12:39:38 AM | analyzer.PossiblySendFixedAddress | Processed function registerIntermediary
[INFO] | 2024-03-12 12:39:38 AM | analyzer.PossiblySendFixedAddress | Generating return summary for constructor
[INFO] | 2024-03-12 12:39:38 AM | analyzer.PossiblySendFixedAddress | Return summary generated for constructor
[INFO] | 2024-03-12 12:39:38 AM | analyzer.PossiblySendFixedAddress | Range graph generated
[INFO] | 2024-03-12 12:39:38 AM | analyzer.PossiblySendFixedAddress | Processed function constructor
[INFO] | 2024-03-12 12:39:38 AM | analyzer.PossiblySendFixedAddress | Generating return summary for slitherConstructorVariables
[INFO] | 2024-03-12 12:39:38 AM | analyzer.PossiblySendFixedAddress | Return summary generated for slitherConstructorVariables
[INFO] | 2024-03-12 12:39:38 AM | analyzer.PossiblySendFixedAddress | Range graph generated
[INFO] | 2024-03-12 12:39:38 AM | analyzer.PossiblySendFixedAddress | Processed function slitherConstructorVariables
[INFO] | 2024-03-12 12:39:38 AM | analyzer.PossiblySendFixedAddress | Generating return summary for getBalance
[INFO] | 2024-03-12 12:39:38 AM | analyzer.PossiblySendFixedAddress | Return summary generated for getBalance
[INFO] | 2024-03-12 12:39:38 AM | analyzer.PossiblySendFixedAddress | State variable assignement do not exist
[INFO] | 2024-03-12 12:39:38 AM | analyzer.PossiblySendFixedAddress | Processed function getBalance
[INFO] | 2024-03-12 12:39:38 AM | analyzer.PossiblySendFixedAddress | Generating return summary for withdraw
[INFO] | 2024-03-12 12:39:38 AM | analyzer.PossiblySendFixedAddress | Return summary generated for withdraw
[INFO] | 2024-03-12 12:39:38 AM | analyzer.PossiblySendFixedAddress | Range graph generated
[INFO] | 2024-03-12 12:39:38 AM | analyzer.PossiblySendFixedAddress | Processed function withdraw
[INFO] | 2024-03-12 12:39:38 AM | analyzer.PossiblySendFixedAddress | Generating return summary for deposit
[INFO] | 2024-03-12 12:39:38 AM | analyzer.PossiblySendFixedAddress | Return summary generated for deposit
[INFO] | 2024-03-12 12:39:38 AM | analyzer.PossiblySendFixedAddress | Range graph generated
[INFO] | 2024-03-12 12:39:38 AM | analyzer.PossiblySendFixedAddress | Processed function deposit
[INFO] | 2024-03-12 12:39:38 AM | analyzer.PossiblySendFixedAddress | Value Range Analysis took 0.003876 seconds
[INFO] | 2024-03-12 12:39:38 AM | analyzer.PossiblySendFixedAddress | Value Range Analysis finished
[INFO] | 2024-03-12 12:39:38 AM | analyzer.PossiblySendFixedAddress | Storage dependency graph composition started!
[INFO] | 2024-03-12 12:39:38 AM | analyzer.PossiblySendFixedAddress | Storage dependency graph composition finished!
[INFO] | 2024-03-12 12:39:38 AM | analyzer.PossiblySendFixedAddress | Dependency detection started!
[INFO] | 2024-03-12 12:39:38 AM | analyzer.PossiblySendFixedAddress | Dependency detection finished!
[INFO] | 2024-03-12 12:39:38 AM | analyzer.PossiblySendFixedAddress | Static Analysis took 1.680935 seconds
[INFO] | 2024-03-12 12:39:38 AM | analyzer.PossiblySendFixedAddress | Dependency does not exist
[INFO] | 2024-03-12 12:39:38 AM | analyzer.PossiblySendFixedAddress | Symbolic execution is not needed!
[INFO] | 2024-03-12 12:39:38 AM | analyzer.PossiblySendFixedAddress | Analysis finished!
[INFO] | 2024-03-12 12:39:38 AM | analyzer.PossiblySendFixedAddress | Analysis took 1.681217 seconds
[INFO] | 2024-03-12 12:39:38 AM | analyzer.PossiblySendFixedAddress | Analysis finished at: 2024-03-12 12:39:38 AM
[36m[#] Analysing started: PossiblySendFixedAddress.sol[0m
[36m[#] Interprocedural CFG generation started for registerIntermediary[0m
[36m[#] Interprocedural CFG generated for registerIntermediary[0m
[36m[#] Interprocedural CFG generation started for constructor[0m
[36m[#] Interprocedural CFG generated for constructor[0m
[36m[#] Interprocedural CFG generation started for getBalance[0m
[36m[#] Interprocedural CFG generated for getBalance[0m
[36m[#] Interprocedural CFG generation started for withdraw[0m
[36m[#] Interprocedural CFG generated for withdraw[0m
[36m[#] Interprocedural CFG generation started for deposit[0m
[36m[#] Interprocedural CFG generated for deposit[0m
[36m[#] SDG generation started for registerIntermediary[0m
[36m[#] SDG generated for registerIntermediary[0m
[36m[#] SDG generation started for constructor[0m
[36m[#] SDG generated for constructor[0m
[36m[#] SDG generation started for getBalance[0m
[36m[#] SDG generated for getBalance[0m
[36m[#] SDG generation started for withdraw[0m
[36m[#] SDG generated for withdraw[0m
[36m[#] SDG generation started for deposit[0m
[36m[#] SDG generated for deposit[0m
[36m[#] Analysis took 1.681217 seconds[0m
[36m[#] Analysis completed: PossiblySendFixedAddress.sol [0m
