WARNING:root:You are using evm version 1.13.5. The supported version is 1.7.3
INFO:CryticCompile:Compilation warnings/errors on /sb/ReentrantVulnerableEtherLossFixedAddress.sol:
/sb/ReentrantVulnerableEtherLossFixedAddress.sol:15:9: Warning: Return value of low-level calls not used.
        to.call.value(amount)("");
        ^-----------------------^
/sb/ReentrantVulnerableEtherLossFixedAddress.sol:50:9: Warning: Return value of low-level calls not used.
        address(safesender).delegatecall(abi.encodeWithSignature("send(address,uint256)", to, amount));
        ^--------------------------------------------------------------------------------------------^

incomplete push instruction at 1259
incomplete push instruction at 287
INFO:root:contract /sb/ReentrantVulnerableEtherLossFixedAddress.sol:Bank:
INFO:symExec:	============ Results ===========
INFO:symExec:	  EVM Code Coverage: 			 79.2%
INFO:symExec:	  Integer Underflow: 			 True
INFO:symExec:	  Integer Overflow: 			 True
INFO:symExec:	  Parity Multisig Bug 2: 		 False
INFO:symExec:	  Callstack Depth Attack Vulnerability:  False
INFO:symExec:	  Transaction-Ordering Dependence (TOD): False
INFO:symExec:	  Timestamp Dependency: 		 False
INFO:symExec:	  Re-Entrancy Vulnerability: 		 False
INFO:symExec:/sb/ReentrantVulnerableEtherLossFixedAddress.sol:5:47: Warning: Integer Underflow.
// handles parts of the business logic. In this case the SafeSending library
Integer Underflow occurs if:
    balances[receiver] = 0
    amount = 0
INFO:symExec:/sb/ReentrantVulnerableEtherLossFixedAddress.sol:50:9: Warning: Integer Overflow.
        address(safesender).delegatecall(abi.encodeWithSignature("send(address,uint256)", to, amount))
Integer Overflow occurs if:
    balances[receiver] = 0
    amount = 0
/sb/ReentrantVulnerableEtherLossFixedAddress.sol:35:9: Warning: Integer Overflow.
        balances[receiver] += msg.value
Integer Overflow occurs if:
    balances[receiver] = 1
INFO:symExec:	====== Analysis Completed ======
INFO:root:contract /sb/ReentrantVulnerableEtherLossFixedAddress.sol:SafeSending:
INFO:symExec:	============ Results ===========
INFO:symExec:	  EVM Code Coverage: 			 77.6%
INFO:symExec:	  Integer Underflow: 			 False
INFO:symExec:	  Integer Overflow: 			 False
INFO:symExec:	  Parity Multisig Bug 2: 		 False
INFO:symExec:	  Callstack Depth Attack Vulnerability:  False
INFO:symExec:	  Transaction-Ordering Dependence (TOD): False
INFO:symExec:	  Timestamp Dependency: 		 False
INFO:symExec:	  Re-Entrancy Vulnerability: 		 True
INFO:symExec:/sb/ReentrantVulnerableEtherLossFixedAddress.sol:15:9: Warning: Re-Entrancy Vulnerability.
        to.call.value(amount)("")
INFO:symExec:	====== Analysis Completed ======
