[INFO] | 2024-02-20 11:10:53 AM | analyzer.ReentrantVulnerableEtherLossFixedAddress | Analysis started at: 2024-02-20 11:10:53 AM
[INFO] | 2024-02-20 11:10:53 AM | analyzer.ReentrantVulnerableEtherLossFixedAddress | Found version: 0.4.26
[INFO] | 2024-02-20 11:10:55 AM | analyzer.ReentrantVulnerableEtherLossFixedAddress | Callgraph generation started!
[INFO] | 2024-02-20 11:10:55 AM | analyzer.ReentrantVulnerableEtherLossFixedAddress | Callgraph generation finished!
[INFO] | 2024-02-20 11:10:55 AM | analyzer.ReentrantVulnerableEtherLossFixedAddress | Interprocedural CFG generation started!
[INFO] | 2024-02-20 11:10:55 AM | analyzer.ReentrantVulnerableEtherLossFixedAddress | Interprocedural CFG generation finished!
[INFO] | 2024-02-20 11:10:55 AM | analyzer.ReentrantVulnerableEtherLossFixedAddress | Storage dependency graph generation started!
[INFO] | 2024-02-20 11:10:55 AM | analyzer.ReentrantVulnerableEtherLossFixedAddress | Storage dependency graph generation finished!
[INFO] | 2024-02-20 11:10:55 AM | analyzer.ReentrantVulnerableEtherLossFixedAddress | Value Range Analysis started
[INFO] | 2024-02-20 11:10:55 AM | analyzer.ReentrantVulnerableEtherLossFixedAddress | Generating return summary for Reentrancy
[INFO] | 2024-02-20 11:10:55 AM | analyzer.ReentrantVulnerableEtherLossFixedAddress | Return summary generated for Reentrancy
[INFO] | 2024-02-20 11:10:55 AM | analyzer.ReentrantVulnerableEtherLossFixedAddress | State variable assignement do not exist
[INFO] | 2024-02-20 11:10:55 AM | analyzer.ReentrantVulnerableEtherLossFixedAddress | Processed function Reentrancy
[INFO] | 2024-02-20 11:10:55 AM | analyzer.ReentrantVulnerableEtherLossFixedAddress | Generating return summary for withdrawBalance
[INFO] | 2024-02-20 11:10:55 AM | analyzer.ReentrantVulnerableEtherLossFixedAddress | Return summary generated for withdrawBalance
[INFO] | 2024-02-20 11:10:55 AM | analyzer.ReentrantVulnerableEtherLossFixedAddress | Range graph generated
[INFO] | 2024-02-20 11:10:55 AM | analyzer.ReentrantVulnerableEtherLossFixedAddress | Processed function withdrawBalance
[INFO] | 2024-02-20 11:10:55 AM | analyzer.ReentrantVulnerableEtherLossFixedAddress | Generating return summary for slitherConstructorVariables
[INFO] | 2024-02-20 11:10:55 AM | analyzer.ReentrantVulnerableEtherLossFixedAddress | Return summary generated for slitherConstructorVariables
[INFO] | 2024-02-20 11:10:55 AM | analyzer.ReentrantVulnerableEtherLossFixedAddress | Range graph generated
[INFO] | 2024-02-20 11:10:55 AM | analyzer.ReentrantVulnerableEtherLossFixedAddress | Processed function slitherConstructorVariables
[INFO] | 2024-02-20 11:10:55 AM | analyzer.ReentrantVulnerableEtherLossFixedAddress | Value Range Analysis took 0.001652 seconds
[INFO] | 2024-02-20 11:10:55 AM | analyzer.ReentrantVulnerableEtherLossFixedAddress | Value Range Analysis finished
[INFO] | 2024-02-20 11:10:55 AM | analyzer.ReentrantVulnerableEtherLossFixedAddress | Storage dependency graph composition started!
[INFO] | 2024-02-20 11:10:55 AM | analyzer.ReentrantVulnerableEtherLossFixedAddress | Storage dependency graph composition finished!
[INFO] | 2024-02-20 11:10:55 AM | analyzer.ReentrantVulnerableEtherLossFixedAddress | Dependency detection started!
[INFO] | 2024-02-20 11:10:55 AM | analyzer.ReentrantVulnerableEtherLossFixedAddress | Dependency detection finished!
[INFO] | 2024-02-20 11:10:55 AM | analyzer.ReentrantVulnerableEtherLossFixedAddress | Static Analysis took 1.783266 seconds
[INFO] | 2024-02-20 11:10:55 AM | analyzer.ReentrantVulnerableEtherLossFixedAddress | Dependency does not exist
[INFO] | 2024-02-20 11:10:55 AM | analyzer.ReentrantVulnerableEtherLossFixedAddress | Symbolic execution is not needed!
[INFO] | 2024-02-20 11:10:55 AM | analyzer.ReentrantVulnerableEtherLossFixedAddress | Analysis finished!
[INFO] | 2024-02-20 11:10:55 AM | analyzer.ReentrantVulnerableEtherLossFixedAddress | Analysis took 1.783599 seconds
[INFO] | 2024-02-20 11:10:55 AM | analyzer.ReentrantVulnerableEtherLossFixedAddress | Analysis finished at: 2024-02-20 11:10:55 AM
[36m[#] Analysing started: ReentrantVulnerableEtherLossFixedAddress.sol[0m
[36m[#] Interprocedural CFG generation started for Reentrancy[0m
[36m[#] Interprocedural CFG generated for Reentrancy[0m
[36m[#] Interprocedural CFG generation started for withdrawBalance[0m
[36m[#] Interprocedural CFG generated for withdrawBalance[0m
[36m[#] SDG generation started for Reentrancy[0m
[36m[#] SDG generated for Reentrancy[0m
[36m[#] SDG generation started for withdrawBalance[0m
[36m[#] SDG generated for withdrawBalance[0m
[36m[#] Analysis took 1.783599 seconds[0m
[36m[#] Analysis completed: ReentrantVulnerableEtherLossFixedAddress.sol [0m
