[INFO] | 2024-02-20 10:52:47 AM | analyzer.NonReentrant | Analysis started at: 2024-02-20 10:52:47 AM
[INFO] | 2024-02-20 10:52:48 AM | analyzer.NonReentrant | Found version: 0.4.26
[INFO] | 2024-02-20 10:52:49 AM | analyzer.NonReentrant | Callgraph generation started!
[INFO] | 2024-02-20 10:52:49 AM | analyzer.NonReentrant | Callgraph generation finished!
[INFO] | 2024-02-20 10:52:49 AM | analyzer.NonReentrant | Interprocedural CFG generation started!
[INFO] | 2024-02-20 10:52:49 AM | analyzer.NonReentrant | Interprocedural CFG generation finished!
[INFO] | 2024-02-20 10:52:49 AM | analyzer.NonReentrant | Storage dependency graph generation started!
[INFO] | 2024-02-20 10:52:49 AM | analyzer.NonReentrant | Storage dependency graph generation finished!
[INFO] | 2024-02-20 10:52:49 AM | analyzer.NonReentrant | Value Range Analysis started
[INFO] | 2024-02-20 10:52:49 AM | analyzer.NonReentrant | Generating return summary for Reentrancy
[INFO] | 2024-02-20 10:52:49 AM | analyzer.NonReentrant | Return summary generated for Reentrancy
[INFO] | 2024-02-20 10:52:49 AM | analyzer.NonReentrant | State variable assignement do not exist
[INFO] | 2024-02-20 10:52:49 AM | analyzer.NonReentrant | Processed function Reentrancy
[INFO] | 2024-02-20 10:52:49 AM | analyzer.NonReentrant | Generating return summary for request
[INFO] | 2024-02-20 10:52:49 AM | analyzer.NonReentrant | Return summary generated for request
[INFO] | 2024-02-20 10:52:49 AM | analyzer.NonReentrant | Range graph generated
[INFO] | 2024-02-20 10:52:49 AM | analyzer.NonReentrant | Processed function request
[INFO] | 2024-02-20 10:52:49 AM | analyzer.NonReentrant | Generating return summary for reset
[INFO] | 2024-02-20 10:52:49 AM | analyzer.NonReentrant | Return summary generated for reset
[INFO] | 2024-02-20 10:52:49 AM | analyzer.NonReentrant | Range graph generated
[INFO] | 2024-02-20 10:52:49 AM | analyzer.NonReentrant | Processed function reset
[INFO] | 2024-02-20 10:52:49 AM | analyzer.NonReentrant | Generating return summary for slitherConstructorVariables
[INFO] | 2024-02-20 10:52:49 AM | analyzer.NonReentrant | Return summary generated for slitherConstructorVariables
[INFO] | 2024-02-20 10:52:49 AM | analyzer.NonReentrant | Range graph generated
[INFO] | 2024-02-20 10:52:49 AM | analyzer.NonReentrant | Processed function slitherConstructorVariables
[INFO] | 2024-02-20 10:52:49 AM | analyzer.NonReentrant | Value Range Analysis took 0.002810 seconds
[INFO] | 2024-02-20 10:52:49 AM | analyzer.NonReentrant | Value Range Analysis finished
[INFO] | 2024-02-20 10:52:49 AM | analyzer.NonReentrant | Storage dependency graph composition started!
[INFO] | 2024-02-20 10:52:49 AM | analyzer.NonReentrant | Storage dependency graph composition finished!
[INFO] | 2024-02-20 10:52:49 AM | analyzer.NonReentrant | Dependency detection started!
[INFO] | 2024-02-20 10:52:49 AM | analyzer.NonReentrant | Dependency detection finished!
[INFO] | 2024-02-20 10:52:49 AM | analyzer.NonReentrant | Static Analysis took 1.778253 seconds
[INFO] | 2024-02-20 10:52:49 AM | analyzer.NonReentrant | Dependency does not exist
[INFO] | 2024-02-20 10:52:49 AM | analyzer.NonReentrant | Symbolic execution is not needed!
[INFO] | 2024-02-20 10:52:49 AM | analyzer.NonReentrant | Analysis finished!
[INFO] | 2024-02-20 10:52:49 AM | analyzer.NonReentrant | Analysis took 1.778497 seconds
[INFO] | 2024-02-20 10:52:49 AM | analyzer.NonReentrant | Analysis finished at: 2024-02-20 10:52:49 AM
[36m[#] Analysing started: NonReentrant.sol[0m
[36m[#] Interprocedural CFG generation started for Reentrancy[0m
[36m[#] Interprocedural CFG generated for Reentrancy[0m
[36m[#] Interprocedural CFG generation started for request[0m
[36m[#] Interprocedural CFG generated for request[0m
[36m[#] Interprocedural CFG generation started for reset[0m
[36m[#] Interprocedural CFG generated for reset[0m
[36m[#] SDG generation started for Reentrancy[0m
[36m[#] SDG generated for Reentrancy[0m
[36m[#] SDG generation started for request[0m
[36m[#] SDG generated for request[0m
[36m[#] SDG generation started for reset[0m
[36m[#] SDG generated for reset[0m
[36m[#] Analysis took 1.778497 seconds[0m
[36m[#] Analysis completed: NonReentrant.sol [0m
