[INFO] | 2024-02-20 11:09:46 AM | analyzer.NonReentrant | Analysis started at: 2024-02-20 11:09:46 AM
[INFO] | 2024-02-20 11:09:46 AM | analyzer.NonReentrant | Found version: 0.4.26
[INFO] | 2024-02-20 11:09:48 AM | analyzer.NonReentrant | Callgraph generation started!
[INFO] | 2024-02-20 11:09:48 AM | analyzer.NonReentrant | Callgraph generation finished!
[INFO] | 2024-02-20 11:09:48 AM | analyzer.NonReentrant | Interprocedural CFG generation started!
[INFO] | 2024-02-20 11:09:48 AM | analyzer.NonReentrant | Interprocedural CFG generation finished!
[INFO] | 2024-02-20 11:09:48 AM | analyzer.NonReentrant | Storage dependency graph generation started!
[INFO] | 2024-02-20 11:09:48 AM | analyzer.NonReentrant | Storage dependency graph generation finished!
[INFO] | 2024-02-20 11:09:48 AM | analyzer.NonReentrant | Value Range Analysis started
[INFO] | 2024-02-20 11:09:48 AM | analyzer.NonReentrant | Generating return summary for Reentrancy
[INFO] | 2024-02-20 11:09:48 AM | analyzer.NonReentrant | Return summary generated for Reentrancy
[INFO] | 2024-02-20 11:09:48 AM | analyzer.NonReentrant | State variable assignement do not exist
[INFO] | 2024-02-20 11:09:48 AM | analyzer.NonReentrant | Processed function Reentrancy
[INFO] | 2024-02-20 11:09:48 AM | analyzer.NonReentrant | Generating return summary for request
[INFO] | 2024-02-20 11:09:48 AM | analyzer.NonReentrant | Return summary generated for request
[INFO] | 2024-02-20 11:09:48 AM | analyzer.NonReentrant | Range graph generated
[INFO] | 2024-02-20 11:09:48 AM | analyzer.NonReentrant | Processed function request
[INFO] | 2024-02-20 11:09:48 AM | analyzer.NonReentrant | Value Range Analysis took 0.001574 seconds
[INFO] | 2024-02-20 11:09:48 AM | analyzer.NonReentrant | Value Range Analysis finished
[INFO] | 2024-02-20 11:09:48 AM | analyzer.NonReentrant | Storage dependency graph composition started!
[INFO] | 2024-02-20 11:09:48 AM | analyzer.NonReentrant | Storage dependency graph composition finished!
[INFO] | 2024-02-20 11:09:48 AM | analyzer.NonReentrant | Dependency detection started!
[INFO] | 2024-02-20 11:09:48 AM | analyzer.NonReentrant | Dependency detection finished!
[INFO] | 2024-02-20 11:09:48 AM | analyzer.NonReentrant | Static Analysis took 1.644288 seconds
[INFO] | 2024-02-20 11:09:48 AM | analyzer.NonReentrant | Dependency does not exist
[INFO] | 2024-02-20 11:09:48 AM | analyzer.NonReentrant | Symbolic execution is not needed!
[INFO] | 2024-02-20 11:09:48 AM | analyzer.NonReentrant | Analysis finished!
[INFO] | 2024-02-20 11:09:48 AM | analyzer.NonReentrant | Analysis took 1.644594 seconds
[INFO] | 2024-02-20 11:09:48 AM | analyzer.NonReentrant | Analysis finished at: 2024-02-20 11:09:48 AM
[36m[#] Analysing started: NonReentrant.sol[0m
[36m[#] Interprocedural CFG generation started for Reentrancy[0m
[36m[#] Interprocedural CFG generated for Reentrancy[0m
[36m[#] Interprocedural CFG generation started for request[0m
[36m[#] Interprocedural CFG generated for request[0m
[36m[#] SDG generation started for Reentrancy[0m
[36m[#] SDG generated for Reentrancy[0m
[36m[#] SDG generation started for request[0m
[36m[#] SDG generated for request[0m
[36m[#] Analysis took 1.644594 seconds[0m
[36m[#] Analysis completed: NonReentrant.sol [0m
