[INFO] | 2024-02-20 10:54:04 AM | analyzer.ReentrantVulnerableEtherLossUserDefinedAddress | Analysis started at: 2024-02-20 10:54:04 AM
[INFO] | 2024-02-20 10:54:04 AM | analyzer.ReentrantVulnerableEtherLossUserDefinedAddress | Found version: 0.4.26
[INFO] | 2024-02-20 10:54:05 AM | analyzer.ReentrantVulnerableEtherLossUserDefinedAddress | Callgraph generation started!
[INFO] | 2024-02-20 10:54:05 AM | analyzer.ReentrantVulnerableEtherLossUserDefinedAddress | Callgraph generation finished!
[INFO] | 2024-02-20 10:54:05 AM | analyzer.ReentrantVulnerableEtherLossUserDefinedAddress | Interprocedural CFG generation started!
[INFO] | 2024-02-20 10:54:05 AM | analyzer.ReentrantVulnerableEtherLossUserDefinedAddress | Interprocedural CFG generation finished!
[INFO] | 2024-02-20 10:54:05 AM | analyzer.ReentrantVulnerableEtherLossUserDefinedAddress | Storage dependency graph generation started!
[INFO] | 2024-02-20 10:54:05 AM | analyzer.ReentrantVulnerableEtherLossUserDefinedAddress | Storage dependency graph generation finished!
[INFO] | 2024-02-20 10:54:05 AM | analyzer.ReentrantVulnerableEtherLossUserDefinedAddress | Value Range Analysis started
[INFO] | 2024-02-20 10:54:05 AM | analyzer.ReentrantVulnerableEtherLossUserDefinedAddress | Generating return summary for Reentrancy
[INFO] | 2024-02-20 10:54:05 AM | analyzer.ReentrantVulnerableEtherLossUserDefinedAddress | Return summary generated for Reentrancy
[INFO] | 2024-02-20 10:54:05 AM | analyzer.ReentrantVulnerableEtherLossUserDefinedAddress | State variable assignement do not exist
[INFO] | 2024-02-20 10:54:05 AM | analyzer.ReentrantVulnerableEtherLossUserDefinedAddress | Processed function Reentrancy
[INFO] | 2024-02-20 10:54:05 AM | analyzer.ReentrantVulnerableEtherLossUserDefinedAddress | Generating return summary for withdrawAll
[INFO] | 2024-02-20 10:54:05 AM | analyzer.ReentrantVulnerableEtherLossUserDefinedAddress | Return summary generated for withdrawAll
[INFO] | 2024-02-20 10:54:05 AM | analyzer.ReentrantVulnerableEtherLossUserDefinedAddress | Range graph generated
[INFO] | 2024-02-20 10:54:05 AM | analyzer.ReentrantVulnerableEtherLossUserDefinedAddress | Processed function withdrawAll
[INFO] | 2024-02-20 10:54:05 AM | analyzer.ReentrantVulnerableEtherLossUserDefinedAddress | Generating return summary for transfer
[INFO] | 2024-02-20 10:54:05 AM | analyzer.ReentrantVulnerableEtherLossUserDefinedAddress | Return summary generated for transfer
[INFO] | 2024-02-20 10:54:05 AM | analyzer.ReentrantVulnerableEtherLossUserDefinedAddress | Range graph generated
[INFO] | 2024-02-20 10:54:05 AM | analyzer.ReentrantVulnerableEtherLossUserDefinedAddress | Processed function transfer
[INFO] | 2024-02-20 10:54:05 AM | analyzer.ReentrantVulnerableEtherLossUserDefinedAddress | Value Range Analysis took 0.002089 seconds
[INFO] | 2024-02-20 10:54:05 AM | analyzer.ReentrantVulnerableEtherLossUserDefinedAddress | Value Range Analysis finished
[INFO] | 2024-02-20 10:54:05 AM | analyzer.ReentrantVulnerableEtherLossUserDefinedAddress | Storage dependency graph composition started!
[INFO] | 2024-02-20 10:54:05 AM | analyzer.ReentrantVulnerableEtherLossUserDefinedAddress | Storage dependency graph composition finished!
[INFO] | 2024-02-20 10:54:05 AM | analyzer.ReentrantVulnerableEtherLossUserDefinedAddress | Dependency detection started!
[INFO] | 2024-02-20 10:54:06 AM | analyzer.ReentrantVulnerableEtherLossUserDefinedAddress | DAO dependency possibly detected in file ReentrantVulnerableEtherLossUserDefinedAddress.sol in contract Reentrancy in by composing functions withdrawAll and withdrawAll
[INFO] | 2024-02-20 10:54:06 AM | analyzer.ReentrantVulnerableEtherLossUserDefinedAddress | DAO dependency possibly detected in file ReentrantVulnerableEtherLossUserDefinedAddress.sol in contract Reentrancy in by composing functions withdrawAll and transfer
[INFO] | 2024-02-20 10:54:06 AM | analyzer.ReentrantVulnerableEtherLossUserDefinedAddress | Dependency detection finished!
[INFO] | 2024-02-20 10:54:06 AM | analyzer.ReentrantVulnerableEtherLossUserDefinedAddress | Static Analysis took 1.911766 seconds
[INFO] | 2024-02-20 10:54:06 AM | analyzer.ReentrantVulnerableEtherLossUserDefinedAddress | Dependency exists
[INFO] | 2024-02-20 10:54:06 AM | analyzer.ReentrantVulnerableEtherLossUserDefinedAddress | Invoking symbolic executor!
[INFO] | 2024-02-20 10:54:07 AM | analyzer.ReentrantVulnerableEtherLossUserDefinedAddress | DAO dependency detected by composing functions withdrawAll and withdrawAll
[INFO] | 2024-02-20 10:54:07 AM | analyzer.ReentrantVulnerableEtherLossUserDefinedAddress | DAO dependency detected by composing functions withdrawAll and withdrawAll
[INFO] | 2024-02-20 10:54:07 AM | analyzer.ReentrantVulnerableEtherLossUserDefinedAddress | DAO dependency detected by composing functions withdrawAll and withdrawAll
[INFO] | 2024-02-20 10:54:07 AM | analyzer.ReentrantVulnerableEtherLossUserDefinedAddress | DAO dependency detected by composing functions withdrawAll and transfer
[INFO] | 2024-02-20 10:54:07 AM | analyzer.ReentrantVulnerableEtherLossUserDefinedAddress | Symbolic execution took 1.612898 seconds
[INFO] | 2024-02-20 10:54:07 AM | analyzer.ReentrantVulnerableEtherLossUserDefinedAddress | Symbolic execution finished!
[INFO] | 2024-02-20 10:54:07 AM | analyzer.ReentrantVulnerableEtherLossUserDefinedAddress | Analysis finished!
[INFO] | 2024-02-20 10:54:07 AM | analyzer.ReentrantVulnerableEtherLossUserDefinedAddress | Analysis took 3.525119 seconds
[INFO] | 2024-02-20 10:54:07 AM | analyzer.ReentrantVulnerableEtherLossUserDefinedAddress | Analysis finished at: 2024-02-20 10:54:07 AM
[36m[#] Analysing started: ReentrantVulnerableEtherLossUserDefinedAddress.sol[0m
[36m[#] Interprocedural CFG generation started for Reentrancy[0m
[36m[#] Interprocedural CFG generated for Reentrancy[0m
[36m[#] Interprocedural CFG generation started for withdrawAll[0m
[36m[#] Interprocedural CFG generated for withdrawAll[0m
[36m[#] Interprocedural CFG generation started for transfer[0m
[36m[#] Interprocedural CFG generated for transfer[0m
[36m[#] SDG generation started for Reentrancy[0m
[36m[#] SDG generated for Reentrancy[0m
[36m[#] SDG generation started for withdrawAll[0m
[36m[#] SDG generated for withdrawAll[0m
[36m[#] SDG generation started for transfer[0m
[36m[#] SDG generated for transfer[0m
[36m[#] Analysis took 3.525119 seconds[0m
[36m[#] Analysis completed: ReentrantVulnerableEtherLossUserDefinedAddress.sol [0m
