[INFO] | 2024-02-20 11:03:09 AM | analyzer.ReentrantCodePartsFixedAddress | Analysis started at: 2024-02-20 11:03:09 AM
[INFO] | 2024-02-20 11:03:09 AM | analyzer.ReentrantCodePartsFixedAddress | Found version: 0.5.17
[INFO] | 2024-02-20 11:03:11 AM | analyzer.ReentrantCodePartsFixedAddress | Callgraph generation started!
[INFO] | 2024-02-20 11:03:11 AM | analyzer.ReentrantCodePartsFixedAddress | Callgraph generation finished!
[INFO] | 2024-02-20 11:03:11 AM | analyzer.ReentrantCodePartsFixedAddress | Interprocedural CFG generation started!
[INFO] | 2024-02-20 11:03:11 AM | analyzer.ReentrantCodePartsFixedAddress | Interprocedural CFG generation finished!
[INFO] | 2024-02-20 11:03:11 AM | analyzer.ReentrantCodePartsFixedAddress | Storage dependency graph generation started!
[WARNING] | 2024-02-20 11:03:11 AM | analyzer.ReentrantCodePartsFixedAddress | Issues with getting the high level call destination address
[INFO] | 2024-02-20 11:03:11 AM | analyzer.ReentrantCodePartsFixedAddress | Storage dependency graph generation finished!
[INFO] | 2024-02-20 11:03:11 AM | analyzer.ReentrantCodePartsFixedAddress | Value Range Analysis started
[INFO] | 2024-02-20 11:03:11 AM | analyzer.ReentrantCodePartsFixedAddress | Generating return summary for send
[INFO] | 2024-02-20 11:03:11 AM | analyzer.ReentrantCodePartsFixedAddress | Return summary generated for send
[INFO] | 2024-02-20 11:03:11 AM | analyzer.ReentrantCodePartsFixedAddress | State variable assignement do not exist
[INFO] | 2024-02-20 11:03:11 AM | analyzer.ReentrantCodePartsFixedAddress | Processed function send
[INFO] | 2024-02-20 11:03:11 AM | analyzer.ReentrantCodePartsFixedAddress | Generating return summary for constructor
[INFO] | 2024-02-20 11:03:11 AM | analyzer.ReentrantCodePartsFixedAddress | Return summary generated for constructor
[INFO] | 2024-02-20 11:03:11 AM | analyzer.ReentrantCodePartsFixedAddress | Range graph generated
[INFO] | 2024-02-20 11:03:11 AM | analyzer.ReentrantCodePartsFixedAddress | Processed function constructor
[INFO] | 2024-02-20 11:03:11 AM | analyzer.ReentrantCodePartsFixedAddress | Generating return summary for getBalance
[INFO] | 2024-02-20 11:03:11 AM | analyzer.ReentrantCodePartsFixedAddress | Return summary generated for getBalance
[INFO] | 2024-02-20 11:03:11 AM | analyzer.ReentrantCodePartsFixedAddress | State variable assignement do not exist
[INFO] | 2024-02-20 11:03:11 AM | analyzer.ReentrantCodePartsFixedAddress | Processed function getBalance
[INFO] | 2024-02-20 11:03:11 AM | analyzer.ReentrantCodePartsFixedAddress | Generating return summary for donate
[INFO] | 2024-02-20 11:03:11 AM | analyzer.ReentrantCodePartsFixedAddress | Return summary generated for donate
[INFO] | 2024-02-20 11:03:11 AM | analyzer.ReentrantCodePartsFixedAddress | Range graph generated
[INFO] | 2024-02-20 11:03:11 AM | analyzer.ReentrantCodePartsFixedAddress | Processed function donate
[INFO] | 2024-02-20 11:03:11 AM | analyzer.ReentrantCodePartsFixedAddress | Generating return summary for _libsend
[INFO] | 2024-02-20 11:03:11 AM | analyzer.ReentrantCodePartsFixedAddress | Return summary generated for _libsend
[INFO] | 2024-02-20 11:03:11 AM | analyzer.ReentrantCodePartsFixedAddress | State variable assignement do not exist
[INFO] | 2024-02-20 11:03:11 AM | analyzer.ReentrantCodePartsFixedAddress | Processed function _libsend
[INFO] | 2024-02-20 11:03:11 AM | analyzer.ReentrantCodePartsFixedAddress | Generating return summary for slitherConstructorVariables
[INFO] | 2024-02-20 11:03:11 AM | analyzer.ReentrantCodePartsFixedAddress | Return summary generated for slitherConstructorVariables
[INFO] | 2024-02-20 11:03:11 AM | analyzer.ReentrantCodePartsFixedAddress | Range graph generated
[INFO] | 2024-02-20 11:03:11 AM | analyzer.ReentrantCodePartsFixedAddress | Processed function slitherConstructorVariables
[INFO] | 2024-02-20 11:03:11 AM | analyzer.ReentrantCodePartsFixedAddress | Generating return summary for nonReentrant
[INFO] | 2024-02-20 11:03:11 AM | analyzer.ReentrantCodePartsFixedAddress | Return summary generated for nonReentrant
[INFO] | 2024-02-20 11:03:11 AM | analyzer.ReentrantCodePartsFixedAddress | Range graph generated
[INFO] | 2024-02-20 11:03:11 AM | analyzer.ReentrantCodePartsFixedAddress | Processed function nonReentrant
[INFO] | 2024-02-20 11:03:11 AM | analyzer.ReentrantCodePartsFixedAddress | Generating return summary for withdraw
[INFO] | 2024-02-20 11:03:11 AM | analyzer.ReentrantCodePartsFixedAddress | Return summary generated for withdraw
[INFO] | 2024-02-20 11:03:11 AM | analyzer.ReentrantCodePartsFixedAddress | Range graph generated
[INFO] | 2024-02-20 11:03:11 AM | analyzer.ReentrantCodePartsFixedAddress | Processed function withdraw
[INFO] | 2024-02-20 11:03:11 AM | analyzer.ReentrantCodePartsFixedAddress | Value Range Analysis took 0.005452 seconds
[INFO] | 2024-02-20 11:03:11 AM | analyzer.ReentrantCodePartsFixedAddress | Value Range Analysis finished
[INFO] | 2024-02-20 11:03:11 AM | analyzer.ReentrantCodePartsFixedAddress | Storage dependency graph composition started!
[INFO] | 2024-02-20 11:03:11 AM | analyzer.ReentrantCodePartsFixedAddress | Storage dependency graph composition finished!
[INFO] | 2024-02-20 11:03:11 AM | analyzer.ReentrantCodePartsFixedAddress | Dependency detection started!
[INFO] | 2024-02-20 11:03:11 AM | analyzer.ReentrantCodePartsFixedAddress | DAO dependency possibly detected in file ReentrantCodePartsFixedAddress.sol in contract Bank in by composing functions withdraw and withdraw
[INFO] | 2024-02-20 11:03:11 AM | analyzer.ReentrantCodePartsFixedAddress | Dependency detection finished!
[INFO] | 2024-02-20 11:03:11 AM | analyzer.ReentrantCodePartsFixedAddress | Static Analysis took 2.097942 seconds
[INFO] | 2024-02-20 11:03:11 AM | analyzer.ReentrantCodePartsFixedAddress | Dependency exists
[INFO] | 2024-02-20 11:03:11 AM | analyzer.ReentrantCodePartsFixedAddress | Invoking symbolic executor!
[INFO] | 2024-02-20 11:03:11 AM | analyzer.ReentrantCodePartsFixedAddress | Symbolic execution took 0.507422 seconds
[INFO] | 2024-02-20 11:03:11 AM | analyzer.ReentrantCodePartsFixedAddress | Symbolic execution finished!
[INFO] | 2024-02-20 11:03:11 AM | analyzer.ReentrantCodePartsFixedAddress | Analysis finished!
[INFO] | 2024-02-20 11:03:11 AM | analyzer.ReentrantCodePartsFixedAddress | Analysis took 2.605815 seconds
[INFO] | 2024-02-20 11:03:11 AM | analyzer.ReentrantCodePartsFixedAddress | Analysis finished at: 2024-02-20 11:03:11 AM
[36m[#] Analysing started: ReentrantCodePartsFixedAddress.sol[0m
[36m[#] Interprocedural CFG generation started for modifier nonReentrant[0m
[36m[#] Interprocedural CFG generated for modifer nonReentrant[0m
[36m[#] Interprocedural CFG generation started for send[0m
[36m[#] Interprocedural CFG generated for send[0m
[36m[#] Interprocedural CFG generation started for constructor[0m
[36m[#] Interprocedural CFG generated for constructor[0m
[36m[#] Interprocedural CFG generation started for getBalance[0m
[36m[#] Interprocedural CFG generated for getBalance[0m
[36m[#] Interprocedural CFG generation started for donate[0m
[36m[#] Interprocedural CFG generated for donate[0m
[36m[#] Interprocedural CFG generation started for withdraw[0m
[36m[#] Interprocedural CFG generated for withdraw[0m
[36m[#] SDG generation started for send[0m
[36m[#] SDG generated for send[0m
[36m[#] SDG generation started for constructor[0m
[36m[#] SDG generated for constructor[0m
[36m[#] SDG generation started for getBalance[0m
[36m[#] SDG generated for getBalance[0m
[36m[#] SDG generation started for donate[0m
[36m[#] SDG generated for donate[0m
[36m[#] SDG generation started for withdraw[0m
[36m[#] SDG generated for withdraw[0m
[36m[#] SDG generation started for modifier nonReentrant[0m
[36m[#] SDG generated for modifier nonReentrant[0m
[36m[#] Analysis took 2.605815 seconds[0m
[36m[#] Analysis completed: ReentrantCodePartsFixedAddress.sol [0m
