WARNING:root:You are using evm version 1.13.5. The supported version is 1.7.3
INFO:CryticCompile:Compilation warnings/errors on /sb/ReentrantVulnerableEtherLossUserDefinedAddress.sol:
Warning: SPDX license identifier not provided in source file. Before publishing, consider adding a comment containing "SPDX-License-Identifier: <SPDX-License>" to each source file. Use "SPDX-License-Identifier: UNLICENSED" for non-open-source code. Please see https://spdx.org for more information.
--> /sb/ReentrantVulnerableEtherLossUserDefinedAddress.sol

Warning: Return value of low-level calls not used.
  --> /sb/ReentrantVulnerableEtherLossUserDefinedAddress.sol:15:9:
   |
15 |         to.call{value: amount}("");
   |         ^^^^^^^^^^^^^^^^^^^^^^^^^^

Warning: Return value of low-level calls not used.
  --> /sb/ReentrantVulnerableEtherLossUserDefinedAddress.sol:51:9:
   |
51 |         address(safesender).delegatecall(abi.encodeWithSignature("send(address,uint256)", to, amount));
   |         ^^^^^^^^^^^^^^^^^^^^^^^^^^^^^^^^^^^^^^^^^^^^^^^^^^^^^^^^^^^^^^^^^^^^^^^^^^^^^^^^^^^^^^^^^^^^^^


INFO:root:contract /sb/ReentrantVulnerableEtherLossUserDefinedAddress.sol:SafeSending:
INFO:symExec:	============ Results ===========
INFO:symExec:	  EVM Code Coverage: 			 78.5%
INFO:symExec:	  Integer Underflow: 			 False
INFO:symExec:	  Integer Overflow: 			 False
INFO:symExec:	  Parity Multisig Bug 2: 		 False
INFO:symExec:	  Callstack Depth Attack Vulnerability:  False
INFO:symExec:	  Transaction-Ordering Dependence (TOD): False
INFO:symExec:	  Timestamp Dependency: 		 False
INFO:symExec:	  Re-Entrancy Vulnerability: 		 True
INFO:symExec:/sb/ReentrantVulnerableEtherLossUserDefinedAddress.sol:15:9: Warning: Re-Entrancy Vulnerability.
        to.call{value: amount}("")
INFO:symExec:	====== Analysis Completed ======
INFO:root:contract /sb/ReentrantVulnerableEtherLossUserDefinedAddress.sol:Bank:
INFO:symExec:	============ Results ===========
INFO:symExec:	  EVM Code Coverage: 			 81.2%
INFO:symExec:	  Integer Underflow: 			 True
INFO:symExec:	  Integer Overflow: 			 True
INFO:symExec:	  Parity Multisig Bug 2: 		 False
INFO:symExec:	  Callstack Depth Attack Vulnerability:  False
INFO:symExec:	  Transaction-Ordering Dependence (TOD): False
INFO:symExec:	  Timestamp Dependency: 		 False
INFO:symExec:	  Re-Entrancy Vulnerability: 		 False
INFO:symExec:/sb/ReentrantVulnerableEtherLossUserDefinedAddress.sol:51:9: Warning: Integer Underflow.
        address(safesender).delegatecall(abi.encodeWithSignature("send(address,uint256)", to, amount))
Integer Underflow occurs if:
    balances[msg.sender] = 0
    amount = 0
INFO:symExec:/sb/ReentrantVulnerableEtherLossUserDefinedAddress.sol:34:9: Warning: Integer Overflow.
        balances[to] += msg.value
Integer Overflow occurs if:
    balances[to] = 1
/sb/ReentrantVulnerableEtherLossUserDefinedAddress.sol:51:9: Warning: Integer Overflow.
        address(safesender).delegatecall(abi.encodeWithSignature("send(address,uint256)", to, amount))
Integer Overflow occurs if:
    balances[msg.sender] = 0
    amount = 0
INFO:symExec:	====== Analysis Completed ======
