[INFO] | 2024-02-20 11:11:32 AM | analyzer.ReentrantCodePartsFixedAddress | Analysis started at: 2024-02-20 11:11:32 AM
[INFO] | 2024-02-20 11:11:32 AM | analyzer.ReentrantCodePartsFixedAddress | Found version: 0.5.17
[INFO] | 2024-02-20 11:11:34 AM | analyzer.ReentrantCodePartsFixedAddress | Callgraph generation started!
[INFO] | 2024-02-20 11:11:34 AM | analyzer.ReentrantCodePartsFixedAddress | Callgraph generation finished!
[INFO] | 2024-02-20 11:11:34 AM | analyzer.ReentrantCodePartsFixedAddress | Interprocedural CFG generation started!
[INFO] | 2024-02-20 11:11:34 AM | analyzer.ReentrantCodePartsFixedAddress | Interprocedural CFG generation finished!
[INFO] | 2024-02-20 11:11:34 AM | analyzer.ReentrantCodePartsFixedAddress | Storage dependency graph generation started!
[INFO] | 2024-02-20 11:11:34 AM | analyzer.ReentrantCodePartsFixedAddress | Storage dependency graph generation finished!
[INFO] | 2024-02-20 11:11:34 AM | analyzer.ReentrantCodePartsFixedAddress | Value Range Analysis started
[INFO] | 2024-02-20 11:11:34 AM | analyzer.ReentrantCodePartsFixedAddress | Generating return summary for constructor
[INFO] | 2024-02-20 11:11:34 AM | analyzer.ReentrantCodePartsFixedAddress | Return summary generated for constructor
[INFO] | 2024-02-20 11:11:34 AM | analyzer.ReentrantCodePartsFixedAddress | State variable assignement do not exist
[INFO] | 2024-02-20 11:11:34 AM | analyzer.ReentrantCodePartsFixedAddress | Processed function constructor
[INFO] | 2024-02-20 11:11:34 AM | analyzer.ReentrantCodePartsFixedAddress | Generating return summary for slitherConstructorVariables
[INFO] | 2024-02-20 11:11:34 AM | analyzer.ReentrantCodePartsFixedAddress | Return summary generated for slitherConstructorVariables
[INFO] | 2024-02-20 11:11:34 AM | analyzer.ReentrantCodePartsFixedAddress | Range graph generated
[INFO] | 2024-02-20 11:11:34 AM | analyzer.ReentrantCodePartsFixedAddress | Processed function slitherConstructorVariables
[INFO] | 2024-02-20 11:11:34 AM | analyzer.ReentrantCodePartsFixedAddress | Generating return summary for nonReentrant
[INFO] | 2024-02-20 11:11:34 AM | analyzer.ReentrantCodePartsFixedAddress | Return summary generated for nonReentrant
[INFO] | 2024-02-20 11:11:34 AM | analyzer.ReentrantCodePartsFixedAddress | Range graph generated
[INFO] | 2024-02-20 11:11:34 AM | analyzer.ReentrantCodePartsFixedAddress | Processed function nonReentrant
[INFO] | 2024-02-20 11:11:34 AM | analyzer.ReentrantCodePartsFixedAddress | Generating return summary for withdrawBalance
[INFO] | 2024-02-20 11:11:34 AM | analyzer.ReentrantCodePartsFixedAddress | Return summary generated for withdrawBalance
Traceback (most recent call last):
  File "contractlint.py", line 94, in analyze_contracts
    generated_vrg = VRG(slither_obj, callgraph, sdg_objects, target_contracts, graph_dir, dump_graph, log)
  File "/root/sailfish/code/static_analysis/analysis/range_graph.py", line 74, in __init__
    self.setup()
  File "/root/sailfish/code/static_analysis/analysis/range_graph.py", line 162, in setup
    self.process_bottom_up(leaf_nodes, self.callgraph._callgraph)
  File "/root/sailfish/code/static_analysis/analysis/range_graph.py", line 194, in process_bottom_up
    self.process_nonleaf_functions(cfg_obj)
  File "/root/sailfish/code/static_analysis/analysis/range_graph.py", line 265, in process_nonleaf_functions
    self.generate_range_graph(cfg_obj, parameters, return_values)
  File "/root/sailfish/code/static_analysis/analysis/range_graph.py", line 324, in generate_range_graph
    self.process_statevar_assignment(cfg_obj, parameters, return_values)
  File "/root/sailfish/code/static_analysis/analysis/range_graph.py", line 607, in process_statevar_assignment
    self.collect_conditional_pre_dominators(container_bb, cfg_obj, graph[0], graph[1], parameters)
  File "/root/sailfish/code/static_analysis/analysis/range_graph.py", line 444, in collect_conditional_pre_dominators
    range_node = RangeNode(s_lvar, parent, 'true', '==')
  File "/root/sailfish/code/static_analysis/analysis/range_node.py", line 31, in __init__
    self.setup()
  File "/root/sailfish/code/static_analysis/analysis/range_node.py", line 80, in setup
    left_expression = self.process_value_expressions(self._variable)
  File "/root/sailfish/code/static_analysis/analysis/range_node.py", line 295, in process_value_expressions
    assert real_count_or == right_count_or, "ORed count does not match, debug!"
AssertionError: ORed count does not match, debug!
[36m[#] Analysing started: ReentrantCodePartsFixedAddress.sol[0m
[36m[#] Interprocedural CFG generation started for modifier nonReentrant[0m
[36m[#] Interprocedural CFG generated for modifer nonReentrant[0m
[36m[#] Interprocedural CFG generation started for constructor[0m
[36m[#] Interprocedural CFG generated for constructor[0m
[36m[#] Interprocedural CFG generation started for withdrawBalance[0m
[36m[#] Interprocedural CFG generated for withdrawBalance[0m
[36m[#] SDG generation started for constructor[0m
[36m[#] SDG generated for constructor[0m
[36m[#] SDG generation started for withdrawBalance[0m
[36m[#] SDG generated for withdrawBalance[0m
[36m[#] SDG generation started for modifier nonReentrant[0m
[36m[#] SDG generated for modifier nonReentrant[0m
