[INFO] | 2024-02-20 11:04:40 AM | analyzer.ReentrantVulnerableNoEtherLossUserDefinedAddress | Analysis started at: 2024-02-20 11:04:40 AM
[INFO] | 2024-02-20 11:04:40 AM | analyzer.ReentrantVulnerableNoEtherLossUserDefinedAddress | Found version: 0.5.17
[INFO] | 2024-02-20 11:04:42 AM | analyzer.ReentrantVulnerableNoEtherLossUserDefinedAddress | Callgraph generation started!
[INFO] | 2024-02-20 11:04:42 AM | analyzer.ReentrantVulnerableNoEtherLossUserDefinedAddress | Callgraph generation finished!
[INFO] | 2024-02-20 11:04:42 AM | analyzer.ReentrantVulnerableNoEtherLossUserDefinedAddress | Interprocedural CFG generation started!
[INFO] | 2024-02-20 11:04:42 AM | analyzer.ReentrantVulnerableNoEtherLossUserDefinedAddress | Interprocedural CFG generation finished!
[INFO] | 2024-02-20 11:04:42 AM | analyzer.ReentrantVulnerableNoEtherLossUserDefinedAddress | Storage dependency graph generation started!
[WARNING] | 2024-02-20 11:04:42 AM | analyzer.ReentrantVulnerableNoEtherLossUserDefinedAddress | Issues with getting the high level call destination address
[INFO] | 2024-02-20 11:04:42 AM | analyzer.ReentrantVulnerableNoEtherLossUserDefinedAddress | Storage dependency graph generation finished!
[INFO] | 2024-02-20 11:04:42 AM | analyzer.ReentrantVulnerableNoEtherLossUserDefinedAddress | Value Range Analysis started
[INFO] | 2024-02-20 11:04:42 AM | analyzer.ReentrantVulnerableNoEtherLossUserDefinedAddress | Generating return summary for send
[INFO] | 2024-02-20 11:04:42 AM | analyzer.ReentrantVulnerableNoEtherLossUserDefinedAddress | Return summary generated for send
[INFO] | 2024-02-20 11:04:42 AM | analyzer.ReentrantVulnerableNoEtherLossUserDefinedAddress | State variable assignement do not exist
[INFO] | 2024-02-20 11:04:42 AM | analyzer.ReentrantVulnerableNoEtherLossUserDefinedAddress | Processed function send
[INFO] | 2024-02-20 11:04:42 AM | analyzer.ReentrantVulnerableNoEtherLossUserDefinedAddress | Generating return summary for constructor
[INFO] | 2024-02-20 11:04:42 AM | analyzer.ReentrantVulnerableNoEtherLossUserDefinedAddress | Return summary generated for constructor
[INFO] | 2024-02-20 11:04:42 AM | analyzer.ReentrantVulnerableNoEtherLossUserDefinedAddress | Range graph generated
[INFO] | 2024-02-20 11:04:42 AM | analyzer.ReentrantVulnerableNoEtherLossUserDefinedAddress | Processed function constructor
[INFO] | 2024-02-20 11:04:42 AM | analyzer.ReentrantVulnerableNoEtherLossUserDefinedAddress | Generating return summary for _libsend
[INFO] | 2024-02-20 11:04:42 AM | analyzer.ReentrantVulnerableNoEtherLossUserDefinedAddress | Return summary generated for _libsend
[INFO] | 2024-02-20 11:04:42 AM | analyzer.ReentrantVulnerableNoEtherLossUserDefinedAddress | State variable assignement do not exist
[INFO] | 2024-02-20 11:04:42 AM | analyzer.ReentrantVulnerableNoEtherLossUserDefinedAddress | Processed function _libsend
[INFO] | 2024-02-20 11:04:42 AM | analyzer.ReentrantVulnerableNoEtherLossUserDefinedAddress | Generating return summary for request
[INFO] | 2024-02-20 11:04:42 AM | analyzer.ReentrantVulnerableNoEtherLossUserDefinedAddress | Return summary generated for request
[INFO] | 2024-02-20 11:04:42 AM | analyzer.ReentrantVulnerableNoEtherLossUserDefinedAddress | Range graph generated
[INFO] | 2024-02-20 11:04:42 AM | analyzer.ReentrantVulnerableNoEtherLossUserDefinedAddress | Processed function request
[INFO] | 2024-02-20 11:04:42 AM | analyzer.ReentrantVulnerableNoEtherLossUserDefinedAddress | Value Range Analysis took 0.001550 seconds
[INFO] | 2024-02-20 11:04:42 AM | analyzer.ReentrantVulnerableNoEtherLossUserDefinedAddress | Value Range Analysis finished
[INFO] | 2024-02-20 11:04:42 AM | analyzer.ReentrantVulnerableNoEtherLossUserDefinedAddress | Storage dependency graph composition started!
[INFO] | 2024-02-20 11:04:42 AM | analyzer.ReentrantVulnerableNoEtherLossUserDefinedAddress | Storage dependency graph composition finished!
[INFO] | 2024-02-20 11:04:42 AM | analyzer.ReentrantVulnerableNoEtherLossUserDefinedAddress | Dependency detection started!
[INFO] | 2024-02-20 11:04:42 AM | analyzer.ReentrantVulnerableNoEtherLossUserDefinedAddress | Dependency detection finished!
[INFO] | 2024-02-20 11:04:42 AM | analyzer.ReentrantVulnerableNoEtherLossUserDefinedAddress | Static Analysis took 2.193877 seconds
[INFO] | 2024-02-20 11:04:42 AM | analyzer.ReentrantVulnerableNoEtherLossUserDefinedAddress | Dependency does not exist
[INFO] | 2024-02-20 11:04:42 AM | analyzer.ReentrantVulnerableNoEtherLossUserDefinedAddress | Symbolic execution is not needed!
[INFO] | 2024-02-20 11:04:42 AM | analyzer.ReentrantVulnerableNoEtherLossUserDefinedAddress | Analysis finished!
[INFO] | 2024-02-20 11:04:42 AM | analyzer.ReentrantVulnerableNoEtherLossUserDefinedAddress | Analysis took 2.194103 seconds
[INFO] | 2024-02-20 11:04:42 AM | analyzer.ReentrantVulnerableNoEtherLossUserDefinedAddress | Analysis finished at: 2024-02-20 11:04:42 AM
[36m[#] Analysing started: ReentrantVulnerableNoEtherLossUserDefinedAddress.sol[0m
[36m[#] Interprocedural CFG generation started for send[0m
[36m[#] Interprocedural CFG generated for send[0m
[36m[#] Interprocedural CFG generation started for constructor[0m
[36m[#] Interprocedural CFG generated for constructor[0m
[36m[#] Interprocedural CFG generation started for request[0m
[36m[#] Interprocedural CFG generated for request[0m
[36m[#] SDG generation started for send[0m
[36m[#] SDG generated for send[0m
[36m[#] SDG generation started for constructor[0m
[36m[#] SDG generated for constructor[0m
[36m[#] SDG generation started for request[0m
[36m[#] SDG generated for request[0m
[36m[#] Analysis took 2.194103 seconds[0m
[36m[#] Analysis completed: ReentrantVulnerableNoEtherLossUserDefinedAddress.sol [0m
