[INFO] | 2024-02-20 10:55:25 AM | analyzer.ReentrantNonVulnerableFixedAddress | Analysis started at: 2024-02-20 10:55:25 AM
[INFO] | 2024-02-20 10:55:25 AM | analyzer.ReentrantNonVulnerableFixedAddress | Found version: 0.5.17
[INFO] | 2024-02-20 10:55:27 AM | analyzer.ReentrantNonVulnerableFixedAddress | Callgraph generation started!
[INFO] | 2024-02-20 10:55:27 AM | analyzer.ReentrantNonVulnerableFixedAddress | Callgraph generation finished!
[INFO] | 2024-02-20 10:55:27 AM | analyzer.ReentrantNonVulnerableFixedAddress | Interprocedural CFG generation started!
[INFO] | 2024-02-20 10:55:27 AM | analyzer.ReentrantNonVulnerableFixedAddress | Interprocedural CFG generation finished!
[INFO] | 2024-02-20 10:55:27 AM | analyzer.ReentrantNonVulnerableFixedAddress | Storage dependency graph generation started!
[INFO] | 2024-02-20 10:55:27 AM | analyzer.ReentrantNonVulnerableFixedAddress | Storage dependency graph generation finished!
[INFO] | 2024-02-20 10:55:27 AM | analyzer.ReentrantNonVulnerableFixedAddress | Value Range Analysis started
[INFO] | 2024-02-20 10:55:27 AM | analyzer.ReentrantNonVulnerableFixedAddress | Generating return summary for constructor
[INFO] | 2024-02-20 10:55:27 AM | analyzer.ReentrantNonVulnerableFixedAddress | Return summary generated for constructor
[INFO] | 2024-02-20 10:55:27 AM | analyzer.ReentrantNonVulnerableFixedAddress | State variable assignement do not exist
[INFO] | 2024-02-20 10:55:27 AM | analyzer.ReentrantNonVulnerableFixedAddress | Processed function constructor
[INFO] | 2024-02-20 10:55:27 AM | analyzer.ReentrantNonVulnerableFixedAddress | Generating return summary for withdrawAll
[INFO] | 2024-02-20 10:55:27 AM | analyzer.ReentrantNonVulnerableFixedAddress | Return summary generated for withdrawAll
[INFO] | 2024-02-20 10:55:27 AM | analyzer.ReentrantNonVulnerableFixedAddress | Range graph generated
[INFO] | 2024-02-20 10:55:27 AM | analyzer.ReentrantNonVulnerableFixedAddress | Processed function withdrawAll
[INFO] | 2024-02-20 10:55:27 AM | analyzer.ReentrantNonVulnerableFixedAddress | Generating return summary for updateBalance
[INFO] | 2024-02-20 10:55:27 AM | analyzer.ReentrantNonVulnerableFixedAddress | Return summary generated for updateBalance
[INFO] | 2024-02-20 10:55:27 AM | analyzer.ReentrantNonVulnerableFixedAddress | Range graph generated
[INFO] | 2024-02-20 10:55:27 AM | analyzer.ReentrantNonVulnerableFixedAddress | Processed function updateBalance
[INFO] | 2024-02-20 10:55:27 AM | analyzer.ReentrantNonVulnerableFixedAddress | Generating return summary for slitherConstructorVariables
[INFO] | 2024-02-20 10:55:27 AM | analyzer.ReentrantNonVulnerableFixedAddress | Return summary generated for slitherConstructorVariables
[INFO] | 2024-02-20 10:55:27 AM | analyzer.ReentrantNonVulnerableFixedAddress | Range graph generated
[INFO] | 2024-02-20 10:55:27 AM | analyzer.ReentrantNonVulnerableFixedAddress | Processed function slitherConstructorVariables
[INFO] | 2024-02-20 10:55:27 AM | analyzer.ReentrantNonVulnerableFixedAddress | Value Range Analysis took 0.002020 seconds
[INFO] | 2024-02-20 10:55:27 AM | analyzer.ReentrantNonVulnerableFixedAddress | Value Range Analysis finished
[INFO] | 2024-02-20 10:55:27 AM | analyzer.ReentrantNonVulnerableFixedAddress | Storage dependency graph composition started!
[INFO] | 2024-02-20 10:55:27 AM | analyzer.ReentrantNonVulnerableFixedAddress | Storage dependency graph composition finished!
[INFO] | 2024-02-20 10:55:27 AM | analyzer.ReentrantNonVulnerableFixedAddress | Dependency detection started!
[INFO] | 2024-02-20 10:55:27 AM | analyzer.ReentrantNonVulnerableFixedAddress | Dependency detection finished!
[INFO] | 2024-02-20 10:55:27 AM | analyzer.ReentrantNonVulnerableFixedAddress | Static Analysis took 1.930029 seconds
[INFO] | 2024-02-20 10:55:27 AM | analyzer.ReentrantNonVulnerableFixedAddress | Dependency does not exist
[INFO] | 2024-02-20 10:55:27 AM | analyzer.ReentrantNonVulnerableFixedAddress | Symbolic execution is not needed!
[INFO] | 2024-02-20 10:55:27 AM | analyzer.ReentrantNonVulnerableFixedAddress | Analysis finished!
[INFO] | 2024-02-20 10:55:27 AM | analyzer.ReentrantNonVulnerableFixedAddress | Analysis took 1.930280 seconds
[INFO] | 2024-02-20 10:55:27 AM | analyzer.ReentrantNonVulnerableFixedAddress | Analysis finished at: 2024-02-20 10:55:27 AM
[36m[#] Analysing started: ReentrantNonVulnerableFixedAddress.sol[0m
[36m[#] Interprocedural CFG generation started for constructor[0m
[36m[#] Interprocedural CFG generated for constructor[0m
[36m[#] Interprocedural CFG generation started for withdrawAll[0m
[36m[#] Interprocedural CFG generated for withdrawAll[0m
[36m[#] Interprocedural CFG generation started for updateBalance[0m
[36m[#] Interprocedural CFG generated for updateBalance[0m
[36m[#] SDG generation started for constructor[0m
[36m[#] SDG generated for constructor[0m
[36m[#] SDG generation started for withdrawAll[0m
[36m[#] SDG generated for withdrawAll[0m
[36m[#] SDG generation started for updateBalance[0m
[36m[#] SDG generated for updateBalance[0m
[36m[#] Analysis took 1.930280 seconds[0m
[36m[#] Analysis completed: ReentrantNonVulnerableFixedAddress.sol [0m
