[INFO] | 2024-02-20 11:14:33 AM | analyzer.ReentrantVulnerableNoEtherLossFixedAddress | Analysis started at: 2024-02-20 11:14:33 AM
[INFO] | 2024-02-20 11:14:33 AM | analyzer.ReentrantVulnerableNoEtherLossFixedAddress | Found version: 0.6.12
[INFO] | 2024-02-20 11:14:35 AM | analyzer.ReentrantVulnerableNoEtherLossFixedAddress | Callgraph generation started!
[INFO] | 2024-02-20 11:14:35 AM | analyzer.ReentrantVulnerableNoEtherLossFixedAddress | Callgraph generation finished!
[INFO] | 2024-02-20 11:14:35 AM | analyzer.ReentrantVulnerableNoEtherLossFixedAddress | Interprocedural CFG generation started!
[INFO] | 2024-02-20 11:14:35 AM | analyzer.ReentrantVulnerableNoEtherLossFixedAddress | Interprocedural CFG generation finished!
[INFO] | 2024-02-20 11:14:35 AM | analyzer.ReentrantVulnerableNoEtherLossFixedAddress | Storage dependency graph generation started!
[INFO] | 2024-02-20 11:14:35 AM | analyzer.ReentrantVulnerableNoEtherLossFixedAddress | Storage dependency graph generation finished!
[INFO] | 2024-02-20 11:14:35 AM | analyzer.ReentrantVulnerableNoEtherLossFixedAddress | Value Range Analysis started
[INFO] | 2024-02-20 11:14:35 AM | analyzer.ReentrantVulnerableNoEtherLossFixedAddress | Generating return summary for constructor
[INFO] | 2024-02-20 11:14:35 AM | analyzer.ReentrantVulnerableNoEtherLossFixedAddress | Return summary generated for constructor
[INFO] | 2024-02-20 11:14:35 AM | analyzer.ReentrantVulnerableNoEtherLossFixedAddress | State variable assignement do not exist
[INFO] | 2024-02-20 11:14:35 AM | analyzer.ReentrantVulnerableNoEtherLossFixedAddress | Processed function constructor
[INFO] | 2024-02-20 11:14:35 AM | analyzer.ReentrantVulnerableNoEtherLossFixedAddress | Generating return summary for request
[INFO] | 2024-02-20 11:14:35 AM | analyzer.ReentrantVulnerableNoEtherLossFixedAddress | Return summary generated for request
[WARNING] | 2024-02-20 11:14:35 AM | analyzer.ReentrantVulnerableNoEtherLossFixedAddress | instrs length LocalVariableInitFromTupleSolc is more than 1
[36m[#] Analysing started: ReentrantVulnerableNoEtherLossFixedAddress.sol[0m
[36m[#] Interprocedural CFG generation started for constructor[0m
[36m[#] Interprocedural CFG generated for constructor[0m
[36m[#] Interprocedural CFG generation started for request[0m
[36m[#] Interprocedural CFG generated for request[0m
[36m[#] SDG generation started for constructor[0m
[36m[#] SDG generated for constructor[0m
[36m[#] SDG generation started for request[0m
[36m[#] SDG generated for request[0m
