WARNING:root:You are using evm version 1.13.5. The supported version is 1.7.3
INFO:CryticCompile:Compilation warnings/errors on /sb/ReentrantVulnerableNoEtherLossUserDefinedAddress.sol:
/sb/ReentrantVulnerableNoEtherLossUserDefinedAddress.sol:6:9: Warning: Return value of low-level calls not used.
        to.call("");
        ^---------^
/sb/ReentrantVulnerableNoEtherLossUserDefinedAddress.sol:26:9: Warning: Return value of low-level calls not used.
        address(safesender).delegatecall(abi.encodeWithSignature("send(address)", to));
        ^----------------------------------------------------------------------------^

INFO:root:contract /sb/ReentrantVulnerableNoEtherLossUserDefinedAddress.sol:Reentrancy:
INFO:symExec:	============ Results ===========
INFO:symExec:	  EVM Code Coverage: 			 68.2%
INFO:symExec:	  Integer Underflow: 			 True
INFO:symExec:	  Integer Overflow: 			 True
INFO:symExec:	  Parity Multisig Bug 2: 		 False
INFO:symExec:	  Callstack Depth Attack Vulnerability:  False
INFO:symExec:	  Transaction-Ordering Dependence (TOD): False
INFO:symExec:	  Timestamp Dependency: 		 False
INFO:symExec:	  Re-Entrancy Vulnerability: 		 False
INFO:symExec:/sb/ReentrantVulnerableNoEtherLossUserDefinedAddress.sol:12:11: Warning: Integer Underflow.
    address safesender;
    ^
Spanning multiple lines.
INFO:symExec:/sb/ReentrantVulnerableNoEtherLossUserDefinedAddress.sol:26:9: Warning: Integer Overflow.
        address(safesender).delegatecall(abi.encodeWithSignature("send(address)", to))
INFO:symExec:	====== Analysis Completed ======
INFO:root:contract /sb/ReentrantVulnerableNoEtherLossUserDefinedAddress.sol:SafeSending:
INFO:symExec:	============ Results ===========
INFO:symExec:	  EVM Code Coverage: 			 79.9%
INFO:symExec:	  Integer Underflow: 			 False
INFO:symExec:	  Integer Overflow: 			 False
INFO:symExec:	  Parity Multisig Bug 2: 		 False
INFO:symExec:	  Callstack Depth Attack Vulnerability:  False
INFO:symExec:	  Transaction-Ordering Dependence (TOD): False
INFO:symExec:	  Timestamp Dependency: 		 False
INFO:symExec:	  Re-Entrancy Vulnerability: 		 False
INFO:symExec:	====== Analysis Completed ======
