[INFO] | 2024-02-20 10:48:08 AM | analyzer.ReentrantNonVulnerableFixedAddress | Analysis started at: 2024-02-20 10:48:08 AM
[INFO] | 2024-02-20 10:48:08 AM | analyzer.ReentrantNonVulnerableFixedAddress | Found version: 0.5.17
[INFO] | 2024-02-20 10:48:10 AM | analyzer.ReentrantNonVulnerableFixedAddress | Callgraph generation started!
[INFO] | 2024-02-20 10:48:10 AM | analyzer.ReentrantNonVulnerableFixedAddress | Callgraph generation finished!
[INFO] | 2024-02-20 10:48:10 AM | analyzer.ReentrantNonVulnerableFixedAddress | Interprocedural CFG generation started!
[INFO] | 2024-02-20 10:48:10 AM | analyzer.ReentrantNonVulnerableFixedAddress | Interprocedural CFG generation finished!
[INFO] | 2024-02-20 10:48:10 AM | analyzer.ReentrantNonVulnerableFixedAddress | Storage dependency graph generation started!
[INFO] | 2024-02-20 10:48:10 AM | analyzer.ReentrantNonVulnerableFixedAddress | Storage dependency graph generation finished!
[INFO] | 2024-02-20 10:48:10 AM | analyzer.ReentrantNonVulnerableFixedAddress | Value Range Analysis started
[INFO] | 2024-02-20 10:48:10 AM | analyzer.ReentrantNonVulnerableFixedAddress | Generating return summary for registerIntermediary
[INFO] | 2024-02-20 10:48:10 AM | analyzer.ReentrantNonVulnerableFixedAddress | Return summary generated for registerIntermediary
[INFO] | 2024-02-20 10:48:10 AM | analyzer.ReentrantNonVulnerableFixedAddress | State variable assignement do not exist
[INFO] | 2024-02-20 10:48:10 AM | analyzer.ReentrantNonVulnerableFixedAddress | Processed function registerIntermediary
[INFO] | 2024-02-20 10:48:10 AM | analyzer.ReentrantNonVulnerableFixedAddress | Generating return summary for slitherConstructorVariables
[INFO] | 2024-02-20 10:48:10 AM | analyzer.ReentrantNonVulnerableFixedAddress | Return summary generated for slitherConstructorVariables
[INFO] | 2024-02-20 10:48:10 AM | analyzer.ReentrantNonVulnerableFixedAddress | Range graph generated
[INFO] | 2024-02-20 10:48:10 AM | analyzer.ReentrantNonVulnerableFixedAddress | Processed function slitherConstructorVariables
[INFO] | 2024-02-20 10:48:10 AM | analyzer.ReentrantNonVulnerableFixedAddress | Generating return summary for getCounter
[INFO] | 2024-02-20 10:48:10 AM | analyzer.ReentrantNonVulnerableFixedAddress | Return summary generated for getCounter
[INFO] | 2024-02-20 10:48:10 AM | analyzer.ReentrantNonVulnerableFixedAddress | State variable assignement do not exist
[INFO] | 2024-02-20 10:48:10 AM | analyzer.ReentrantNonVulnerableFixedAddress | Processed function getCounter
[INFO] | 2024-02-20 10:48:10 AM | analyzer.ReentrantNonVulnerableFixedAddress | Generating return summary for count
[INFO] | 2024-02-20 10:48:10 AM | analyzer.ReentrantNonVulnerableFixedAddress | Return summary generated for count
[INFO] | 2024-02-20 10:48:10 AM | analyzer.ReentrantNonVulnerableFixedAddress | Range graph generated
[INFO] | 2024-02-20 10:48:10 AM | analyzer.ReentrantNonVulnerableFixedAddress | Processed function count
[INFO] | 2024-02-20 10:48:10 AM | analyzer.ReentrantNonVulnerableFixedAddress | Generating return summary for constructor
[INFO] | 2024-02-20 10:48:10 AM | analyzer.ReentrantNonVulnerableFixedAddress | Return summary generated for constructor
[INFO] | 2024-02-20 10:48:10 AM | analyzer.ReentrantNonVulnerableFixedAddress | Range graph generated
[INFO] | 2024-02-20 10:48:10 AM | analyzer.ReentrantNonVulnerableFixedAddress | Processed function constructor
[INFO] | 2024-02-20 10:48:10 AM | analyzer.ReentrantNonVulnerableFixedAddress | Value Range Analysis took 0.002991 seconds
[INFO] | 2024-02-20 10:48:10 AM | analyzer.ReentrantNonVulnerableFixedAddress | Value Range Analysis finished
[INFO] | 2024-02-20 10:48:10 AM | analyzer.ReentrantNonVulnerableFixedAddress | Storage dependency graph composition started!
[INFO] | 2024-02-20 10:48:10 AM | analyzer.ReentrantNonVulnerableFixedAddress | Storage dependency graph composition finished!
[INFO] | 2024-02-20 10:48:10 AM | analyzer.ReentrantNonVulnerableFixedAddress | Dependency detection started!
[INFO] | 2024-02-20 10:48:10 AM | analyzer.ReentrantNonVulnerableFixedAddress | Dependency detection finished!
[INFO] | 2024-02-20 10:48:10 AM | analyzer.ReentrantNonVulnerableFixedAddress | Static Analysis took 2.466167 seconds
[INFO] | 2024-02-20 10:48:10 AM | analyzer.ReentrantNonVulnerableFixedAddress | Dependency does not exist
[INFO] | 2024-02-20 10:48:10 AM | analyzer.ReentrantNonVulnerableFixedAddress | Symbolic execution is not needed!
[INFO] | 2024-02-20 10:48:10 AM | analyzer.ReentrantNonVulnerableFixedAddress | Analysis finished!
[INFO] | 2024-02-20 10:48:10 AM | analyzer.ReentrantNonVulnerableFixedAddress | Analysis took 2.466511 seconds
[INFO] | 2024-02-20 10:48:10 AM | analyzer.ReentrantNonVulnerableFixedAddress | Analysis finished at: 2024-02-20 10:48:10 AM
[36m[#] Analysing started: ReentrantNonVulnerableFixedAddress.sol[0m
[36m[#] Interprocedural CFG generation started for registerIntermediary[0m
[36m[#] Interprocedural CFG generated for registerIntermediary[0m
[36m[#] Interprocedural CFG generation started for constructor[0m
[36m[#] Interprocedural CFG generated for constructor[0m
[36m[#] Interprocedural CFG generation started for getCounter[0m
[36m[#] Interprocedural CFG generated for getCounter[0m
[36m[#] Interprocedural CFG generation started for count[0m
[36m[#] Interprocedural CFG generated for count[0m
[36m[#] SDG generation started for registerIntermediary[0m
[36m[#] SDG generated for registerIntermediary[0m
[36m[#] SDG generation started for constructor[0m
[36m[#] SDG generated for constructor[0m
[36m[#] SDG generation started for getCounter[0m
[36m[#] SDG generated for getCounter[0m
[36m[#] SDG generation started for count[0m
[36m[#] SDG generated for count[0m
[36m[#] Analysis took 2.466511 seconds[0m
[36m[#] Analysis completed: ReentrantNonVulnerableFixedAddress.sol [0m
