[INFO] | 2024-02-20 11:02:38 AM | analyzer.ReentrantVulnerableEtherLossFixedAddress | Analysis started at: 2024-02-20 11:02:38 AM
[INFO] | 2024-02-20 11:02:38 AM | analyzer.ReentrantVulnerableEtherLossFixedAddress | Found version: 0.4.26
[INFO] | 2024-02-20 11:02:39 AM | analyzer.ReentrantVulnerableEtherLossFixedAddress | Callgraph generation started!
[INFO] | 2024-02-20 11:02:39 AM | analyzer.ReentrantVulnerableEtherLossFixedAddress | Callgraph generation finished!
[INFO] | 2024-02-20 11:02:39 AM | analyzer.ReentrantVulnerableEtherLossFixedAddress | Interprocedural CFG generation started!
[INFO] | 2024-02-20 11:02:39 AM | analyzer.ReentrantVulnerableEtherLossFixedAddress | Interprocedural CFG generation finished!
[INFO] | 2024-02-20 11:02:39 AM | analyzer.ReentrantVulnerableEtherLossFixedAddress | Storage dependency graph generation started!
[INFO] | 2024-02-20 11:02:39 AM | analyzer.ReentrantVulnerableEtherLossFixedAddress | Storage dependency graph generation finished!
[INFO] | 2024-02-20 11:02:39 AM | analyzer.ReentrantVulnerableEtherLossFixedAddress | Value Range Analysis started
[INFO] | 2024-02-20 11:02:39 AM | analyzer.ReentrantVulnerableEtherLossFixedAddress | Generating return summary for send
[INFO] | 2024-02-20 11:02:39 AM | analyzer.ReentrantVulnerableEtherLossFixedAddress | Return summary generated for send
[INFO] | 2024-02-20 11:02:39 AM | analyzer.ReentrantVulnerableEtherLossFixedAddress | State variable assignement do not exist
[INFO] | 2024-02-20 11:02:39 AM | analyzer.ReentrantVulnerableEtherLossFixedAddress | Processed function send
[INFO] | 2024-02-20 11:02:39 AM | analyzer.ReentrantVulnerableEtherLossFixedAddress | Generating return summary for Bank
[INFO] | 2024-02-20 11:02:39 AM | analyzer.ReentrantVulnerableEtherLossFixedAddress | Return summary generated for Bank
[INFO] | 2024-02-20 11:02:39 AM | analyzer.ReentrantVulnerableEtherLossFixedAddress | Range graph generated
[INFO] | 2024-02-20 11:02:39 AM | analyzer.ReentrantVulnerableEtherLossFixedAddress | Processed function Bank
[INFO] | 2024-02-20 11:02:39 AM | analyzer.ReentrantVulnerableEtherLossFixedAddress | Generating return summary for updateSafeSender
[INFO] | 2024-02-20 11:02:39 AM | analyzer.ReentrantVulnerableEtherLossFixedAddress | Return summary generated for updateSafeSender
[INFO] | 2024-02-20 11:02:39 AM | analyzer.ReentrantVulnerableEtherLossFixedAddress | Range graph generated
[INFO] | 2024-02-20 11:02:39 AM | analyzer.ReentrantVulnerableEtherLossFixedAddress | Processed function updateSafeSender
[INFO] | 2024-02-20 11:02:39 AM | analyzer.ReentrantVulnerableEtherLossFixedAddress | Generating return summary for getBalance
[INFO] | 2024-02-20 11:02:39 AM | analyzer.ReentrantVulnerableEtherLossFixedAddress | Return summary generated for getBalance
[INFO] | 2024-02-20 11:02:39 AM | analyzer.ReentrantVulnerableEtherLossFixedAddress | State variable assignement do not exist
[INFO] | 2024-02-20 11:02:39 AM | analyzer.ReentrantVulnerableEtherLossFixedAddress | Processed function getBalance
[INFO] | 2024-02-20 11:02:39 AM | analyzer.ReentrantVulnerableEtherLossFixedAddress | Generating return summary for donate
[INFO] | 2024-02-20 11:02:39 AM | analyzer.ReentrantVulnerableEtherLossFixedAddress | Return summary generated for donate
[INFO] | 2024-02-20 11:02:39 AM | analyzer.ReentrantVulnerableEtherLossFixedAddress | Range graph generated
[INFO] | 2024-02-20 11:02:39 AM | analyzer.ReentrantVulnerableEtherLossFixedAddress | Processed function donate
[INFO] | 2024-02-20 11:02:39 AM | analyzer.ReentrantVulnerableEtherLossFixedAddress | Generating return summary for _libsend
[INFO] | 2024-02-20 11:02:39 AM | analyzer.ReentrantVulnerableEtherLossFixedAddress | Return summary generated for _libsend
[INFO] | 2024-02-20 11:02:39 AM | analyzer.ReentrantVulnerableEtherLossFixedAddress | State variable assignement do not exist
[INFO] | 2024-02-20 11:02:39 AM | analyzer.ReentrantVulnerableEtherLossFixedAddress | Processed function _libsend
[INFO] | 2024-02-20 11:02:39 AM | analyzer.ReentrantVulnerableEtherLossFixedAddress | Generating return summary for slitherConstructorVariables
[INFO] | 2024-02-20 11:02:39 AM | analyzer.ReentrantVulnerableEtherLossFixedAddress | Return summary generated for slitherConstructorVariables
[INFO] | 2024-02-20 11:02:39 AM | analyzer.ReentrantVulnerableEtherLossFixedAddress | Range graph generated
[INFO] | 2024-02-20 11:02:39 AM | analyzer.ReentrantVulnerableEtherLossFixedAddress | Processed function slitherConstructorVariables
[INFO] | 2024-02-20 11:02:39 AM | analyzer.ReentrantVulnerableEtherLossFixedAddress | Generating return summary for withdraw
[INFO] | 2024-02-20 11:02:39 AM | analyzer.ReentrantVulnerableEtherLossFixedAddress | Return summary generated for withdraw
[INFO] | 2024-02-20 11:02:39 AM | analyzer.ReentrantVulnerableEtherLossFixedAddress | Range graph generated
[INFO] | 2024-02-20 11:02:39 AM | analyzer.ReentrantVulnerableEtherLossFixedAddress | Processed function withdraw
[INFO] | 2024-02-20 11:02:39 AM | analyzer.ReentrantVulnerableEtherLossFixedAddress | Value Range Analysis took 0.004856 seconds
[INFO] | 2024-02-20 11:02:39 AM | analyzer.ReentrantVulnerableEtherLossFixedAddress | Value Range Analysis finished
[INFO] | 2024-02-20 11:02:39 AM | analyzer.ReentrantVulnerableEtherLossFixedAddress | Storage dependency graph composition started!
[INFO] | 2024-02-20 11:02:39 AM | analyzer.ReentrantVulnerableEtherLossFixedAddress | Storage dependency graph composition finished!
[INFO] | 2024-02-20 11:02:39 AM | analyzer.ReentrantVulnerableEtherLossFixedAddress | Dependency detection started!
[INFO] | 2024-02-20 11:02:40 AM | analyzer.ReentrantVulnerableEtherLossFixedAddress | DAO dependency possibly detected in file ReentrantVulnerableEtherLossFixedAddress.sol in contract Bank in by composing functions withdraw and withdraw
[INFO] | 2024-02-20 11:02:40 AM | analyzer.ReentrantVulnerableEtherLossFixedAddress | Dependency detection finished!
[INFO] | 2024-02-20 11:02:40 AM | analyzer.ReentrantVulnerableEtherLossFixedAddress | Static Analysis took 1.814292 seconds
[INFO] | 2024-02-20 11:02:40 AM | analyzer.ReentrantVulnerableEtherLossFixedAddress | Dependency exists
[INFO] | 2024-02-20 11:02:40 AM | analyzer.ReentrantVulnerableEtherLossFixedAddress | Invoking symbolic executor!
[INFO] | 2024-02-20 11:02:40 AM | analyzer.ReentrantVulnerableEtherLossFixedAddress | Symbolic execution took 0.491086 seconds
[INFO] | 2024-02-20 11:02:40 AM | analyzer.ReentrantVulnerableEtherLossFixedAddress | Symbolic execution finished!
[INFO] | 2024-02-20 11:02:40 AM | analyzer.ReentrantVulnerableEtherLossFixedAddress | Analysis finished!
[INFO] | 2024-02-20 11:02:40 AM | analyzer.ReentrantVulnerableEtherLossFixedAddress | Analysis took 2.305810 seconds
[INFO] | 2024-02-20 11:02:40 AM | analyzer.ReentrantVulnerableEtherLossFixedAddress | Analysis finished at: 2024-02-20 11:02:40 AM
[36m[#] Analysing started: ReentrantVulnerableEtherLossFixedAddress.sol[0m
[36m[#] Interprocedural CFG generation started for send[0m
[36m[#] Interprocedural CFG generated for send[0m
[36m[#] Interprocedural CFG generation started for Bank[0m
[36m[#] Interprocedural CFG generated for Bank[0m
[36m[#] Interprocedural CFG generation started for updateSafeSender[0m
[36m[#] Interprocedural CFG generated for updateSafeSender[0m
[36m[#] Interprocedural CFG generation started for getBalance[0m
[36m[#] Interprocedural CFG generated for getBalance[0m
[36m[#] Interprocedural CFG generation started for donate[0m
[36m[#] Interprocedural CFG generated for donate[0m
[36m[#] Interprocedural CFG generation started for withdraw[0m
[36m[#] Interprocedural CFG generated for withdraw[0m
[36m[#] SDG generation started for send[0m
[36m[#] SDG generated for send[0m
[36m[#] SDG generation started for Bank[0m
[36m[#] SDG generated for Bank[0m
[36m[#] SDG generation started for updateSafeSender[0m
[36m[#] SDG generated for updateSafeSender[0m
[36m[#] SDG generation started for getBalance[0m
[36m[#] SDG generated for getBalance[0m
[36m[#] SDG generation started for donate[0m
[36m[#] SDG generated for donate[0m
[36m[#] SDG generation started for withdraw[0m
[36m[#] SDG generated for withdraw[0m
[36m[#] Analysis took 2.305810 seconds[0m
[36m[#] Analysis completed: ReentrantVulnerableEtherLossFixedAddress.sol [0m
