WARNING:root:You are using evm version 1.13.5. The supported version is 1.7.3
incomplete push instruction at 55
INFO:symExec:	============ Results ===========
Traceback (most recent call last):
  File "/oyente/oyente/oyente.py", line 225, in <module>
    main()
  File "/oyente/oyente/oyente.py", line 214, in main
    exit_code = analyze_bytecode()
  File "/oyente/oyente/oyente.py", line 66, in analyze_bytecode
    result, exit_code = symExec.run(disasm_file=inp['disasm_file'])
  File "/oyente/oyente/symExec.py", line 2464, in run
    analyze()
  File "/oyente/oyente/symExec.py", line 2447, in analyze
    run_build_cfg_and_analyze(timeout_cb=timeout_cb)
  File "/oyente/oyente/symExec.py", line 2404, in run_build_cfg_and_analyze
    build_cfg_and_analyze()
  File "/oyente/oyente/symExec.py", line 192, in build_cfg_and_analyze
    full_sym_exec()  # jump targets are constructed on the fly
  File "/oyente/oyente/symExec.py", line 484, in full_sym_exec
    return sym_exec_block(params, 0, 0, 0, -1, 'fallback')
  File "/oyente/oyente/symExec.py", line 549, in sym_exec_block
    sym_exec_ins(params, block, instr, func_call, current_func_name)
  File "/oyente/oyente/symExec.py", line 1851, in sym_exec_ins
    stack.pop(0)
IndexError: pop from empty list
